[0.036s] Invoking command in '/home/rusty/GITrepo/visualizer/build/visualizer': CMAKE_PREFIX_PATH=${CMAKE_PREFIX_PATH}:/home/rusty/turtlbot3_ws/install/turtlebot3_teleop:/home/rusty/turtlbot3_ws/install/turtlebot3_example:/opt/ros/foxy /usr/bin/cmake --build /home/rusty/GITrepo/visualizer/build/visualizer -- -j8 -l8
[0.118s] [35m[1mScanning dependencies of target sub[0m
[0.153s] [ 33%] Built target talker
[0.159s] [ 66%] Built target visualizer
[0.171s] [ 83%] [32mBuilding CXX object CMakeFiles/sub.dir/src/subscriber.cpp.o[0m
[8.105s] [100%] [32m[1mLinking CXX executable sub[0m
[8.502s] [100%] Built target sub
[8.520s] Invoked command in '/home/rusty/GITrepo/visualizer/build/visualizer' returned '0': CMAKE_PREFIX_PATH=${CMAKE_PREFIX_PATH}:/home/rusty/turtlbot3_ws/install/turtlebot3_teleop:/home/rusty/turtlbot3_ws/install/turtlebot3_example:/opt/ros/foxy /usr/bin/cmake --build /home/rusty/GITrepo/visualizer/build/visualizer -- -j8 -l8
[8.587s] Invoking command in '/home/rusty/GITrepo/visualizer/build/visualizer': CMAKE_PREFIX_PATH=${CMAKE_PREFIX_PATH}:/home/rusty/turtlbot3_ws/install/turtlebot3_teleop:/home/rusty/turtlbot3_ws/install/turtlebot3_example:/opt/ros/foxy /usr/bin/cmake --install /home/rusty/GITrepo/visualizer/build/visualizer
[8.600s] -- Install configuration: ""
[8.600s] -- Up-to-date: /home/rusty/GITrepo/visualizer/install/visualizer/lib/visualizer/talker
[8.601s] -- Installing: /home/rusty/GITrepo/visualizer/install/visualizer/lib/visualizer/visualizer
[8.607s] -- Set runtime path of "/home/rusty/GITrepo/visualizer/install/visualizer/lib/visualizer/visualizer" to ""
[8.607s] -- Installing: /home/rusty/GITrepo/visualizer/install/visualizer/lib/visualizer/sub
[8.612s] -- Set runtime path of "/home/rusty/GITrepo/visualizer/install/visualizer/lib/visualizer/sub" to ""
[8.613s] -- Up-to-date: /home/rusty/GITrepo/visualizer/install/visualizer/share/ament_index/resource_index/package_run_dependencies/visualizer
[8.613s] -- Installing: /home/rusty/GITrepo/visualizer/install/visualizer/share/ament_index/resource_index/parent_prefix_path/visualizer
[8.613s] -- Up-to-date: /home/rusty/GITrepo/visualizer/install/visualizer/share/visualizer/environment/ament_prefix_path.sh
[8.613s] -- Installing: /home/rusty/GITrepo/visualizer/install/visualizer/share/visualizer/environment/ament_prefix_path.dsv
[8.614s] -- Up-to-date: /home/rusty/GITrepo/visualizer/install/visualizer/share/visualizer/environment/path.sh
[8.614s] -- Installing: /home/rusty/GITrepo/visualizer/install/visualizer/share/visualizer/environment/path.dsv
[8.614s] -- Up-to-date: /home/rusty/GITrepo/visualizer/install/visualizer/share/visualizer/local_setup.bash
[8.614s] -- Up-to-date: /home/rusty/GITrepo/visualizer/install/visualizer/share/visualizer/local_setup.sh
[8.615s] -- Up-to-date: /home/rusty/GITrepo/visualizer/install/visualizer/share/visualizer/local_setup.zsh
[8.615s] -- Installing: /home/rusty/GITrepo/visualizer/install/visualizer/share/visualizer/local_setup.dsv
[8.615s] -- Installing: /home/rusty/GITrepo/visualizer/install/visualizer/share/visualizer/package.dsv
[8.615s] -- Up-to-date: /home/rusty/GITrepo/visualizer/install/visualizer/share/ament_index/resource_index/packages/visualizer
[8.615s] -- Up-to-date: /home/rusty/GITrepo/visualizer/install/visualizer/share/visualizer/cmake/visualizerConfig.cmake
[8.616s] -- Up-to-date: /home/rusty/GITrepo/visualizer/install/visualizer/share/visualizer/cmake/visualizerConfig-version.cmake
[8.616s] -- Up-to-date: /home/rusty/GITrepo/visualizer/install/visualizer/share/visualizer/package.xml
[8.620s] Invoked command in '/home/rusty/GITrepo/visualizer/build/visualizer' returned '0': CMAKE_PREFIX_PATH=${CMAKE_PREFIX_PATH}:/home/rusty/turtlbot3_ws/install/turtlebot3_teleop:/home/rusty/turtlbot3_ws/install/turtlebot3_example:/opt/ros/foxy /usr/bin/cmake --install /home/rusty/GITrepo/visualizer/build/visualizer
