[0.031s] Invoking command in '/home/rusty/GITrepo/visualizer/build/visualizer': CMAKE_PREFIX_PATH=${CMAKE_PREFIX_PATH}:/home/rusty/turtlbot3_ws/install/turtlebot3_teleop:/home/rusty/turtlbot3_ws/install/turtlebot3_example:/opt/ros/foxy /usr/bin/cmake --build /home/rusty/GITrepo/visualizer/build/visualizer -- -j8 -l8
[0.104s] [35m[1mScanning dependencies of target visualizer[0m
[0.145s] [ 50%] Built target talker
[0.168s] [ 75%] [32mBuilding CXX object CMakeFiles/visualizer.dir/src/visualizer.cpp.o[0m
[4.768s] [01m[K/home/rusty/GITrepo/visualizer/src/visualizer.cpp:[m[K In constructor ‘[01m[KMinimalSubscriber::MinimalSubscriber()[m[K’:
[4.768s] [01m[K/home/rusty/GITrepo/visualizer/src/visualizer.cpp:26:23:[m[K [01;31m[Kerror: [m[K‘[01m[Kf[m[K’ was not declared in this scope
[4.768s]    26 |     if (!numFrames || [01;31m[Kf[m[K.size() == 0) {
[4.769s]       |                       [01;31m[K^[m[K
[4.771s] In file included from [01m[K/opt/ros/foxy/include/rclcpp/client.hpp:40[m[K,
[4.771s]                  from [01m[K/opt/ros/foxy/include/rclcpp/callback_group.hpp:23[m[K,
[4.771s]                  from [01m[K/opt/ros/foxy/include/rclcpp/any_executable.hpp:20[m[K,
[4.771s]                  from [01m[K/opt/ros/foxy/include/rclcpp/memory_strategy.hpp:24[m[K,
[4.772s]                  from [01m[K/opt/ros/foxy/include/rclcpp/memory_strategies.hpp:18[m[K,
[4.772s]                  from [01m[K/opt/ros/foxy/include/rclcpp/executor_options.hpp:20[m[K,
[4.772s]                  from [01m[K/opt/ros/foxy/include/rclcpp/executor.hpp:33[m[K,
[4.772s]                  from [01m[K/opt/ros/foxy/include/rclcpp/executors/multi_threaded_executor.hpp:25[m[K,
[4.772s]                  from [01m[K/opt/ros/foxy/include/rclcpp/executors.hpp:21[m[K,
[4.772s]                  from [01m[K/opt/ros/foxy/include/rclcpp/rclcpp.hpp:146[m[K,
[4.773s]                  from [01m[K/home/rusty/GITrepo/visualizer/src/visualizer.cpp:5[m[K:
[4.773s] [01m[K/home/rusty/GITrepo/visualizer/src/visualizer.cpp:32:54:[m[K [01;31m[Kerror: [m[K‘[01m[Kf[m[K’ was not declared in this scope
[4.773s]    32 |    RCLCPP_INFO(this->get_logger(), "frame paths %f", [01;31m[Kf[m[K.size());
[4.773s]       |                                                      [01;31m[K^[m[K
[4.773s] [01m[K/home/rusty/GITrepo/visualizer/src/visualizer.cpp:39:7:[m[K [01;35m[Kwarning: [m[Kunused variable ‘[01m[KnumCallbackCalled[m[K’ [[01;35m[K-Wunused-variable[m[K]
[4.773s]    39 |   int [01;35m[KnumCallbackCalled[m[K = 0;
[4.774s]       |       [01;35m[K^~~~~~~~~~~~~~~~~[m[K
[4.781s] [01m[K/home/rusty/GITrepo/visualizer/src/visualizer.cpp:[m[K In member function ‘[01m[Kvoid MinimalSubscriber::topic_callback(geometry_msgs::msg::Pose_<std::allocator<void> >::SharedPtr)[m[K’:
[4.781s] [01m[K/home/rusty/GITrepo/visualizer/src/visualizer.cpp:74:12:[m[K [01;35m[Kwarning: [m[Kunused variable ‘[01m[Kscale[m[K’ [[01;35m[K-Wunused-variable[m[K]
[4.781s]    74 |     double [01;35m[Kscale[m[K = 1; //getAbsoluteScale(numCallbackCalled, 0, t.at<double>(2));
[4.781s]       |            [01;35m[K^~~~~[m[K
[4.782s] [01m[K/home/rusty/GITrepo/visualizer/src/visualizer.cpp:78:11:[m[K [01;35m[Kwarning: [m[Kunused variable ‘[01m[Ky[m[K’ [[01;35m[K-Wunused-variable[m[K]
[4.782s]    78 |     float [01;35m[Ky[m[K = msg->position.y;
[4.782s]       |           [01;35m[K^[m[K
[8.439s] make[2]: *** [CMakeFiles/visualizer.dir/build.make:63: CMakeFiles/visualizer.dir/src/visualizer.cpp.o] Error 1
[8.439s] make[1]: *** [CMakeFiles/Makefile2:80: CMakeFiles/visualizer.dir/all] Error 2
[8.439s] make: *** [Makefile:141: all] Error 2
[8.443s] Invoked command in '/home/rusty/GITrepo/visualizer/build/visualizer' returned '2': CMAKE_PREFIX_PATH=${CMAKE_PREFIX_PATH}:/home/rusty/turtlbot3_ws/install/turtlebot3_teleop:/home/rusty/turtlbot3_ws/install/turtlebot3_example:/opt/ros/foxy /usr/bin/cmake --build /home/rusty/GITrepo/visualizer/build/visualizer -- -j8 -l8
