[0.030s] Invoking command in '/home/rusty/GITrepo/visualizer/build/visualizer': CMAKE_PREFIX_PATH=${CMAKE_PREFIX_PATH}:/home/rusty/turtlbot3_ws/install/turtlebot3_teleop:/home/rusty/turtlbot3_ws/install/turtlebot3_example:/opt/ros/foxy /usr/bin/cmake --build /home/rusty/GITrepo/visualizer/build/visualizer -- -j8 -l8
[0.113s] [35m[1mScanning dependencies of target visualizer[0m
[0.144s] [ 50%] Built target talker
[0.182s] [ 75%] [32mBuilding CXX object CMakeFiles/visualizer.dir/src/visualizer.cpp.o[0m
[4.803s] [01m[K/home/rusty/GITrepo/visualizer/src/visualizer.cpp:[m[K In lambda function:
[4.804s] [01m[K/home/rusty/GITrepo/visualizer/src/visualizer.cpp:23:21:[m[K [01;31m[Kerror: [m[Kexpected ‘[01m[K{[m[K’ before ‘[01m[K;[m[K’ token
[4.804s]    23 |     frame_paths = [][01;31m[K;[m[K
[4.804s]       |                     [01;31m[K^[m[K
[4.804s] [01m[K/home/rusty/GITrepo/visualizer/src/visualizer.cpp:[m[K In constructor ‘[01m[KMinimalSubscriber::MinimalSubscriber()[m[K’:
[4.804s] [01m[K/home/rusty/GITrepo/visualizer/src/visualizer.cpp:23:21:[m[K [01;31m[Kerror: [m[Kno match for ‘[01m[Koperator=[m[K’ (operand types are ‘[01m[Kstd::vector<std::__cxx11::basic_string<char> >[m[K’ and ‘[01m[KMinimalSubscriber::MinimalSubscriber()::<lambda()>[m[K’)
[4.804s] In file included from [01m[K/usr/include/c++/9/vector:72[m[K,
[4.805s]                  from [01m[K/usr/include/opencv4/opencv2/core/types.hpp:53[m[K,
[4.805s]                  from [01m[K/usr/include/opencv4/opencv2/core.hpp:58[m[K,
[4.805s]                  from [01m[K/usr/include/opencv4/opencv2/opencv.hpp:52[m[K,
[4.805s]                  from [01m[K/home/rusty/GITrepo/visualizer/src/visualizer.cpp:4[m[K:
[4.805s] [01m[K/usr/include/c++/9/bits/vector.tcc:198:5:[m[K [01;36m[Knote: [m[Kcandidate: ‘[01m[Kstd::vector<_Tp, _Alloc>& std::vector<_Tp, _Alloc>::operator=(const std::vector<_Tp, _Alloc>&) [with _Tp = std::__cxx11::basic_string<char>; _Alloc = std::allocator<std::__cxx11::basic_string<char> >][m[K’
[4.805s]   198 |     [01;36m[Kvector<_Tp, _Alloc>[m[K::
[4.806s]       |     [01;36m[K^~~~~~~~~~~~~~~~~~~[m[K
[4.806s] [01m[K/usr/include/c++/9/bits/vector.tcc:199:42:[m[K [01;36m[Knote: [m[K  no known conversion for argument 1 from ‘[01m[KMinimalSubscriber::MinimalSubscriber()::<lambda()>[m[K’ to ‘[01m[Kconst std::vector<std::__cxx11::basic_string<char> >&[m[K’
[4.806s]   199 |     operator=([01;36m[Kconst vector<_Tp, _Alloc>& __x[m[K)
[4.806s]       |               [01;36m[K~~~~~~~~~~~~~~~~~~~~~~~~~~~^~~[m[K
[4.806s] In file included from [01m[K/usr/include/c++/9/vector:67[m[K,
[4.806s]                  from [01m[K/usr/include/opencv4/opencv2/core/types.hpp:53[m[K,
[4.807s]                  from [01m[K/usr/include/opencv4/opencv2/core.hpp:58[m[K,
[4.807s]                  from [01m[K/usr/include/opencv4/opencv2/opencv.hpp:52[m[K,
[4.807s]                  from [01m[K/home/rusty/GITrepo/visualizer/src/visualizer.cpp:4[m[K:
[4.807s] [01m[K/usr/include/c++/9/bits/stl_vector.h:706:7:[m[K [01;36m[Knote: [m[Kcandidate: ‘[01m[Kstd::vector<_Tp, _Alloc>& std::vector<_Tp, _Alloc>::operator=(std::vector<_Tp, _Alloc>&&) [with _Tp = std::__cxx11::basic_string<char>; _Alloc = std::allocator<std::__cxx11::basic_string<char> >][m[K’
[4.807s]   706 |       [01;36m[Koperator[m[K=(vector&& __x) noexcept(_Alloc_traits::_S_nothrow_move())
[4.807s]       |       [01;36m[K^~~~~~~~[m[K
[4.807s] [01m[K/usr/include/c++/9/bits/stl_vector.h:706:26:[m[K [01;36m[Knote: [m[K  no known conversion for argument 1 from ‘[01m[KMinimalSubscriber::MinimalSubscriber()::<lambda()>[m[K’ to ‘[01m[Kstd::vector<std::__cxx11::basic_string<char> >&&[m[K’
[4.808s]   706 |       operator=([01;36m[Kvector&& __x[m[K) noexcept(_Alloc_traits::_S_nothrow_move())
[4.808s]       |                 [01;36m[K~~~~~~~~~^~~[m[K
[4.808s] [01m[K/usr/include/c++/9/bits/stl_vector.h:727:7:[m[K [01;36m[Knote: [m[Kcandidate: ‘[01m[Kstd::vector<_Tp, _Alloc>& std::vector<_Tp, _Alloc>::operator=(std::initializer_list<_Tp>) [with _Tp = std::__cxx11::basic_string<char>; _Alloc = std::allocator<std::__cxx11::basic_string<char> >][m[K’
[4.808s]   727 |       [01;36m[Koperator[m[K=(initializer_list<value_type> __l)
[4.808s]       |       [01;36m[K^~~~~~~~[m[K
[4.808s] [01m[K/usr/include/c++/9/bits/stl_vector.h:727:46:[m[K [01;36m[Knote: [m[K  no known conversion for argument 1 from ‘[01m[KMinimalSubscriber::MinimalSubscriber()::<lambda()>[m[K’ to ‘[01m[Kstd::initializer_list<std::__cxx11::basic_string<char> >[m[K’
[4.809s]   727 |       operator=([01;36m[Kinitializer_list<value_type> __l[m[K)
[4.809s]       |                 [01;36m[K~~~~~~~~~~~~~~~~~~~~~~~~~~~~~^~~[m[K
[4.809s] [01m[K/home/rusty/GITrepo/visualizer/src/visualizer.cpp:36:7:[m[K [01;35m[Kwarning: [m[Kunused variable ‘[01m[KnumCallbackCalled[m[K’ [[01;35m[K-Wunused-variable[m[K]
[4.809s]    36 |   int [01;35m[KnumCallbackCalled[m[K = 0;
[4.809s]       |       [01;35m[K^~~~~~~~~~~~~~~~~[m[K
[4.812s] [01m[K/home/rusty/GITrepo/visualizer/src/visualizer.cpp:[m[K In member function ‘[01m[Kvoid MinimalSubscriber::topic_callback(geometry_msgs::msg::Pose_<std::allocator<void> >::SharedPtr)[m[K’:
[4.812s] [01m[K/home/rusty/GITrepo/visualizer/src/visualizer.cpp:71:12:[m[K [01;35m[Kwarning: [m[Kunused variable ‘[01m[Kscale[m[K’ [[01;35m[K-Wunused-variable[m[K]
[4.812s]    71 |     double [01;35m[Kscale[m[K = 1; //getAbsoluteScale(numCallbackCalled, 0, t.at<double>(2));
[4.813s]       |            [01;35m[K^~~~~[m[K
[4.813s] [01m[K/home/rusty/GITrepo/visualizer/src/visualizer.cpp:75:11:[m[K [01;35m[Kwarning: [m[Kunused variable ‘[01m[Ky[m[K’ [[01;35m[K-Wunused-variable[m[K]
[4.813s]    75 |     float [01;35m[Ky[m[K = msg->position.y;
[4.813s]       |           [01;35m[K^[m[K
[8.454s] make[2]: *** [CMakeFiles/visualizer.dir/build.make:63: CMakeFiles/visualizer.dir/src/visualizer.cpp.o] Error 1
[8.454s] make[1]: *** [CMakeFiles/Makefile2:80: CMakeFiles/visualizer.dir/all] Error 2
[8.454s] make: *** [Makefile:141: all] Error 2
[8.458s] Invoked command in '/home/rusty/GITrepo/visualizer/build/visualizer' returned '2': CMAKE_PREFIX_PATH=${CMAKE_PREFIX_PATH}:/home/rusty/turtlbot3_ws/install/turtlebot3_teleop:/home/rusty/turtlbot3_ws/install/turtlebot3_example:/opt/ros/foxy /usr/bin/cmake --build /home/rusty/GITrepo/visualizer/build/visualizer -- -j8 -l8
