[0.026s] Invoking command in '/home/rusty/GITrepo/visualizer/build/visualizer': CMAKE_PREFIX_PATH=${CMAKE_PREFIX_PATH}:/home/rusty/turtlbot3_ws/install/turtlebot3_teleop:/home/rusty/turtlbot3_ws/install/turtlebot3_example:/opt/ros/foxy /usr/bin/cmake --build /home/rusty/GITrepo/visualizer/build/visualizer -- -j8 -l8
[0.075s] -- Found ament_cmake: 0.9.7 (/opt/ros/foxy/share/ament_cmake/cmake)
[0.117s] -- Using PYTHON_EXECUTABLE: /usr/bin/python3
[0.441s] -- Found rclcpp: 2.2.0 (/opt/ros/foxy/share/rclcpp/cmake)
[0.481s] -- Using all available rosidl_typesupport_c: rosidl_typesupport_fastrtps_c;rosidl_typesupport_introspection_c
[0.488s] -- Found rosidl_adapter: 1.1.0 (/opt/ros/foxy/share/rosidl_adapter/cmake)
[0.668s] -- Using all available rosidl_typesupport_cpp: rosidl_typesupport_fastrtps_cpp;rosidl_typesupport_introspection_cpp
[0.755s] -- Found rmw_implementation_cmake: 1.0.2 (/opt/ros/foxy/share/rmw_implementation_cmake/cmake)
[0.759s] -- Using RMW implementation 'rmw_fastrtps_cpp' as default
[1.038s] -- Found OpenCV: /usr (found version "4.2.0") 
[1.043s] -- Found ament_lint_auto: 0.9.5 (/opt/ros/foxy/share/ament_lint_auto/cmake)
[1.145s] -- Added test 'copyright' to check source files copyright and LICENSE
[1.164s] -- Added test 'cppcheck' to perform static code analysis on C / C++ code
[1.164s] -- Configured cppcheck include dirs: $<BUILD_INTERFACE:/home/rusty/GITrepo/visualizer/include>
[1.165s] -- Configured cppcheck exclude dirs and/or files: 
[1.183s] -- Added test 'cpplint' to check C / C++ code against the Google style
[1.183s] -- Configured cpplint exclude dirs and/or files: 
[1.185s] -- Added test 'flake8' to check Python code syntax and style conventions
[1.191s] -- Added test 'lint_cmake' to check CMake code style
[1.194s] -- Added test 'pep257' to check Python code against some of the style conventions in PEP 257
[1.213s] -- Added test 'uncrustify' to check C / C++ code style
[1.213s] -- Configured uncrustify additional arguments: 
[1.216s] -- Added test 'xmllint' to check XML markup files
[1.220s] -- Configuring done
[1.222s] CMake Error at CMakeLists.txt:36 (add_executable):
[1.222s]   Cannot find source file:
[1.222s] 
[1.222s]     src/subscriber_member_function.cpp
[1.223s] 
[1.223s]   Tried extensions .c .C .c++ .cc .cpp .cxx .cu .m .M .mm .h .hh .h++ .hm
[1.223s]   .hpp .hxx .in .txx
[1.223s] 
[1.223s] 
[1.225s] CMake Error at CMakeLists.txt:36 (add_executable):
[1.225s]   No SOURCES given to target: listener
[1.225s] 
[1.225s] 
[1.225s] CMake Generate step failed.  Build files cannot be regenerated correctly.
[1.234s] make: *** [Makefile:354: cmake_check_build_system] Error 1
[1.238s] Invoked command in '/home/rusty/GITrepo/visualizer/build/visualizer' returned '2': CMAKE_PREFIX_PATH=${CMAKE_PREFIX_PATH}:/home/rusty/turtlbot3_ws/install/turtlebot3_teleop:/home/rusty/turtlbot3_ws/install/turtlebot3_example:/opt/ros/foxy /usr/bin/cmake --build /home/rusty/GITrepo/visualizer/build/visualizer -- -j8 -l8
