[0.034s] Invoking command in '/home/rusty/GITrepo/visualizer/build/visualizer': CMAKE_PREFIX_PATH=${CMAKE_PREFIX_PATH}:/home/rusty/turtlbot3_ws/install/turtlebot3_teleop:/home/rusty/turtlbot3_ws/install/turtlebot3_example:/opt/ros/foxy /usr/bin/cmake --build /home/rusty/GITrepo/visualizer/build/visualizer -- -j8 -l8
[0.114s] [35m[1mScanning dependencies of target sub[0m
[0.149s] [ 33%] Built target talker
[0.155s] [ 66%] Built target visualizer
[0.169s] [ 83%] [32mBuilding CXX object CMakeFiles/sub.dir/src/subscriber.cpp.o[0m
[2.605s] [01m[K/home/rusty/GITrepo/visualizer/src/subscriber.cpp:24:15:[m[K [01;31m[Kerror: [m[K‘[01m[Kcv[m[K’ was not declared in this scope; did you mean ‘[01m[Kgcvt[m[K’?
[2.605s]    24 |   std::vector<[01;31m[Kcv[m[K::String> frame_paths;
[2.605s]       |               [01;31m[K^~[m[K
[2.605s]       |               [32m[Kgcvt[m[K
[2.606s] [01m[K/home/rusty/GITrepo/visualizer/src/subscriber.cpp:24:25:[m[K [01;31m[Kerror: [m[Ktemplate argument 1 is invalid
[2.606s]    24 |   std::vector<cv::String[01;31m[K>[m[K frame_paths;
[2.606s]       |                         [01;31m[K^[m[K
[2.606s] [01m[K/home/rusty/GITrepo/visualizer/src/subscriber.cpp:24:25:[m[K [01;31m[Kerror: [m[Ktemplate argument 2 is invalid
[2.606s] [01m[K/home/rusty/GITrepo/visualizer/src/subscriber.cpp:28:3:[m[K [01;31m[Kerror: [m[K‘[01m[Kcv[m[K’ does not name a type; did you mean ‘[01m[Kgcvt[m[K’?
[2.607s]    28 |   [01;31m[Kcv[m[K::Mat traj_t;
[2.607s]       |   [01;31m[K^~[m[K
[2.607s]       |   [32m[Kgcvt[m[K
[2.607s] [01m[K/home/rusty/GITrepo/visualizer/src/subscriber.cpp:29:3:[m[K [01;31m[Kerror: [m[K‘[01m[Kcv[m[K’ does not name a type; did you mean ‘[01m[Kgcvt[m[K’?
[2.607s]    29 |   [01;31m[Kcv[m[K::Mat traj_R;
[2.608s]       |   [01;31m[K^~[m[K
[2.608s]       |   [32m[Kgcvt[m[K
[2.608s] [01m[K/home/rusty/GITrepo/visualizer/src/subscriber.cpp:30:3:[m[K [01;31m[Kerror: [m[K‘[01m[Kcv[m[K’ does not name a type; did you mean ‘[01m[Kgcvt[m[K’?
[2.608s]    30 |   [01;31m[Kcv[m[K::Mat traj;
[2.608s]       |   [01;31m[K^~[m[K
[2.608s]       |   [32m[Kgcvt[m[K
[2.609s] [01m[K/home/rusty/GITrepo/visualizer/src/subscriber.cpp:34:3:[m[K [01;31m[Kerror: [m[K‘[01m[Kcv[m[K’ does not name a type; did you mean ‘[01m[Kgcvt[m[K’?
[2.609s]    34 |   [01;31m[Kcv[m[K::Mat curr_frame;
[2.609s]       |   [01;31m[K^~[m[K
[2.609s]       |   [32m[Kgcvt[m[K
[2.610s] [01m[K/home/rusty/GITrepo/visualizer/src/subscriber.cpp:35:3:[m[K [01;31m[Kerror: [m[K‘[01m[Kcv[m[K’ does not name a type; did you mean ‘[01m[Kgcvt[m[K’?
[2.610s]    35 |   [01;31m[Kcv[m[K::Mat last_frame;
[2.610s]       |   [01;31m[K^~[m[K
[2.610s]       |   [32m[Kgcvt[m[K
[2.610s] [01m[K/home/rusty/GITrepo/visualizer/src/subscriber.cpp:36:15:[m[K [01;31m[Kerror: [m[K‘[01m[Kcv[m[K’ was not declared in this scope; did you mean ‘[01m[Kgcvt[m[K’?
[2.610s]    36 |   std::vector<[01;31m[Kcv[m[K::Mat> groundTruth;
[2.611s]       |               [01;31m[K^~[m[K
[2.611s]       |               [32m[Kgcvt[m[K
[2.611s] [01m[K/home/rusty/GITrepo/visualizer/src/subscriber.cpp:36:22:[m[K [01;31m[Kerror: [m[Ktemplate argument 1 is invalid
[2.611s]    36 |   std::vector<cv::Mat[01;31m[K>[m[K groundTruth;
[2.611s]       |                      [01;31m[K^[m[K
[2.611s] [01m[K/home/rusty/GITrepo/visualizer/src/subscriber.cpp:36:22:[m[K [01;31m[Kerror: [m[Ktemplate argument 2 is invalid
[5.191s] make[2]: *** [CMakeFiles/sub.dir/build.make:63: CMakeFiles/sub.dir/src/subscriber.cpp.o] Error 1
[5.191s] make[1]: *** [CMakeFiles/Makefile2:109: CMakeFiles/sub.dir/all] Error 2
[5.192s] make: *** [Makefile:141: all] Error 2
[5.195s] Invoked command in '/home/rusty/GITrepo/visualizer/build/visualizer' returned '2': CMAKE_PREFIX_PATH=${CMAKE_PREFIX_PATH}:/home/rusty/turtlbot3_ws/install/turtlebot3_teleop:/home/rusty/turtlbot3_ws/install/turtlebot3_example:/opt/ros/foxy /usr/bin/cmake --build /home/rusty/GITrepo/visualizer/build/visualizer -- -j8 -l8
