[0.029s] Invoking command in '/home/rusty/GITrepo/visualizer/build/visualizer': CMAKE_PREFIX_PATH=${CMAKE_PREFIX_PATH}:/home/rusty/turtlbot3_ws/install/turtlebot3_teleop:/home/rusty/turtlbot3_ws/install/turtlebot3_example:/opt/ros/foxy /usr/bin/cmake --build /home/rusty/GITrepo/visualizer/build/visualizer -- -j8 -l8
[0.112s] [35m[1mScanning dependencies of target visualizer[0m
[0.154s] [ 50%] Built target talker
[0.181s] [ 75%] [32mBuilding CXX object CMakeFiles/visualizer.dir/src/visualizer.cpp.o[0m
[4.735s] [01m[K/home/rusty/GITrepo/visualizer/src/visualizer.cpp:[m[K In constructor ‘[01m[KMinimalSubscriber::MinimalSubscriber()[m[K’:
[4.736s] [01m[K/home/rusty/GITrepo/visualizer/src/visualizer.cpp:33:6:[m[K [01;35m[Kwarning: [m[Kunused variable ‘[01m[KnumCallbackCalled[m[K’ [[01;35m[K-Wunused-variable[m[K]
[4.736s]    33 |  int [01;35m[KnumCallbackCalled[m[K = 0;
[4.736s]       |      [01;35m[K^~~~~~~~~~~~~~~~~[m[K
[4.744s] [01m[K/home/rusty/GITrepo/visualizer/src/visualizer.cpp:[m[K In member function ‘[01m[Kvoid MinimalSubscriber::topic_callback(std_msgs::msg::String_<std::allocator<void> >::SharedPtr)[m[K’:
[4.744s] [01m[K/home/rusty/GITrepo/visualizer/src/visualizer.cpp:69:37:[m[K [01;31m[Kerror: [m[K‘[01m[Kt[m[K’ was not declared in this scope; did you mean ‘[01m[Ktm[m[K’?
[4.744s]    69 |     traj_t = traj_t + scale*(traj_R*[01;31m[Kt[m[K);
[4.744s]       |                                     [01;31m[K^[m[K
[4.744s]       |                                     [32m[Ktm[m[K
[4.745s] [01m[K/home/rusty/GITrepo/visualizer/src/visualizer.cpp:55:62:[m[K [01;35m[Kwarning: [m[Kunused parameter ‘[01m[Kmsg[m[K’ [[01;35m[K-Wunused-parameter[m[K]
[4.746s]    55 |   void topic_callback([01;35m[Kconst std_msgs::msg::String::SharedPtr msg[m[K)
[4.746s]       |                       [01;35m[K~~~~~~~~~~~~~~~~~~~~~~~~~~~~~~~~~~~~~~~^~~[m[K
[8.331s] make[2]: *** [CMakeFiles/visualizer.dir/build.make:63: CMakeFiles/visualizer.dir/src/visualizer.cpp.o] Error 1
[8.331s] make[1]: *** [CMakeFiles/Makefile2:80: CMakeFiles/visualizer.dir/all] Error 2
[8.332s] make: *** [Makefile:141: all] Error 2
[8.335s] Invoked command in '/home/rusty/GITrepo/visualizer/build/visualizer' returned '2': CMAKE_PREFIX_PATH=${CMAKE_PREFIX_PATH}:/home/rusty/turtlbot3_ws/install/turtlebot3_teleop:/home/rusty/turtlbot3_ws/install/turtlebot3_example:/opt/ros/foxy /usr/bin/cmake --build /home/rusty/GITrepo/visualizer/build/visualizer -- -j8 -l8
