[0.255s] DEBUG:colcon:Command line arguments: ['/usr/bin/colcon', 'build']
[0.255s] DEBUG:colcon:Parsed command line arguments: Namespace(ament_cmake_args=None, base_paths=['.'], build_base='build', catkin_cmake_args=None, catkin_skip_building_tests=False, cmake_args=None, cmake_clean_cache=False, cmake_clean_first=False, cmake_force_configure=False, cmake_target=None, cmake_target_skip_unavailable=False, continue_on_error=False, event_handlers=None, executor='parallel', ignore_user_meta=False, install_base='install', log_base=None, log_level=None, main=<bound method BuildVerb.main of <colcon_core.verb.build.BuildVerb object at 0x7f630cfda1c0>>, merge_install=False, metas=['./colcon.meta'], packages_above=None, packages_above_and_dependencies=None, packages_above_depth=None, packages_end=None, packages_ignore=None, packages_ignore_regex=None, packages_select=None, packages_select_build_failed=False, packages_select_by_dep=None, packages_select_regex=None, packages_select_test_failures=False, packages_skip=None, packages_skip_build_finished=False, packages_skip_by_dep=None, packages_skip_regex=None, packages_skip_test_passed=False, packages_skip_up_to=None, packages_start=None, packages_up_to=None, packages_up_to_regex=None, parallel_workers=8, paths=None, symlink_install=False, test_result_base=None, verb_extension=<colcon_core.verb.build.BuildVerb object at 0x7f630cfda1c0>, verb_name='build', verb_parser=<colcon_defaults.argument_parser.defaults.DefaultArgumentsDecorator object at 0x7f630cfda700>)
[0.263s] Level 1:colcon.colcon_core.package_discovery:discover_packages(colcon_meta) check parameters
[0.263s] Level 1:colcon.colcon_core.package_discovery:discover_packages(recursive) check parameters
[0.263s] Level 1:colcon.colcon_core.package_discovery:discover_packages(ignore) check parameters
[0.263s] Level 1:colcon.colcon_core.package_discovery:discover_packages(path) check parameters
[0.263s] Level 1:colcon.colcon_core.package_discovery:discover_packages(colcon_meta) discover
[0.263s] Level 1:colcon.colcon_core.package_discovery:discover_packages(recursive) discover
[0.263s] INFO:colcon.colcon_core.package_discovery:Crawling recursively for packages in '/home/rusty/GITrepo/visualizer'
[0.264s] Level 1:colcon.colcon_core.package_identification:_identify(.) by extensions ['ignore', 'ignore_ament_install']
[0.264s] Level 1:colcon.colcon_core.package_identification:_identify(.) by extension 'ignore'
[0.264s] Level 1:colcon.colcon_core.package_identification:_identify(.) by extension 'ignore_ament_install'
[0.264s] Level 1:colcon.colcon_core.package_identification:_identify(.) by extensions ['colcon_pkg']
[0.264s] Level 1:colcon.colcon_core.package_identification:_identify(.) by extension 'colcon_pkg'
[0.264s] Level 1:colcon.colcon_core.package_identification:_identify(.) by extensions ['colcon_meta']
[0.264s] Level 1:colcon.colcon_core.package_identification:_identify(.) by extension 'colcon_meta'
[0.264s] Level 1:colcon.colcon_core.package_identification:_identify(.) by extensions ['ros']
[0.264s] Level 1:colcon.colcon_core.package_identification:_identify(.) by extension 'ros'
[0.287s] DEBUG:colcon.colcon_core.package_identification:Package '.' with type 'ros.ament_cmake' and name 'visualizer'
[0.287s] Level 1:colcon.colcon_core.package_discovery:discover_packages(recursive) using defaults
[0.287s] Level 1:colcon.colcon_core.package_discovery:discover_packages(ignore) discover
[0.287s] Level 1:colcon.colcon_core.package_discovery:discover_packages(ignore) using defaults
[0.287s] Level 1:colcon.colcon_core.package_discovery:discover_packages(path) discover
[0.287s] Level 1:colcon.colcon_core.package_discovery:discover_packages(path) using defaults
[0.317s] Level 5:colcon.colcon_core.verb:set package 'visualizer' build argument 'cmake_args' from command line to 'None'
[0.317s] Level 5:colcon.colcon_core.verb:set package 'visualizer' build argument 'cmake_target' from command line to 'None'
[0.317s] Level 5:colcon.colcon_core.verb:set package 'visualizer' build argument 'cmake_target_skip_unavailable' from command line to 'False'
[0.317s] Level 5:colcon.colcon_core.verb:set package 'visualizer' build argument 'cmake_clean_cache' from command line to 'False'
[0.317s] Level 5:colcon.colcon_core.verb:set package 'visualizer' build argument 'cmake_clean_first' from command line to 'False'
[0.317s] Level 5:colcon.colcon_core.verb:set package 'visualizer' build argument 'cmake_force_configure' from command line to 'False'
[0.317s] Level 5:colcon.colcon_core.verb:set package 'visualizer' build argument 'ament_cmake_args' from command line to 'None'
[0.317s] Level 5:colcon.colcon_core.verb:set package 'visualizer' build argument 'catkin_cmake_args' from command line to 'None'
[0.317s] Level 5:colcon.colcon_core.verb:set package 'visualizer' build argument 'catkin_skip_building_tests' from command line to 'False'
[0.317s] DEBUG:colcon.colcon_core.verb:Building package 'visualizer' with the following arguments: {'ament_cmake_args': None, 'build_base': '/home/rusty/GITrepo/visualizer/build/visualizer', 'catkin_cmake_args': None, 'catkin_skip_building_tests': False, 'cmake_args': None, 'cmake_clean_cache': False, 'cmake_clean_first': False, 'cmake_force_configure': False, 'cmake_target': None, 'cmake_target_skip_unavailable': False, 'install_base': '/home/rusty/GITrepo/visualizer/install/visualizer', 'merge_install': False, 'path': '/home/rusty/GITrepo/visualizer', 'symlink_install': False, 'test_result_base': None}
[0.318s] INFO:colcon.colcon_core.executor:Executing jobs using 'parallel' executor
[0.321s] DEBUG:colcon.colcon_parallel_executor.executor.parallel:run_until_complete
[0.321s] INFO:colcon.colcon_ros.task.ament_cmake.build:Building ROS package in '/home/rusty/GITrepo/visualizer' with build type 'ament_cmake'
[0.321s] INFO:colcon.colcon_cmake.task.cmake.build:Building CMake package in '/home/rusty/GITrepo/visualizer'
[0.327s] INFO:colcon.colcon_core.plugin_system:Skipping extension 'colcon_core.shell.bat': Not used on non-Windows systems
[0.327s] INFO:colcon.colcon_core.shell:Skip shell extension 'powershell' for command environment: Not usable outside of PowerShell
[0.327s] DEBUG:colcon.colcon_core.shell:Skip shell extension 'dsv' for command environment
[0.334s] DEBUG:colcon.colcon_core.shell:Ignoring prefix path '/opt/ros/foxy'
[0.350s] DEBUG:colcon.colcon_core.event_handler.log_command:Invoking command in '/home/rusty/GITrepo/visualizer/build/visualizer': CMAKE_PREFIX_PATH=${CMAKE_PREFIX_PATH}:/home/rusty/turtlbot3_ws/install/turtlebot3_teleop:/home/rusty/turtlbot3_ws/install/turtlebot3_example:/opt/ros/foxy /usr/bin/cmake --build /home/rusty/GITrepo/visualizer/build/visualizer -- -j8 -l8
[12.144s] DEBUG:colcon.colcon_core.event_handler.log_command:Invoked command in '/home/rusty/GITrepo/visualizer/build/visualizer' returned '0': CMAKE_PREFIX_PATH=${CMAKE_PREFIX_PATH}:/home/rusty/turtlbot3_ws/install/turtlebot3_teleop:/home/rusty/turtlbot3_ws/install/turtlebot3_example:/opt/ros/foxy /usr/bin/cmake --build /home/rusty/GITrepo/visualizer/build/visualizer -- -j8 -l8
[12.210s] DEBUG:colcon.colcon_core.event_handler.log_command:Invoking command in '/home/rusty/GITrepo/visualizer/build/visualizer': CMAKE_PREFIX_PATH=${CMAKE_PREFIX_PATH}:/home/rusty/turtlbot3_ws/install/turtlebot3_teleop:/home/rusty/turtlbot3_ws/install/turtlebot3_example:/opt/ros/foxy /usr/bin/cmake --install /home/rusty/GITrepo/visualizer/build/visualizer
[12.234s] Level 1:colcon.colcon_core.environment:create_environment_scripts_only(visualizer)
[12.236s] DEBUG:colcon.colcon_core.event_handler.log_command:Invoked command in '/home/rusty/GITrepo/visualizer/build/visualizer' returned '0': CMAKE_PREFIX_PATH=${CMAKE_PREFIX_PATH}:/home/rusty/turtlbot3_ws/install/turtlebot3_teleop:/home/rusty/turtlbot3_ws/install/turtlebot3_example:/opt/ros/foxy /usr/bin/cmake --install /home/rusty/GITrepo/visualizer/build/visualizer
[12.241s] Level 1:colcon.colcon_core.environment:checking '/home/rusty/GITrepo/visualizer/install/visualizer' for CMake module files
[12.242s] Level 1:colcon.colcon_core.environment:checking '/home/rusty/GITrepo/visualizer/install/visualizer' for CMake config files
[12.242s] Level 1:colcon.colcon_core.shell:create_environment_hook('visualizer', 'cmake_prefix_path')
[12.243s] INFO:colcon.colcon_core.shell:Creating environment hook '/home/rusty/GITrepo/visualizer/install/visualizer/share/visualizer/hook/cmake_prefix_path.ps1'
[12.244s] INFO:colcon.colcon_core.shell:Creating environment descriptor '/home/rusty/GITrepo/visualizer/install/visualizer/share/visualizer/hook/cmake_prefix_path.dsv'
[12.245s] INFO:colcon.colcon_core.shell:Creating environment hook '/home/rusty/GITrepo/visualizer/install/visualizer/share/visualizer/hook/cmake_prefix_path.sh'
[12.247s] Level 1:colcon.colcon_core.environment:checking '/home/rusty/GITrepo/visualizer/install/visualizer/lib'
[12.247s] Level 1:colcon.colcon_core.environment:checking '/home/rusty/GITrepo/visualizer/install/visualizer/bin'
[12.247s] Level 1:colcon.colcon_core.environment:checking '/home/rusty/GITrepo/visualizer/install/visualizer/lib/pkgconfig/visualizer.pc'
[12.247s] Level 1:colcon.colcon_core.environment:checking '/home/rusty/GITrepo/visualizer/install/visualizer/lib/python3.8/site-packages'
[12.248s] INFO:colcon.colcon_core.shell:Creating package script '/home/rusty/GITrepo/visualizer/install/visualizer/share/visualizer/package.ps1'
[12.249s] INFO:colcon.colcon_core.shell:Creating package descriptor '/home/rusty/GITrepo/visualizer/install/visualizer/share/visualizer/package.dsv'
[12.250s] INFO:colcon.colcon_core.shell:Creating package script '/home/rusty/GITrepo/visualizer/install/visualizer/share/visualizer/package.sh'
[12.251s] INFO:colcon.colcon_core.shell:Creating package script '/home/rusty/GITrepo/visualizer/install/visualizer/share/visualizer/package.bash'
[12.252s] INFO:colcon.colcon_core.shell:Creating package script '/home/rusty/GITrepo/visualizer/install/visualizer/share/visualizer/package.zsh'
[12.253s] Level 1:colcon.colcon_core.environment:create_file_with_runtime_dependencies(/home/rusty/GITrepo/visualizer/install/visualizer/share/colcon-core/packages/visualizer)
[12.300s] Level 1:colcon.colcon_core.environment:create_environment_scripts_only(visualizer)
[12.301s] Level 1:colcon.colcon_core.environment:checking '/home/rusty/GITrepo/visualizer/install/visualizer' for CMake module files
[12.302s] Level 1:colcon.colcon_core.environment:checking '/home/rusty/GITrepo/visualizer/install/visualizer' for CMake config files
[12.303s] Level 1:colcon.colcon_core.shell:create_environment_hook('visualizer', 'cmake_prefix_path')
[12.304s] INFO:colcon.colcon_core.shell:Creating environment hook '/home/rusty/GITrepo/visualizer/install/visualizer/share/visualizer/hook/cmake_prefix_path.ps1'
[12.304s] INFO:colcon.colcon_core.shell:Creating environment descriptor '/home/rusty/GITrepo/visualizer/install/visualizer/share/visualizer/hook/cmake_prefix_path.dsv'
[12.305s] INFO:colcon.colcon_core.shell:Creating environment hook '/home/rusty/GITrepo/visualizer/install/visualizer/share/visualizer/hook/cmake_prefix_path.sh'
[12.306s] Level 1:colcon.colcon_core.environment:checking '/home/rusty/GITrepo/visualizer/install/visualizer/lib'
[12.306s] Level 1:colcon.colcon_core.environment:checking '/home/rusty/GITrepo/visualizer/install/visualizer/bin'
[12.306s] Level 1:colcon.colcon_core.environment:checking '/home/rusty/GITrepo/visualizer/install/visualizer/lib/pkgconfig/visualizer.pc'
[12.306s] Level 1:colcon.colcon_core.environment:checking '/home/rusty/GITrepo/visualizer/install/visualizer/lib/python3.8/site-packages'
[12.307s] INFO:colcon.colcon_core.shell:Creating package script '/home/rusty/GITrepo/visualizer/install/visualizer/share/visualizer/package.ps1'
[12.308s] INFO:colcon.colcon_core.shell:Creating package descriptor '/home/rusty/GITrepo/visualizer/install/visualizer/share/visualizer/package.dsv'
[12.309s] INFO:colcon.colcon_core.shell:Creating package script '/home/rusty/GITrepo/visualizer/install/visualizer/share/visualizer/package.sh'
[12.310s] INFO:colcon.colcon_core.shell:Creating package script '/home/rusty/GITrepo/visualizer/install/visualizer/share/visualizer/package.bash'
[12.310s] INFO:colcon.colcon_core.shell:Creating package script '/home/rusty/GITrepo/visualizer/install/visualizer/share/visualizer/package.zsh'
[12.311s] Level 1:colcon.colcon_core.environment:create_file_with_runtime_dependencies(/home/rusty/GITrepo/visualizer/install/visualizer/share/colcon-core/packages/visualizer)
[12.312s] DEBUG:colcon.colcon_parallel_executor.executor.parallel:closing loop
[12.313s] DEBUG:colcon.colcon_parallel_executor.executor.parallel:loop closed
[12.313s] DEBUG:colcon.colcon_parallel_executor.executor.parallel:run_until_complete finished with '0'
[12.313s] DEBUG:colcon.colcon_core.event_reactor:joining thread
[12.325s] INFO:colcon.colcon_core.plugin_system:Skipping extension 'colcon_notification.desktop_notification.terminal_notifier': Not used on non-Darwin systems
[12.325s] INFO:colcon.colcon_core.plugin_system:Skipping extension 'colcon_notification.desktop_notification.win32': Not used on non-Windows systems
[12.325s] INFO:colcon.colcon_notification.desktop_notification:Sending desktop notification using 'notify2'
[12.351s] DEBUG:colcon.colcon_core.event_reactor:joined thread
[12.353s] INFO:colcon.colcon_core.shell:Creating prefix script '/home/rusty/GITrepo/visualizer/install/local_setup.ps1'
[12.354s] INFO:colcon.colcon_core.shell:Creating prefix util module '/home/rusty/GITrepo/visualizer/install/_local_setup_util_ps1.py'
[12.356s] INFO:colcon.colcon_core.shell:Creating prefix chain script '/home/rusty/GITrepo/visualizer/install/setup.ps1'
[12.361s] INFO:colcon.colcon_core.shell:Creating prefix script '/home/rusty/GITrepo/visualizer/install/local_setup.sh'
[12.362s] INFO:colcon.colcon_core.shell:Creating prefix util module '/home/rusty/GITrepo/visualizer/install/_local_setup_util_sh.py'
[12.363s] INFO:colcon.colcon_core.shell:Creating prefix chain script '/home/rusty/GITrepo/visualizer/install/setup.sh'
[12.368s] INFO:colcon.colcon_core.shell:Creating prefix script '/home/rusty/GITrepo/visualizer/install/local_setup.bash'
[12.369s] INFO:colcon.colcon_core.shell:Creating prefix chain script '/home/rusty/GITrepo/visualizer/install/setup.bash'
[12.374s] INFO:colcon.colcon_core.shell:Creating prefix script '/home/rusty/GITrepo/visualizer/install/local_setup.zsh'
[12.374s] INFO:colcon.colcon_core.shell:Creating prefix chain script '/home/rusty/GITrepo/visualizer/install/setup.zsh'
