[0.029s] Invoking command in '/home/rusty/GITrepo/visualizer/build/visualizer': CMAKE_PREFIX_PATH=${CMAKE_PREFIX_PATH}:/home/rusty/turtlbot3_ws/install/turtlebot3_teleop:/home/rusty/turtlbot3_ws/install/turtlebot3_example:/opt/ros/foxy /usr/bin/cmake --build /home/rusty/GITrepo/visualizer/build/visualizer -- -j8 -l8
[0.102s] [35m[1mScanning dependencies of target visualizer[0m
[0.132s] [ 50%] Built target talker
[0.163s] [ 75%] [32mBuilding CXX object CMakeFiles/visualizer.dir/src/visualizer.cpp.o[0m
[4.703s] [01m[K/home/rusty/GITrepo/visualizer/src/visualizer.cpp:54:24:[m[K [01;31m[Kerror: [m[Kredeclaration of ‘[01m[Kstd::vector<cv::Mat> MinimalSubscriber::groundTruth[m[K’
[4.704s]    54 |   std::vector<cv::Mat> [01;31m[KgroundTruth[m[K;
[4.704s]       |                        [01;31m[K^~~~~~~~~~~[m[K
[4.704s] [01m[K/home/rusty/GITrepo/visualizer/src/visualizer.cpp:44:24:[m[K [01;36m[Knote: [m[Kprevious declaration ‘[01m[Kstd::vector<cv::Mat> MinimalSubscriber::groundTruth[m[K’
[4.704s]    44 |   std::vector<cv::Mat> [01;36m[KgroundTruth[m[K;
[4.704s]       |                        [01;36m[K^~~~~~~~~~~[m[K
[4.730s] [01m[K/home/rusty/GITrepo/visualizer/src/visualizer.cpp:99:40:[m[K [01;31m[Kerror: [m[K‘[01m[Kstring[m[K’ has not been declared
[4.730s]    99 |   std::vector<cv::Mat> loadGroundTruth([01;31m[Kstring[m[K filename) {
[4.730s]       |                                        [01;31m[K^~~~~~[m[K
[4.750s] [01m[K/home/rusty/GITrepo/visualizer/src/visualizer.cpp:[m[K In constructor ‘[01m[KMinimalSubscriber::MinimalSubscriber()[m[K’:
[4.750s] [01m[K/home/rusty/GITrepo/visualizer/src/visualizer.cpp:28:35:[m[K [01;31m[Kerror: [m[Kinvalid conversion from ‘[01m[Kconst char*[m[K’ to ‘[01m[Kint[m[K’ [[01;31m[K-fpermissive[m[K]
[4.750s]    28 |     groundTruth = loadGroundTruth([01;31m[K"~/rgbd_dataset_freiburg1_desk2/groundtruth.txt"[m[K);
[4.750s]       |                                   [01;31m[K^~~~~~~~~~~~~~~~~~~~~~~~~~~~~~~~~~~~~~~~~~~~~~~~[m[K
[4.751s]       |                                   [01;31m[K|[m[K
[4.751s]       |                                   [01;31m[Kconst char*[m[K
[4.751s] [01m[K/home/rusty/GITrepo/visualizer/src/visualizer.cpp:99:47:[m[K [01;36m[Knote: [m[K  initializing argument 1 of ‘[01m[Kstd::vector<cv::Mat> MinimalSubscriber::loadGroundTruth(int)[m[K’
[4.751s]    99 |   std::vector<cv::Mat> loadGroundTruth([01;36m[Kstring filename[m[K) {
[4.751s]       |                                        [01;36m[K~~~~~~~^~~~~~~~[m[K
[4.751s] [01m[K/home/rusty/GITrepo/visualizer/src/visualizer.cpp:33:6:[m[K [01;35m[Kwarning: [m[Kunused variable ‘[01m[KnumCallbackCalled[m[K’ [[01;35m[K-Wunused-variable[m[K]
[4.752s]    33 |  int [01;35m[KnumCallbackCalled[m[K = 0;
[4.752s]       |      [01;35m[K^~~~~~~~~~~~~~~~~[m[K
[4.759s] [01m[K/home/rusty/GITrepo/visualizer/src/visualizer.cpp:[m[K In member function ‘[01m[Kvoid MinimalSubscriber::topic_callback(std_msgs::msg::String_<std::allocator<void> >::SharedPtr) const[m[K’:
[4.759s] [01m[K/home/rusty/GITrepo/visualizer/src/visualizer.cpp:61:39:[m[K [01;31m[Kerror: [m[K‘[01m[Ki[m[K’ was not declared in this scope
[4.759s]    61 |   last_frame = cv::imread(frame_paths[[01;31m[Ki[m[K]);
[4.759s]       |                                       [01;31m[K^[m[K
[4.760s] [01m[K/home/rusty/GITrepo/visualizer/src/visualizer.cpp:65:38:[m[K [01;31m[Kerror: [m[K‘[01m[Ki[m[K’ was not declared in this scope
[4.761s]    65 |  curr_frame = cv::imread(frame_paths[[01;31m[Ki[m[K]);
[4.761s]       |                                      [01;31m[K^[m[K
[4.761s] [01m[K/home/rusty/GITrepo/visualizer/src/visualizer.cpp:68:15:[m[K [01;31m[Kerror: [m[Kpassing ‘[01m[Kconst cv::Mat[m[K’ as ‘[01m[Kthis[m[K’ argument discards qualifiers [[01;31m[K-fpermissive[m[K]
[4.761s]    68 |  last_frame = [01;31m[Kcurr_frame[m[K;
[4.761s]       |               [01;31m[K^~~~~~~~~~[m[K
[4.761s] In file included from [01m[K/usr/include/opencv4/opencv2/core/mat.hpp:3724[m[K,
[4.762s]                  from [01m[K/usr/include/opencv4/opencv2/core.hpp:59[m[K,
[4.762s]                  from [01m[K/usr/include/opencv4/opencv2/opencv.hpp:52[m[K,
[4.762s]                  from [01m[K/home/rusty/GITrepo/visualizer/src/visualizer.cpp:3[m[K:
[4.762s] [01m[K/usr/include/opencv4/opencv2/core/mat.inl.hpp:743:6:[m[K [01;36m[Knote: [m[K  in call to ‘[01m[Kcv::Mat& cv::Mat::operator=(const cv::Mat&)[m[K’
[4.762s]   743 | Mat& [01;36m[KMat[m[K::operator = (const Mat& m)
[4.762s]       |      [01;36m[K^~~[m[K
[4.763s] [01m[K/home/rusty/GITrepo/visualizer/src/visualizer.cpp:69:2:[m[K [01;31m[Kerror: [m[K‘[01m[KnumCallBackCalled[m[K’ was not declared in this scope; did you mean ‘[01m[KnumCallbackCalled[m[K’?
[4.763s]    69 |  [01;31m[KnumCallBackCalled[m[K++;
[4.763s]       |  [01;31m[K^~~~~~~~~~~~~~~~~[m[K
[4.763s]       |  [32m[KnumCallbackCalled[m[K
[4.764s] [01m[K/home/rusty/GITrepo/visualizer/src/visualizer.cpp:71:59:[m[K [01;31m[Kerror: [m[K‘[01m[Kt[m[K’ was not declared in this scope; did you mean ‘[01m[Ktm[m[K’?
[4.764s]    71 |     double scale = getAbsoluteScale(numCallbackCalled, 0, [01;31m[Kt[m[K.at<double>(2));
[4.764s]       |                                                           [01;31m[K^[m[K
[4.764s]       |                                                           [32m[Ktm[m[K
[4.764s] [01m[K/home/rusty/GITrepo/visualizer/src/visualizer.cpp:71:64:[m[K [01;31m[Kerror: [m[Kexpected primary-expression before ‘[01m[Kdouble[m[K’
[4.765s]    71 |     double scale = getAbsoluteScale(numCallbackCalled, 0, t.at<[01;31m[Kdouble[m[K>(2));
[4.765s]       |                                                                [01;31m[K^~~~~~[m[K
[4.770s] [01m[K/home/rusty/GITrepo/visualizer/src/visualizer.cpp:71:20:[m[K [01;31m[Kerror: [m[K‘[01m[KgetAbsoluteScale[m[K’ was not declared in this scope
[4.771s]    71 |     double scale = [01;31m[KgetAbsoluteScale[m[K(numCallbackCalled, 0, t.at<double>(2));
[4.771s]       |                    [01;31m[K^~~~~~~~~~~~~~~~[m[K
[4.772s] [01m[K/home/rusty/GITrepo/visualizer/src/visualizer.cpp:74:14:[m[K [01;31m[Kerror: [m[K‘[01m[KR[m[K’ was not declared in this scope
[4.772s]    74 |     traj_R = [01;31m[KR[m[K*traj_R;
[4.772s]       |              [01;31m[K^[m[K
[4.773s] [01m[K/home/rusty/GITrepo/visualizer/src/visualizer.cpp:57:62:[m[K [01;35m[Kwarning: [m[Kunused parameter ‘[01m[Kmsg[m[K’ [[01;35m[K-Wunused-parameter[m[K]
[4.773s]    57 |   void topic_callback([01;35m[Kconst std_msgs::msg::String::SharedPtr msg[m[K) const
[4.774s]       |                       [01;35m[K~~~~~~~~~~~~~~~~~~~~~~~~~~~~~~~~~~~~~~~^~~[m[K
[4.774s] [01m[K/home/rusty/GITrepo/visualizer/src/visualizer.cpp:[m[K In member function ‘[01m[Kstd::vector<cv::Mat> MinimalSubscriber::loadGroundTruth(int)[m[K’:
[4.774s] [01m[K/home/rusty/GITrepo/visualizer/src/visualizer.cpp:100:5:[m[K [01;31m[Kerror: [m[K‘[01m[Kvector[m[K’ was not declared in this scope; did you mean ‘[01m[Kstd::vector[m[K’?
[4.774s]   100 |     [01;31m[Kvector[m[K<cv::Mat> gt;
[4.775s]       |     [01;31m[K^~~~~~[m[K
[4.775s]       |     [32m[Kstd::vector[m[K
[4.775s] In file included from [01m[K/usr/include/c++/9/vector:67[m[K,
[4.775s]                  from [01m[K/usr/include/opencv4/opencv2/core/types.hpp:53[m[K,
[4.775s]                  from [01m[K/usr/include/opencv4/opencv2/core.hpp:58[m[K,
[4.775s]                  from [01m[K/usr/include/opencv4/opencv2/opencv.hpp:52[m[K,
[4.776s]                  from [01m[K/home/rusty/GITrepo/visualizer/src/visualizer.cpp:3[m[K:
[4.776s] [01m[K/usr/include/c++/9/bits/stl_vector.h:386:11:[m[K [01;36m[Knote: [m[K‘[01m[Kstd::vector[m[K’ declared here
[4.776s]   386 |     class [01;36m[Kvector[m[K : protected _Vector_base<_Tp, _Alloc>
[4.776s]       |           [01;36m[K^~~~~~[m[K
[4.777s] [01m[K/home/rusty/GITrepo/visualizer/src/visualizer.cpp:100:19:[m[K [01;31m[Kerror: [m[Kexpected primary-expression before ‘[01m[K>[m[K’ token
[4.777s]   100 |     vector<cv::Mat[01;31m[K>[m[K gt;
[4.777s]       |                   [01;31m[K^[m[K
[4.777s] [01m[K/home/rusty/GITrepo/visualizer/src/visualizer.cpp:100:21:[m[K [01;31m[Kerror: [m[K‘[01m[Kgt[m[K’ was not declared in this scope
[4.777s]   100 |     vector<cv::Mat> [01;31m[Kgt[m[K;
[4.777s]       |                     [01;31m[K^~[m[K
[4.778s] [01m[K/home/rusty/GITrepo/visualizer/src/visualizer.cpp:101:5:[m[K [01;31m[Kerror: [m[K‘[01m[Kifstream[m[K’ was not declared in this scope; did you mean ‘[01m[Kstd::ifstream[m[K’?
[4.778s]   101 |     [01;31m[Kifstream[m[K file(filename);
[4.778s]       |     [01;31m[K^~~~~~~~[m[K
[4.778s]       |     [32m[Kstd::ifstream[m[K
[4.778s] In file included from [01m[K/usr/include/c++/9/bits/localefwd.h:41[m[K,
[4.778s]                  from [01m[K/usr/include/c++/9/string:43[m[K,
[4.779s]                  from [01m[K/usr/include/c++/9/stdexcept:39[m[K,
[4.779s]                  from [01m[K/usr/include/c++/9/array:39[m[K,
[4.779s]                  from [01m[K/usr/include/c++/9/tuple:39[m[K,
[4.779s]                  from [01m[K/usr/include/c++/9/functional:54[m[K,
[4.779s]                  from [01m[K/home/rusty/GITrepo/visualizer/src/visualizer.cpp:1[m[K:
[4.779s] [01m[K/usr/include/c++/9/iosfwd:162:34:[m[K [01;36m[Knote: [m[K‘[01m[Kstd::ifstream[m[K’ declared here
[4.780s]   162 |   typedef basic_ifstream<char>   [01;36m[Kifstream[m[K;
[4.780s]       |                                  [01;36m[K^~~~~~~~[m[K
[4.780s] [01m[K/home/rusty/GITrepo/visualizer/src/visualizer.cpp:104:20:[m[K [01;31m[Kerror: [m[K‘[01m[Kfile[m[K’ was not declared in this scope
[4.780s]   104 |     while (getline([01;31m[Kfile[m[K, line)) {
[4.780s]       |                    [01;31m[K^~~~[m[K
[4.780s] [01m[K/home/rusty/GITrepo/visualizer/src/visualizer.cpp:99:47:[m[K [01;35m[Kwarning: [m[Kunused parameter ‘[01m[Kfilename[m[K’ [[01;35m[K-Wunused-parameter[m[K]
[4.781s]    99 |   std::vector<cv::Mat> loadGroundTruth([01;35m[Kstring filename[m[K) {
[4.781s]       |                                        [01;35m[K~~~~~~~^~~~~~~~[m[K
[8.400s] make[2]: *** [CMakeFiles/visualizer.dir/build.make:63: CMakeFiles/visualizer.dir/src/visualizer.cpp.o] Error 1
[8.400s] make[1]: *** [CMakeFiles/Makefile2:80: CMakeFiles/visualizer.dir/all] Error 2
[8.400s] make: *** [Makefile:141: all] Error 2
[8.404s] Invoked command in '/home/rusty/GITrepo/visualizer/build/visualizer' returned '2': CMAKE_PREFIX_PATH=${CMAKE_PREFIX_PATH}:/home/rusty/turtlbot3_ws/install/turtlebot3_teleop:/home/rusty/turtlbot3_ws/install/turtlebot3_example:/opt/ros/foxy /usr/bin/cmake --build /home/rusty/GITrepo/visualizer/build/visualizer -- -j8 -l8
