-- Found ament_cmake: 0.9.7 (/opt/ros/foxy/share/ament_cmake/cmake)
-- Using PYTHON_EXECUTABLE: /usr/bin/python3
-- Found rclcpp: 2.2.0 (/opt/ros/foxy/share/rclcpp/cmake)
-- Using all available rosidl_typesupport_c: rosidl_typesupport_fastrtps_c;rosidl_typesupport_introspection_c
-- Found rosidl_adapter: 1.1.0 (/opt/ros/foxy/share/rosidl_adapter/cmake)
-- Using all available rosidl_typesupport_cpp: rosidl_typesupport_fastrtps_cpp;rosidl_typesupport_introspection_cpp
-- Found rmw_implementation_cmake: 1.0.2 (/opt/ros/foxy/share/rmw_implementation_cmake/cmake)
-- Using RMW implementation 'rmw_fastrtps_cpp' as default
-- Found geometry_msgs: 2.0.3 (/opt/ros/foxy/share/geometry_msgs/cmake)
-- Found ament_lint_auto: 0.9.5 (/opt/ros/foxy/share/ament_lint_auto/cmake)
-- Added test 'copyright' to check source files copyright and LICENSE
-- Added test 'cppcheck' to perform static code analysis on C / C++ code
-- Configured cppcheck include dirs: 
-- Configured cppcheck exclude dirs and/or files: 
-- Added test 'cpplint' to check C / C++ code against the Google style
-- Configured cpplint exclude dirs and/or files: 
-- Added test 'flake8' to check Python code syntax and style conventions
-- Added test 'lint_cmake' to check CMake code style
-- Added test 'pep257' to check Python code against some of the style conventions in PEP 257
-- Added test 'uncrustify' to check C / C++ code style
-- Configured uncrustify additional arguments: 
-- Added test 'xmllint' to check XML markup files
-- Configuring done
-- Generating done
-- Build files have been written to: /home/rusty/GITrepo/visualizer/build/visualizer
[35m[1mScanning dependencies of target visualizer[0m
[ 50%] Built target talker
[ 75%] [32mBuilding CXX object CMakeFiles/visualizer.dir/src/visualizer.cpp.o[0m
[01m[K/home/rusty/GITrepo/visualizer/src/visualizer.cpp:[m[K In constructor ‘[01m[KMinimalSubscriber::MinimalSubscriber()[m[K’:
[01m[K/home/rusty/GITrepo/visualizer/src/visualizer.cpp:33:7:[m[K [01;35m[Kwarning: [m[Kunused variable ‘[01m[KnumCallbackCalled[m[K’ [[01;35m[K-Wunused-variable[m[K]
   33 |   int [01;35m[KnumCallbackCalled[m[K = 0;
      |       [01;35m[K^~~~~~~~~~~~~~~~~[m[K
[01m[K/home/rusty/GITrepo/visualizer/src/visualizer.cpp:[m[K In member function ‘[01m[Kvoid MinimalSubscriber::topic_callback(geometry_msgs::msg::Pose_<std::allocator<void> >::SharedPtr)[m[K’:
[01m[K/home/rusty/GITrepo/visualizer/src/visualizer.cpp:68:12:[m[K [01;35m[Kwarning: [m[Kunused variable ‘[01m[Kscale[m[K’ [[01;35m[K-Wunused-variable[m[K]
   68 |     double [01;35m[Kscale[m[K = 1; //getAbsoluteScale(numCallbackCalled, 0, t.at<double>(2));
      |            [01;35m[K^~~~~[m[K
[01m[K/home/rusty/GITrepo/visualizer/src/visualizer.cpp:72:11:[m[K [01;35m[Kwarning: [m[Kunused variable ‘[01m[Ky[m[K’ [[01;35m[K-Wunused-variable[m[K]
   72 |     float [01;35m[Ky[m[K = msg->position.y;
      |           [01;35m[K^[m[K
[100%] [32m[1mLinking CXX executable visualizer[0m
[100%] Built target visualizer
-- Install configuration: ""
-- Up-to-date: /home/rusty/GITrepo/visualizer/install/visualizer/lib/visualizer/talker
-- Installing: /home/rusty/GITrepo/visualizer/install/visualizer/lib/visualizer/visualizer
-- Set runtime path of "/home/rusty/GITrepo/visualizer/install/visualizer/lib/visualizer/visualizer" to ""
-- Up-to-date: /home/rusty/GITrepo/visualizer/install/visualizer/share/ament_index/resource_index/package_run_dependencies/visualizer
-- Up-to-date: /home/rusty/GITrepo/visualizer/install/visualizer/share/ament_index/resource_index/parent_prefix_path/visualizer
-- Up-to-date: /home/rusty/GITrepo/visualizer/install/visualizer/share/visualizer/environment/ament_prefix_path.sh
-- Installing: /home/rusty/GITrepo/visualizer/install/visualizer/share/visualizer/environment/ament_prefix_path.dsv
-- Up-to-date: /home/rusty/GITrepo/visualizer/install/visualizer/share/visualizer/environment/path.sh
-- Installing: /home/rusty/GITrepo/visualizer/install/visualizer/share/visualizer/environment/path.dsv
-- Up-to-date: /home/rusty/GITrepo/visualizer/install/visualizer/share/visualizer/local_setup.bash
-- Up-to-date: /home/rusty/GITrepo/visualizer/install/visualizer/share/visualizer/local_setup.sh
-- Up-to-date: /home/rusty/GITrepo/visualizer/install/visualizer/share/visualizer/local_setup.zsh
-- Installing: /home/rusty/GITrepo/visualizer/install/visualizer/share/visualizer/local_setup.dsv
-- Installing: /home/rusty/GITrepo/visualizer/install/visualizer/share/visualizer/package.dsv
-- Up-to-date: /home/rusty/GITrepo/visualizer/install/visualizer/share/ament_index/resource_index/packages/visualizer
-- Up-to-date: /home/rusty/GITrepo/visualizer/install/visualizer/share/visualizer/cmake/visualizerConfig.cmake
-- Up-to-date: /home/rusty/GITrepo/visualizer/install/visualizer/share/visualizer/cmake/visualizerConfig-version.cmake
-- Up-to-date: /home/rusty/GITrepo/visualizer/install/visualizer/share/visualizer/package.xml
