[35m[1mScanning dependencies of target visualizer[0m
[ 50%] Built target talker
[ 75%] [32mBuilding CXX object CMakeFiles/visualizer.dir/src/visualizer.cpp.o[0m
[01m[K/home/rusty/GITrepo/visualizer/src/visualizer.cpp:[m[K In constructor ‘[01m[KMinimalSubscriber::MinimalSubscriber()[m[K’:
[01m[K/home/rusty/GITrepo/visualizer/src/visualizer.cpp:34:6:[m[K [01;35m[Kwarning: [m[Kunused variable ‘[01m[KnumCallbackCalled[m[K’ [[01;35m[K-Wunused-variable[m[K]
   34 |  int [01;35m[KnumCallbackCalled[m[K = 0;
      |      [01;35m[K^~~~~~~~~~~~~~~~~[m[K
[01m[K/home/rusty/GITrepo/visualizer/src/visualizer.cpp:[m[K In member function ‘[01m[Kvoid MinimalSubscriber::topic_callback(geometry_msgs::msg::Pose_<std::allocator<void> >::SharedPtr)[m[K’:
[01m[K/home/rusty/GITrepo/visualizer/src/visualizer.cpp:69:12:[m[K [01;35m[Kwarning: [m[Kunused variable ‘[01m[Kscale[m[K’ [[01;35m[K-Wunused-variable[m[K]
   69 |     double [01;35m[Kscale[m[K = 1; //getAbsoluteScale(numCallbackCalled, 0, t.at<double>(2));
      |            [01;35m[K^~~~~[m[K
[01m[K/home/rusty/GITrepo/visualizer/src/visualizer.cpp:73:11:[m[K [01;35m[Kwarning: [m[Kunused variable ‘[01m[Ky[m[K’ [[01;35m[K-Wunused-variable[m[K]
   73 |     float [01;35m[Ky[m[K = msg->position.y;
      |           [01;35m[K^[m[K
In file included from [01m[K/opt/ros/foxy/include/rclcpp/service.hpp:34[m[K,
                 from [01m[K/opt/ros/foxy/include/rclcpp/callback_group.hpp:25[m[K,
                 from [01m[K/opt/ros/foxy/include/rclcpp/any_executable.hpp:20[m[K,
                 from [01m[K/opt/ros/foxy/include/rclcpp/memory_strategy.hpp:24[m[K,
                 from [01m[K/opt/ros/foxy/include/rclcpp/memory_strategies.hpp:18[m[K,
                 from [01m[K/opt/ros/foxy/include/rclcpp/executor_options.hpp:20[m[K,
                 from [01m[K/opt/ros/foxy/include/rclcpp/executor.hpp:33[m[K,
                 from [01m[K/opt/ros/foxy/include/rclcpp/executors/multi_threaded_executor.hpp:25[m[K,
                 from [01m[K/opt/ros/foxy/include/rclcpp/executors.hpp:21[m[K,
                 from [01m[K/opt/ros/foxy/include/rclcpp/rclcpp.hpp:146[m[K,
                 from [01m[K/home/rusty/GITrepo/visualizer/src/visualizer.cpp:7[m[K:
[01m[K/home/rusty/GITrepo/visualizer/src/visualizer.cpp:[m[K In function ‘[01m[Kint main(int, char**)[m[K’:
[01m[K/home/rusty/GITrepo/visualizer/src/visualizer.cpp:127:13:[m[K [01;31m[Kerror: [m[Kinvalid use of ‘[01m[Kthis[m[K’ in non-member function
  127 | RCLCPP_INFO([01;31m[Kthis[m[K->get_logger(), "Init done");
      |             [01;31m[K^~~~[m[K
[01m[K/home/rusty/GITrepo/visualizer/src/visualizer.cpp:127:13:[m[K [01;31m[Kerror: [m[Kinvalid use of ‘[01m[Kthis[m[K’ in non-member function
[01m[K/home/rusty/GITrepo/visualizer/src/visualizer.cpp:127:1:[m[K [01;31m[Kerror: [m[Ktemplate argument 1 is invalid
  127 | [01;31m[KRCLCPP_INFO[m[K(this->get_logger(), "Init done");
      | [01;31m[K^~~~~~~~~~~[m[K
[01m[K/home/rusty/GITrepo/visualizer/src/visualizer.cpp:127:1:[m[K [01;31m[Kerror: [m[Ktemplate argument 1 is invalid
  127 | [01;31m[KRCLCPP_INFO[m[K(this->get_logger(), "Init done");
      | [01;31m[K^~~~~~~~~~~[m[K
[01m[K/home/rusty/GITrepo/visualizer/src/visualizer.cpp:127:1:[m[K [01;31m[Kerror: [m[Ktemplate argument 1 is invalid
  127 | [01;31m[KRCLCPP_INFO[m[K(this->get_logger(), "Init done");
      | [01;31m[K^~~~~~~~~~~[m[K
In file included from [01m[K/opt/ros/foxy/include/rclcpp/client.hpp:40[m[K,
                 from [01m[K/opt/ros/foxy/include/rclcpp/callback_group.hpp:23[m[K,
                 from [01m[K/opt/ros/foxy/include/rclcpp/any_executable.hpp:20[m[K,
                 from [01m[K/opt/ros/foxy/include/rclcpp/memory_strategy.hpp:24[m[K,
                 from [01m[K/opt/ros/foxy/include/rclcpp/memory_strategies.hpp:18[m[K,
                 from [01m[K/opt/ros/foxy/include/rclcpp/executor_options.hpp:20[m[K,
                 from [01m[K/opt/ros/foxy/include/rclcpp/executor.hpp:33[m[K,
                 from [01m[K/opt/ros/foxy/include/rclcpp/executors/multi_threaded_executor.hpp:25[m[K,
                 from [01m[K/opt/ros/foxy/include/rclcpp/executors.hpp:21[m[K,
                 from [01m[K/opt/ros/foxy/include/rclcpp/rclcpp.hpp:146[m[K,
                 from [01m[K/home/rusty/GITrepo/visualizer/src/visualizer.cpp:7[m[K:
[01m[K/home/rusty/GITrepo/visualizer/src/visualizer.cpp:127:13:[m[K [01;31m[Kerror: [m[Kinvalid use of ‘[01m[Kthis[m[K’ in non-member function
  127 | RCLCPP_INFO([01;31m[Kthis[m[K->get_logger(), "Init done");
      |             [01;31m[K^~~~[m[K
[01m[K/home/rusty/GITrepo/visualizer/src/visualizer.cpp:127:13:[m[K [01;31m[Kerror: [m[Kinvalid use of ‘[01m[Kthis[m[K’ in non-member function
  127 | RCLCPP_INFO([01;31m[Kthis[m[K->get_logger(), "Init done");
      |             [01;31m[K^~~~[m[K
make[2]: *** [CMakeFiles/visualizer.dir/build.make:63: CMakeFiles/visualizer.dir/src/visualizer.cpp.o] Error 1
make[1]: *** [CMakeFiles/Makefile2:80: CMakeFiles/visualizer.dir/all] Error 2
make: *** [Makefile:141: all] Error 2
