[35m[1mScanning dependencies of target visualizer[0m
[ 50%] Built target talker
[ 75%] [32mBuilding CXX object CMakeFiles/visualizer.dir/src/visualizer.cpp.o[0m
[01m[K/home/rusty/GITrepo/visualizer/src/visualizer.cpp:46:3:[m[K [01;31m[Kerror: [m[K‘[01m[Kvector[m[K’ does not name a type
   46 |   [01;31m[Kvector[m[K<cv::Mat> groundTruth;
      |   [01;31m[K^~~~~~[m[K
[01m[K/home/rusty/GITrepo/visualizer/src/visualizer.cpp:56:3:[m[K [01;31m[Kerror: [m[K‘[01m[Kvector[m[K’ does not name a type
   56 |   [01;31m[Kvector[m[K<cv::Mat> groundTruth;
      |   [01;31m[K^~~~~~[m[K
[01m[K/home/rusty/GITrepo/visualizer/src/visualizer.cpp:101:3:[m[K [01;31m[Kerror: [m[K‘[01m[Kvector[m[K’ does not name a type
  101 |   [01;31m[Kvector[m[K<cv::Mat> loadGroundTruth(string filename) {
      |   [01;31m[K^~~~~~[m[K
[01m[K/home/rusty/GITrepo/visualizer/src/visualizer.cpp:[m[K In constructor ‘[01m[KMinimalSubscriber::MinimalSubscriber()[m[K’:
[01m[K/home/rusty/GITrepo/visualizer/src/visualizer.cpp:26:17:[m[K [01;31m[Kerror: [m[Kreturning a value from a constructor
   26 |         return -[01;31m[K1[m[K;
      |                 [01;31m[K^[m[K
[01m[K/home/rusty/GITrepo/visualizer/src/visualizer.cpp:30:5:[m[K [01;31m[Kerror: [m[K‘[01m[Kvector[m[K’ was not declared in this scope; did you mean ‘[01m[Kstd::vector[m[K’?
   30 |     [01;31m[Kvector[m[K<cv::Mat> groundTruth = loadGroundTruth("~/rgbd_dataset_freiburg1_desk2/groundtruth.txt");
      |     [01;31m[K^~~~~~[m[K
      |     [32m[Kstd::vector[m[K
In file included from [01m[K/usr/include/c++/9/vector:67[m[K,
                 from [01m[K/usr/include/opencv4/opencv2/core/types.hpp:53[m[K,
                 from [01m[K/usr/include/opencv4/opencv2/core.hpp:58[m[K,
                 from [01m[K/usr/include/opencv4/opencv2/opencv.hpp:52[m[K,
                 from [01m[K/home/rusty/GITrepo/visualizer/src/visualizer.cpp:3[m[K:
[01m[K/usr/include/c++/9/bits/stl_vector.h:386:11:[m[K [01;36m[Knote: [m[K‘[01m[Kstd::vector[m[K’ declared here
  386 |     class [01;36m[Kvector[m[K : protected _Vector_base<_Tp, _Alloc>
      |           [01;36m[K^~~~~~[m[K
[01m[K/home/rusty/GITrepo/visualizer/src/visualizer.cpp:30:19:[m[K [01;31m[Kerror: [m[Kexpected primary-expression before ‘[01m[K>[m[K’ token
   30 |     vector<cv::Mat[01;31m[K>[m[K groundTruth = loadGroundTruth("~/rgbd_dataset_freiburg1_desk2/groundtruth.txt");
      |                   [01;31m[K^[m[K
[01m[K/home/rusty/GITrepo/visualizer/src/visualizer.cpp:30:21:[m[K [01;31m[Kerror: [m[K‘[01m[KgroundTruth[m[K’ was not declared in this scope
   30 |     vector<cv::Mat> [01;31m[KgroundTruth[m[K = loadGroundTruth("~/rgbd_dataset_freiburg1_desk2/groundtruth.txt");
      |                     [01;31m[K^~~~~~~~~~~[m[K
[01m[K/home/rusty/GITrepo/visualizer/src/visualizer.cpp:30:35:[m[K [01;31m[Kerror: [m[K‘[01m[KloadGroundTruth[m[K’ was not declared in this scope
   30 |     vector<cv::Mat> groundTruth = [01;31m[KloadGroundTruth[m[K("~/rgbd_dataset_freiburg1_desk2/groundtruth.txt");
      |                                   [01;31m[K^~~~~~~~~~~~~~~[m[K
[01m[K/home/rusty/GITrepo/visualizer/src/visualizer.cpp:35:6:[m[K [01;35m[Kwarning: [m[Kunused variable ‘[01m[KnumCallbackCalled[m[K’ [[01;35m[K-Wunused-variable[m[K]
   35 |  int [01;35m[KnumCallbackCalled[m[K = 0;
      |      [01;35m[K^~~~~~~~~~~~~~~~~[m[K
[01m[K/home/rusty/GITrepo/visualizer/src/visualizer.cpp:[m[K In member function ‘[01m[Kvoid MinimalSubscriber::topic_callback(std_msgs::msg::String_<std::allocator<void> >::SharedPtr) const[m[K’:
[01m[K/home/rusty/GITrepo/visualizer/src/visualizer.cpp:63:39:[m[K [01;31m[Kerror: [m[K‘[01m[Ki[m[K’ was not declared in this scope
   63 |   last_frame = cv::imread(frame_paths[[01;31m[Ki[m[K]);
      |                                       [01;31m[K^[m[K
[01m[K/home/rusty/GITrepo/visualizer/src/visualizer.cpp:67:38:[m[K [01;31m[Kerror: [m[K‘[01m[Ki[m[K’ was not declared in this scope
   67 |  curr_frame = cv::imread(frame_paths[[01;31m[Ki[m[K]);
      |                                      [01;31m[K^[m[K
[01m[K/home/rusty/GITrepo/visualizer/src/visualizer.cpp:70:15:[m[K [01;31m[Kerror: [m[Kpassing ‘[01m[Kconst cv::Mat[m[K’ as ‘[01m[Kthis[m[K’ argument discards qualifiers [[01;31m[K-fpermissive[m[K]
   70 |  last_frame = [01;31m[Kcurr_frame[m[K;
      |               [01;31m[K^~~~~~~~~~[m[K
In file included from [01m[K/usr/include/opencv4/opencv2/core/mat.hpp:3724[m[K,
                 from [01m[K/usr/include/opencv4/opencv2/core.hpp:59[m[K,
                 from [01m[K/usr/include/opencv4/opencv2/opencv.hpp:52[m[K,
                 from [01m[K/home/rusty/GITrepo/visualizer/src/visualizer.cpp:3[m[K:
[01m[K/usr/include/opencv4/opencv2/core/mat.inl.hpp:743:6:[m[K [01;36m[Knote: [m[K  in call to ‘[01m[Kcv::Mat& cv::Mat::operator=(const cv::Mat&)[m[K’
  743 | Mat& [01;36m[KMat[m[K::operator = (const Mat& m)
      |      [01;36m[K^~~[m[K
[01m[K/home/rusty/GITrepo/visualizer/src/visualizer.cpp:71:2:[m[K [01;31m[Kerror: [m[K‘[01m[KnumCallBackCalled[m[K’ was not declared in this scope; did you mean ‘[01m[KnumCallbackCalled[m[K’?
   71 |  [01;31m[KnumCallBackCalled[m[K++;
      |  [01;31m[K^~~~~~~~~~~~~~~~~[m[K
      |  [32m[KnumCallbackCalled[m[K
[01m[K/home/rusty/GITrepo/visualizer/src/visualizer.cpp:73:43:[m[K [01;31m[Kerror: [m[K‘[01m[Kt[m[K’ was not declared in this scope; did you mean ‘[01m[Ktm[m[K’?
   73 |     double scale = getAbsoluteScale(i, 0, [01;31m[Kt[m[K.at<double>(2));
      |                                           [01;31m[K^[m[K
      |                                           [32m[Ktm[m[K
[01m[K/home/rusty/GITrepo/visualizer/src/visualizer.cpp:73:48:[m[K [01;31m[Kerror: [m[Kexpected primary-expression before ‘[01m[Kdouble[m[K’
   73 |     double scale = getAbsoluteScale(i, 0, t.at<[01;31m[Kdouble[m[K>(2));
      |                                                [01;31m[K^~~~~~[m[K
[01m[K/home/rusty/GITrepo/visualizer/src/visualizer.cpp:73:20:[m[K [01;31m[Kerror: [m[K‘[01m[KgetAbsoluteScale[m[K’ was not declared in this scope
   73 |     double scale = [01;31m[KgetAbsoluteScale[m[K(i, 0, t.at<double>(2));
      |                    [01;31m[K^~~~~~~~~~~~~~~~[m[K
[01m[K/home/rusty/GITrepo/visualizer/src/visualizer.cpp:76:14:[m[K [01;31m[Kerror: [m[K‘[01m[KR[m[K’ was not declared in this scope
   76 |     traj_R = [01;31m[KR[m[K*traj_R;
      |              [01;31m[K^[m[K
[01m[K/home/rusty/GITrepo/visualizer/src/visualizer.cpp:79:15:[m[K [01;31m[Kerror: [m[K‘[01m[KgroundTruth[m[K’ was not declared in this scope
   79 |  cv::Mat gt = [01;31m[KgroundTruth[m[K[i];
      |               [01;31m[K^~~~~~~~~~~[m[K
[01m[K/home/rusty/GITrepo/visualizer/src/visualizer.cpp:59:62:[m[K [01;35m[Kwarning: [m[Kunused parameter ‘[01m[Kmsg[m[K’ [[01;35m[K-Wunused-parameter[m[K]
   59 |   void topic_callback([01;35m[Kconst std_msgs::msg::String::SharedPtr msg[m[K) const
      |                       [01;35m[K~~~~~~~~~~~~~~~~~~~~~~~~~~~~~~~~~~~~~~~^~~[m[K
make[2]: *** [CMakeFiles/visualizer.dir/build.make:63: CMakeFiles/visualizer.dir/src/visualizer.cpp.o] Error 1
make[1]: *** [CMakeFiles/Makefile2:80: CMakeFiles/visualizer.dir/all] Error 2
make: *** [Makefile:141: all] Error 2
