[0.030s] Invoking command in '/home/rusty/GITrepo/visualizer/build/visualizer': CMAKE_PREFIX_PATH=${CMAKE_PREFIX_PATH}:/home/rusty/turtlbot3_ws/install/turtlebot3_teleop:/home/rusty/turtlbot3_ws/install/turtlebot3_example:/opt/ros/foxy /usr/bin/cmake --build /home/rusty/GITrepo/visualizer/build/visualizer -- -j8 -l8
[0.109s] [35m[1mScanning dependencies of target visualizer[0m
[0.147s] [ 50%] Built target talker
[0.175s] [ 75%] [32mBuilding CXX object CMakeFiles/visualizer.dir/src/visualizer.cpp.o[0m
[4.729s] [01m[K/home/rusty/GITrepo/visualizer/src/visualizer.cpp:[m[K In constructor ‘[01m[KMinimalSubscriber::MinimalSubscriber()[m[K’:
[4.729s] [01m[K/home/rusty/GITrepo/visualizer/src/visualizer.cpp:34:6:[m[K [01;35m[Kwarning: [m[Kunused variable ‘[01m[KnumCallbackCalled[m[K’ [[01;35m[K-Wunused-variable[m[K]
[4.729s]    34 |  int [01;35m[KnumCallbackCalled[m[K = 0;
[4.730s]       |      [01;35m[K^~~~~~~~~~~~~~~~~[m[K
[4.737s] [01m[K/home/rusty/GITrepo/visualizer/src/visualizer.cpp:[m[K In member function ‘[01m[Kvoid MinimalSubscriber::topic_callback(geometry_msgs::msg::Pose_<std::allocator<void> >::SharedPtr)[m[K’:
[4.737s] [01m[K/home/rusty/GITrepo/visualizer/src/visualizer.cpp:67:12:[m[K [01;35m[Kwarning: [m[Kunused variable ‘[01m[Kscale[m[K’ [[01;35m[K-Wunused-variable[m[K]
[4.737s]    67 |     double [01;35m[Kscale[m[K = 1; //getAbsoluteScale(numCallbackCalled, 0, t.at<double>(2));
[4.737s]       |            [01;35m[K^~~~~[m[K
[4.737s] [01m[K/home/rusty/GITrepo/visualizer/src/visualizer.cpp:71:11:[m[K [01;35m[Kwarning: [m[Kunused variable ‘[01m[Ky[m[K’ [[01;35m[K-Wunused-variable[m[K]
[4.737s]    71 |     float [01;35m[Ky[m[K = msg->position.y;
[4.738s]       |           [01;35m[K^[m[K
[11.353s] [100%] [32m[1mLinking CXX executable visualizer[0m
[12.282s] [100%] Built target visualizer
[12.301s] Invoked command in '/home/rusty/GITrepo/visualizer/build/visualizer' returned '0': CMAKE_PREFIX_PATH=${CMAKE_PREFIX_PATH}:/home/rusty/turtlbot3_ws/install/turtlebot3_teleop:/home/rusty/turtlbot3_ws/install/turtlebot3_example:/opt/ros/foxy /usr/bin/cmake --build /home/rusty/GITrepo/visualizer/build/visualizer -- -j8 -l8
[12.361s] Invoking command in '/home/rusty/GITrepo/visualizer/build/visualizer': CMAKE_PREFIX_PATH=${CMAKE_PREFIX_PATH}:/home/rusty/turtlbot3_ws/install/turtlebot3_teleop:/home/rusty/turtlbot3_ws/install/turtlebot3_example:/opt/ros/foxy /usr/bin/cmake --install /home/rusty/GITrepo/visualizer/build/visualizer
[12.375s] -- Install configuration: ""
[12.375s] -- Up-to-date: /home/rusty/GITrepo/visualizer/install/visualizer/lib/visualizer/talker
[12.376s] -- Installing: /home/rusty/GITrepo/visualizer/install/visualizer/lib/visualizer/visualizer
[12.382s] -- Set runtime path of "/home/rusty/GITrepo/visualizer/install/visualizer/lib/visualizer/visualizer" to ""
[12.383s] -- Up-to-date: /home/rusty/GITrepo/visualizer/install/visualizer/share/ament_index/resource_index/package_run_dependencies/visualizer
[12.383s] -- Up-to-date: /home/rusty/GITrepo/visualizer/install/visualizer/share/ament_index/resource_index/parent_prefix_path/visualizer
[12.383s] -- Up-to-date: /home/rusty/GITrepo/visualizer/install/visualizer/share/visualizer/environment/ament_prefix_path.sh
[12.384s] -- Up-to-date: /home/rusty/GITrepo/visualizer/install/visualizer/share/visualizer/environment/ament_prefix_path.dsv
[12.384s] -- Up-to-date: /home/rusty/GITrepo/visualizer/install/visualizer/share/visualizer/environment/path.sh
[12.384s] -- Up-to-date: /home/rusty/GITrepo/visualizer/install/visualizer/share/visualizer/environment/path.dsv
[12.384s] -- Up-to-date: /home/rusty/GITrepo/visualizer/install/visualizer/share/visualizer/local_setup.bash
[12.385s] -- Up-to-date: /home/rusty/GITrepo/visualizer/install/visualizer/share/visualizer/local_setup.sh
[12.385s] -- Up-to-date: /home/rusty/GITrepo/visualizer/install/visualizer/share/visualizer/local_setup.zsh
[12.385s] -- Up-to-date: /home/rusty/GITrepo/visualizer/install/visualizer/share/visualizer/local_setup.dsv
[12.385s] -- Installing: /home/rusty/GITrepo/visualizer/install/visualizer/share/visualizer/package.dsv
[12.385s] -- Up-to-date: /home/rusty/GITrepo/visualizer/install/visualizer/share/ament_index/resource_index/packages/visualizer
[12.386s] -- Up-to-date: /home/rusty/GITrepo/visualizer/install/visualizer/share/visualizer/cmake/visualizerConfig.cmake
[12.387s] -- Up-to-date: /home/rusty/GITrepo/visualizer/install/visualizer/share/visualizer/cmake/visualizerConfig-version.cmake
[12.389s] -- Up-to-date: /home/rusty/GITrepo/visualizer/install/visualizer/share/visualizer/package.xml
[12.390s] Invoked command in '/home/rusty/GITrepo/visualizer/build/visualizer' returned '0': CMAKE_PREFIX_PATH=${CMAKE_PREFIX_PATH}:/home/rusty/turtlbot3_ws/install/turtlebot3_teleop:/home/rusty/turtlbot3_ws/install/turtlebot3_example:/opt/ros/foxy /usr/bin/cmake --install /home/rusty/GITrepo/visualizer/build/visualizer
