[01m[K/home/rusty/GITrepo/visualizer/src/visualizer.cpp:[m[K In constructor ‘[01m[KMinimalSubscriber::MinimalSubscriber()[m[K’:
[01m[K/home/rusty/GITrepo/visualizer/src/visualizer.cpp:34:6:[m[K [01;35m[Kwarning: [m[Kunused variable ‘[01m[KnumCallbackCalled[m[K’ [[01;35m[K-Wunused-variable[m[K]
   34 |  int [01;35m[KnumCallbackCalled[m[K = 0;
      |      [01;35m[K^~~~~~~~~~~~~~~~~[m[K
[01m[K/home/rusty/GITrepo/visualizer/src/visualizer.cpp:[m[K In member function ‘[01m[Kvoid MinimalSubscriber::topic_callback(geometry_msgs::msg::Pose_<std::allocator<void> >::SharedPtr)[m[K’:
[01m[K/home/rusty/GITrepo/visualizer/src/visualizer.cpp:70:5:[m[K [01;31m[Kerror: [m[K‘[01m[Klet[m[K’ was not declared in this scope
   70 |     [01;31m[Klet[m[K x = msg->position.x;
      |     [01;31m[K^~~[m[K
[01m[K/home/rusty/GITrepo/visualizer/src/visualizer.cpp:71:8:[m[K [01;31m[Kerror: [m[Kexpected ‘[01m[K;[m[K’ before ‘[01m[Ky[m[K’
   71 |     let[01;31m[K [m[K[32m[Ky[m[K = msg->position.y;
      |        [01;31m[K^[m[K[32m[K~[m[K
      |        [32m[K;[m[K
[01m[K/home/rusty/GITrepo/visualizer/src/visualizer.cpp:72:8:[m[K [01;31m[Kerror: [m[Kexpected ‘[01m[K;[m[K’ before ‘[01m[Kz[m[K’
   72 |     let[01;31m[K [m[K[32m[Kz[m[K = msg->position.z;
      |        [01;31m[K^[m[K[32m[K~[m[K
      |        [32m[K;[m[K
[01m[K/home/rusty/GITrepo/visualizer/src/visualizer.cpp:90:29:[m[K [01;31m[Kerror: [m[K‘[01m[Kx[m[K’ was not declared in this scope
   90 |  cv::circle(traj, cv::Point([01;31m[Kx[m[K+x_offset,z+z_offset), 1, CV_RGB(255,0,0), 2);
      |                             [01;31m[K^[m[K
[01m[K/home/rusty/GITrepo/visualizer/src/visualizer.cpp:90:40:[m[K [01;31m[Kerror: [m[K‘[01m[Kz[m[K’ was not declared in this scope
   90 |  cv::circle(traj, cv::Point(x+x_offset,[01;31m[Kz[m[K+z_offset), 1, CV_RGB(255,0,0), 2);
      |                                        [01;31m[K^[m[K
[01m[K/home/rusty/GITrepo/visualizer/src/visualizer.cpp:67:12:[m[K [01;35m[Kwarning: [m[Kunused variable ‘[01m[Kscale[m[K’ [[01;35m[K-Wunused-variable[m[K]
   67 |     double [01;35m[Kscale[m[K = 1; //getAbsoluteScale(numCallbackCalled, 0, t.at<double>(2));
      |            [01;35m[K^~~~~[m[K
make[2]: *** [CMakeFiles/visualizer.dir/build.make:63: CMakeFiles/visualizer.dir/src/visualizer.cpp.o] Error 1
make[1]: *** [CMakeFiles/Makefile2:80: CMakeFiles/visualizer.dir/all] Error 2
make: *** [Makefile:141: all] Error 2
