[35m[1mScanning dependencies of target visualizer[0m
[ 50%] Built target talker
[ 75%] [32mBuilding CXX object CMakeFiles/visualizer.dir/src/visualizer.cpp.o[0m
[01m[K/home/rusty/GITrepo/visualizer/src/visualizer.cpp:54:24:[m[K [01;31m[Kerror: [m[Kredeclaration of ‘[01m[Kstd::vector<cv::Mat> MinimalSubscriber::groundTruth[m[K’
   54 |   std::vector<cv::Mat> [01;31m[KgroundTruth[m[K;
      |                        [01;31m[K^~~~~~~~~~~[m[K
[01m[K/home/rusty/GITrepo/visualizer/src/visualizer.cpp:44:24:[m[K [01;36m[Knote: [m[Kprevious declaration ‘[01m[Kstd::vector<cv::Mat> MinimalSubscriber::groundTruth[m[K’
   44 |   std::vector<cv::Mat> [01;36m[KgroundTruth[m[K;
      |                        [01;36m[K^~~~~~~~~~~[m[K
[01m[K/home/rusty/GITrepo/visualizer/src/visualizer.cpp:99:40:[m[K [01;31m[Kerror: [m[K‘[01m[Kstring[m[K’ has not been declared
   99 |   std::vector<cv::Mat> loadGroundTruth([01;31m[Kstring[m[K filename) {
      |                                        [01;31m[K^~~~~~[m[K
[01m[K/home/rusty/GITrepo/visualizer/src/visualizer.cpp:[m[K In constructor ‘[01m[KMinimalSubscriber::MinimalSubscriber()[m[K’:
[01m[K/home/rusty/GITrepo/visualizer/src/visualizer.cpp:28:35:[m[K [01;31m[Kerror: [m[Kinvalid conversion from ‘[01m[Kconst char*[m[K’ to ‘[01m[Kint[m[K’ [[01;31m[K-fpermissive[m[K]
   28 |     groundTruth = loadGroundTruth([01;31m[K"~/rgbd_dataset_freiburg1_desk2/groundtruth.txt"[m[K);
      |                                   [01;31m[K^~~~~~~~~~~~~~~~~~~~~~~~~~~~~~~~~~~~~~~~~~~~~~~~[m[K
      |                                   [01;31m[K|[m[K
      |                                   [01;31m[Kconst char*[m[K
[01m[K/home/rusty/GITrepo/visualizer/src/visualizer.cpp:99:47:[m[K [01;36m[Knote: [m[K  initializing argument 1 of ‘[01m[Kstd::vector<cv::Mat> MinimalSubscriber::loadGroundTruth(int)[m[K’
   99 |   std::vector<cv::Mat> loadGroundTruth([01;36m[Kstring filename[m[K) {
      |                                        [01;36m[K~~~~~~~^~~~~~~~[m[K
[01m[K/home/rusty/GITrepo/visualizer/src/visualizer.cpp:33:6:[m[K [01;35m[Kwarning: [m[Kunused variable ‘[01m[KnumCallbackCalled[m[K’ [[01;35m[K-Wunused-variable[m[K]
   33 |  int [01;35m[KnumCallbackCalled[m[K = 0;
      |      [01;35m[K^~~~~~~~~~~~~~~~~[m[K
[01m[K/home/rusty/GITrepo/visualizer/src/visualizer.cpp:[m[K In member function ‘[01m[Kvoid MinimalSubscriber::topic_callback(std_msgs::msg::String_<std::allocator<void> >::SharedPtr) const[m[K’:
[01m[K/home/rusty/GITrepo/visualizer/src/visualizer.cpp:61:39:[m[K [01;31m[Kerror: [m[K‘[01m[Ki[m[K’ was not declared in this scope
   61 |   last_frame = cv::imread(frame_paths[[01;31m[Ki[m[K]);
      |                                       [01;31m[K^[m[K
[01m[K/home/rusty/GITrepo/visualizer/src/visualizer.cpp:65:38:[m[K [01;31m[Kerror: [m[K‘[01m[Ki[m[K’ was not declared in this scope
   65 |  curr_frame = cv::imread(frame_paths[[01;31m[Ki[m[K]);
      |                                      [01;31m[K^[m[K
[01m[K/home/rusty/GITrepo/visualizer/src/visualizer.cpp:68:15:[m[K [01;31m[Kerror: [m[Kpassing ‘[01m[Kconst cv::Mat[m[K’ as ‘[01m[Kthis[m[K’ argument discards qualifiers [[01;31m[K-fpermissive[m[K]
   68 |  last_frame = [01;31m[Kcurr_frame[m[K;
      |               [01;31m[K^~~~~~~~~~[m[K
In file included from [01m[K/usr/include/opencv4/opencv2/core/mat.hpp:3724[m[K,
                 from [01m[K/usr/include/opencv4/opencv2/core.hpp:59[m[K,
                 from [01m[K/usr/include/opencv4/opencv2/opencv.hpp:52[m[K,
                 from [01m[K/home/rusty/GITrepo/visualizer/src/visualizer.cpp:3[m[K:
[01m[K/usr/include/opencv4/opencv2/core/mat.inl.hpp:743:6:[m[K [01;36m[Knote: [m[K  in call to ‘[01m[Kcv::Mat& cv::Mat::operator=(const cv::Mat&)[m[K’
  743 | Mat& [01;36m[KMat[m[K::operator = (const Mat& m)
      |      [01;36m[K^~~[m[K
[01m[K/home/rusty/GITrepo/visualizer/src/visualizer.cpp:69:2:[m[K [01;31m[Kerror: [m[K‘[01m[KnumCallBackCalled[m[K’ was not declared in this scope; did you mean ‘[01m[KnumCallbackCalled[m[K’?
   69 |  [01;31m[KnumCallBackCalled[m[K++;
      |  [01;31m[K^~~~~~~~~~~~~~~~~[m[K
      |  [32m[KnumCallbackCalled[m[K
[01m[K/home/rusty/GITrepo/visualizer/src/visualizer.cpp:71:59:[m[K [01;31m[Kerror: [m[K‘[01m[Kt[m[K’ was not declared in this scope; did you mean ‘[01m[Ktm[m[K’?
   71 |     double scale = getAbsoluteScale(numCallbackCalled, 0, [01;31m[Kt[m[K.at<double>(2));
      |                                                           [01;31m[K^[m[K
      |                                                           [32m[Ktm[m[K
[01m[K/home/rusty/GITrepo/visualizer/src/visualizer.cpp:71:64:[m[K [01;31m[Kerror: [m[Kexpected primary-expression before ‘[01m[Kdouble[m[K’
   71 |     double scale = getAbsoluteScale(numCallbackCalled, 0, t.at<[01;31m[Kdouble[m[K>(2));
      |                                                                [01;31m[K^~~~~~[m[K
[01m[K/home/rusty/GITrepo/visualizer/src/visualizer.cpp:71:20:[m[K [01;31m[Kerror: [m[K‘[01m[KgetAbsoluteScale[m[K’ was not declared in this scope
   71 |     double scale = [01;31m[KgetAbsoluteScale[m[K(numCallbackCalled, 0, t.at<double>(2));
      |                    [01;31m[K^~~~~~~~~~~~~~~~[m[K
[01m[K/home/rusty/GITrepo/visualizer/src/visualizer.cpp:74:14:[m[K [01;31m[Kerror: [m[K‘[01m[KR[m[K’ was not declared in this scope
   74 |     traj_R = [01;31m[KR[m[K*traj_R;
      |              [01;31m[K^[m[K
[01m[K/home/rusty/GITrepo/visualizer/src/visualizer.cpp:57:62:[m[K [01;35m[Kwarning: [m[Kunused parameter ‘[01m[Kmsg[m[K’ [[01;35m[K-Wunused-parameter[m[K]
   57 |   void topic_callback([01;35m[Kconst std_msgs::msg::String::SharedPtr msg[m[K) const
      |                       [01;35m[K~~~~~~~~~~~~~~~~~~~~~~~~~~~~~~~~~~~~~~~^~~[m[K
[01m[K/home/rusty/GITrepo/visualizer/src/visualizer.cpp:[m[K In member function ‘[01m[Kstd::vector<cv::Mat> MinimalSubscriber::loadGroundTruth(int)[m[K’:
[01m[K/home/rusty/GITrepo/visualizer/src/visualizer.cpp:101:24:[m[K [01;31m[Kerror: [m[Kinvalid conversion from ‘[01m[Kint[m[K’ to ‘[01m[Kconst char*[m[K’ [[01;31m[K-fpermissive[m[K]
  101 |     std::ifstream file([01;31m[Kfilename[m[K);
      |                        [01;31m[K^~~~~~~~[m[K
      |                        [01;31m[K|[m[K
      |                        [01;31m[Kint[m[K
In file included from [01m[K/usr/include/opencv4/opencv2/videostab/global_motion.hpp:47[m[K,
                 from [01m[K/usr/include/opencv4/opencv2/videostab/stabilizer.hpp:50[m[K,
                 from [01m[K/usr/include/opencv4/opencv2/videostab.hpp:78[m[K,
                 from [01m[K/usr/include/opencv4/opencv2/opencv.hpp:101[m[K,
                 from [01m[K/home/rusty/GITrepo/visualizer/src/visualizer.cpp:3[m[K:
[01m[K/usr/include/c++/9/fstream:529:34:[m[K [01;36m[Knote: [m[K  initializing argument 1 of ‘[01m[Kstd::basic_ifstream<_CharT, _Traits>::basic_ifstream(const char*, std::ios_base::openmode) [with _CharT = char; _Traits = std::char_traits<char>; std::ios_base::openmode = std::_Ios_Openmode][m[K’
  529 |       basic_ifstream([01;36m[Kconst char* __s[m[K, ios_base::openmode __mode = ios_base::in)
      |                      [01;36m[K~~~~~~~~~~~~^~~[m[K
make[2]: *** [CMakeFiles/visualizer.dir/build.make:63: CMakeFiles/visualizer.dir/src/visualizer.cpp.o] Error 1
make[1]: *** [CMakeFiles/Makefile2:80: CMakeFiles/visualizer.dir/all] Error 2
make: *** [Makefile:141: all] Error 2
