[0.031s] Invoking command in '/home/rusty/GITrepo/visualizer/build/visualizer': CMAKE_PREFIX_PATH=${CMAKE_PREFIX_PATH}:/home/rusty/turtlbot3_ws/install/turtlebot3_teleop:/home/rusty/turtlbot3_ws/install/turtlebot3_example:/opt/ros/foxy /usr/bin/cmake --build /home/rusty/GITrepo/visualizer/build/visualizer -- -j8 -l8
[0.074s] -- Found ament_cmake: 0.9.7 (/opt/ros/foxy/share/ament_cmake/cmake)
[0.117s] -- Using PYTHON_EXECUTABLE: /usr/bin/python3
[0.443s] -- Found rclcpp: 2.2.0 (/opt/ros/foxy/share/rclcpp/cmake)
[0.484s] -- Using all available rosidl_typesupport_c: rosidl_typesupport_fastrtps_c;rosidl_typesupport_introspection_c
[0.490s] -- Found rosidl_adapter: 1.1.0 (/opt/ros/foxy/share/rosidl_adapter/cmake)
[0.668s] -- Using all available rosidl_typesupport_cpp: rosidl_typesupport_fastrtps_cpp;rosidl_typesupport_introspection_cpp
[0.754s] -- Found rmw_implementation_cmake: 1.0.2 (/opt/ros/foxy/share/rmw_implementation_cmake/cmake)
[0.757s] -- Using RMW implementation 'rmw_fastrtps_cpp' as default
[1.032s] CMake Error at CMakeLists.txt:35 (install):
[1.032s]   install TARGETS given target "listener" which does not exist.
[1.032s] 
[1.033s] 
[1.033s] -- Found ament_lint_auto: 0.9.5 (/opt/ros/foxy/share/ament_lint_auto/cmake)
[1.135s] -- Added test 'copyright' to check source files copyright and LICENSE
[1.155s] -- Added test 'cppcheck' to perform static code analysis on C / C++ code
[1.155s] -- Configured cppcheck include dirs: 
[1.156s] -- Configured cppcheck exclude dirs and/or files: 
[1.175s] -- Added test 'cpplint' to check C / C++ code against the Google style
[1.175s] -- Configured cpplint exclude dirs and/or files: 
[1.178s] -- Added test 'flake8' to check Python code syntax and style conventions
[1.184s] -- Added test 'lint_cmake' to check CMake code style
[1.187s] -- Added test 'pep257' to check Python code against some of the style conventions in PEP 257
[1.206s] -- Added test 'uncrustify' to check C / C++ code style
[1.207s] -- Configured uncrustify additional arguments: 
[1.209s] -- Added test 'xmllint' to check XML markup files
[1.214s] -- Configuring incomplete, errors occurred!
[1.214s] See also "/home/rusty/GITrepo/visualizer/build/visualizer/CMakeFiles/CMakeOutput.log".
[1.214s] See also "/home/rusty/GITrepo/visualizer/build/visualizer/CMakeFiles/CMakeError.log".
[1.223s] make: *** [Makefile:354: cmake_check_build_system] Error 1
[1.227s] Invoked command in '/home/rusty/GITrepo/visualizer/build/visualizer' returned '2': CMAKE_PREFIX_PATH=${CMAKE_PREFIX_PATH}:/home/rusty/turtlbot3_ws/install/turtlebot3_teleop:/home/rusty/turtlbot3_ws/install/turtlebot3_example:/opt/ros/foxy /usr/bin/cmake --build /home/rusty/GITrepo/visualizer/build/visualizer -- -j8 -l8
