[35m[1mScanning dependencies of target sub[0m
[ 33%] Built target talker
[ 66%] Built target visualizer
[ 83%] [32mBuilding CXX object CMakeFiles/sub.dir/src/subscriber.cpp.o[0m
[100%] [32m[1mLinking CXX executable sub[0m
[100%] Built target sub
-- Install configuration: ""
-- Up-to-date: /home/rusty/GITrepo/visualizer/install/visualizer/lib/visualizer/talker
-- Up-to-date: /home/rusty/GITrepo/visualizer/install/visualizer/lib/visualizer/visualizer
-- Installing: /home/rusty/GITrepo/visualizer/install/visualizer/lib/visualizer/sub
-- Set runtime path of "/home/rusty/GITrepo/visualizer/install/visualizer/lib/visualizer/sub" to ""
-- Up-to-date: /home/rusty/GITrepo/visualizer/install/visualizer/share/ament_index/resource_index/package_run_dependencies/visualizer
-- Up-to-date: /home/rusty/GITrepo/visualizer/install/visualizer/share/ament_index/resource_index/parent_prefix_path/visualizer
-- Up-to-date: /home/rusty/GITrepo/visualizer/install/visualizer/share/visualizer/environment/ament_prefix_path.sh
-- Up-to-date: /home/rusty/GITrepo/visualizer/install/visualizer/share/visualizer/environment/ament_prefix_path.dsv
-- Up-to-date: /home/rusty/GITrepo/visualizer/install/visualizer/share/visualizer/environment/path.sh
-- Up-to-date: /home/rusty/GITrepo/visualizer/install/visualizer/share/visualizer/environment/path.dsv
-- Up-to-date: /home/rusty/GITrepo/visualizer/install/visualizer/share/visualizer/local_setup.bash
-- Up-to-date: /home/rusty/GITrepo/visualizer/install/visualizer/share/visualizer/local_setup.sh
-- Up-to-date: /home/rusty/GITrepo/visualizer/install/visualizer/share/visualizer/local_setup.zsh
-- Up-to-date: /home/rusty/GITrepo/visualizer/install/visualizer/share/visualizer/local_setup.dsv
-- Installing: /home/rusty/GITrepo/visualizer/install/visualizer/share/visualizer/package.dsv
-- Up-to-date: /home/rusty/GITrepo/visualizer/install/visualizer/share/ament_index/resource_index/packages/visualizer
-- Up-to-date: /home/rusty/GITrepo/visualizer/install/visualizer/share/visualizer/cmake/visualizerConfig.cmake
-- Up-to-date: /home/rusty/GITrepo/visualizer/install/visualizer/share/visualizer/cmake/visualizerConfig-version.cmake
-- Up-to-date: /home/rusty/GITrepo/visualizer/install/visualizer/share/visualizer/package.xml
