-- Found ament_cmake: 0.9.7 (/opt/ros/foxy/share/ament_cmake/cmake)
-- Using PYTHON_EXECUTABLE: /usr/bin/python3
-- Found rclcpp: 2.2.0 (/opt/ros/foxy/share/rclcpp/cmake)
-- Using all available rosidl_typesupport_c: rosidl_typesupport_fastrtps_c;rosidl_typesupport_introspection_c
-- Found rosidl_adapter: 1.1.0 (/opt/ros/foxy/share/rosidl_adapter/cmake)
-- Using all available rosidl_typesupport_cpp: rosidl_typesupport_fastrtps_cpp;rosidl_typesupport_introspection_cpp
-- Found rmw_implementation_cmake: 1.0.2 (/opt/ros/foxy/share/rmw_implementation_cmake/cmake)
-- Using RMW implementation 'rmw_fastrtps_cpp' as default
-- Found geometry_msgs: 2.0.3 (/opt/ros/foxy/share/geometry_msgs/cmake)
CMake Error at CMakeLists.txt:36 (add_executable):
  add_executable cannot create target "talker" because another target with
  the same name already exists.  The existing target is an executable created
  in source directory "/home/rusty/GITrepo/visualizer".  See documentation
  for policy CMP0002 for more details.


CMake Error at /opt/ros/foxy/share/ament_cmake_target_dependencies/cmake/ament_target_dependencies.cmake:40 (message):
  ament_target_dependencies() the first argument must be a valid target name
Call Stack (most recent call first):
  CMakeLists.txt:37 (ament_target_dependencies)


-- Configuring incomplete, errors occurred!
See also "/home/rusty/GITrepo/visualizer/build/visualizer/CMakeFiles/CMakeOutput.log".
See also "/home/rusty/GITrepo/visualizer/build/visualizer/CMakeFiles/CMakeError.log".
make: *** [Makefile:310: cmake_check_build_system] Error 1
