[0.030s] Invoking command in '/home/rusty/GITrepo/visualizer/build/visualizer': CMAKE_PREFIX_PATH=${CMAKE_PREFIX_PATH}:/home/rusty/turtlbot3_ws/install/turtlebot3_teleop:/home/rusty/turtlbot3_ws/install/turtlebot3_example:/opt/ros/foxy /usr/bin/cmake --build /home/rusty/GITrepo/visualizer/build/visualizer -- -j8 -l8
[0.075s] -- Found ament_cmake: 0.9.7 (/opt/ros/foxy/share/ament_cmake/cmake)
[0.127s] -- Using PYTHON_EXECUTABLE: /usr/bin/python3
[0.455s] -- Found rclcpp: 2.2.0 (/opt/ros/foxy/share/rclcpp/cmake)
[0.497s] -- Using all available rosidl_typesupport_c: rosidl_typesupport_fastrtps_c;rosidl_typesupport_introspection_c
[0.503s] -- Found rosidl_adapter: 1.1.0 (/opt/ros/foxy/share/rosidl_adapter/cmake)
[0.712s] -- Using all available rosidl_typesupport_cpp: rosidl_typesupport_fastrtps_cpp;rosidl_typesupport_introspection_cpp
[0.801s] -- Found rmw_implementation_cmake: 1.0.2 (/opt/ros/foxy/share/rmw_implementation_cmake/cmake)
[0.804s] -- Using RMW implementation 'rmw_fastrtps_cpp' as default
[1.058s] -- Found geometry_msgs: 2.0.3 (/opt/ros/foxy/share/geometry_msgs/cmake)
[1.141s] CMake Error at CMakeLists.txt:36 (add_executable):
[1.141s]   add_executable cannot create target "talker" because another target with
[1.141s]   the same name already exists.  The existing target is an executable created
[1.142s]   in source directory "/home/rusty/GITrepo/visualizer".  See documentation
[1.142s]   for policy CMP0002 for more details.
[1.142s] 
[1.142s] 
[1.142s] CMake Error at /opt/ros/foxy/share/ament_cmake_target_dependencies/cmake/ament_target_dependencies.cmake:40 (message):
[1.142s]   ament_target_dependencies() the first argument must be a valid target name
[1.143s] Call Stack (most recent call first):
[1.143s]   CMakeLists.txt:37 (ament_target_dependencies)
[1.143s] 
[1.143s] 
[1.144s] -- Configuring incomplete, errors occurred!
[1.144s] See also "/home/rusty/GITrepo/visualizer/build/visualizer/CMakeFiles/CMakeOutput.log".
[1.144s] See also "/home/rusty/GITrepo/visualizer/build/visualizer/CMakeFiles/CMakeError.log".
[1.152s] make: *** [Makefile:310: cmake_check_build_system] Error 1
[1.156s] Invoked command in '/home/rusty/GITrepo/visualizer/build/visualizer' returned '2': CMAKE_PREFIX_PATH=${CMAKE_PREFIX_PATH}:/home/rusty/turtlbot3_ws/install/turtlebot3_teleop:/home/rusty/turtlbot3_ws/install/turtlebot3_example:/opt/ros/foxy /usr/bin/cmake --build /home/rusty/GITrepo/visualizer/build/visualizer -- -j8 -l8
