[01m[K/home/rusty/GITrepo/visualizer/src/visualizer.cpp:[m[K In constructor ‘[01m[KMinimalSubscriber::MinimalSubscriber()[m[K’:
[01m[K/home/rusty/GITrepo/visualizer/src/visualizer.cpp:20:86:[m[K [01;31m[Kerror: [m[Kno match for ‘[01m[Koperator=[m[K’ (operand types are ‘[01m[Krclcpp::Subscription<std_msgs::msg::String_<std::allocator<void> > >::SharedPtr[m[K’ {aka ‘[01m[Kstd::shared_ptr<rclcpp::Subscription<std_msgs::msg::String_<std::allocator<void> > > >[m[K’} and ‘[01m[Kstd::shared_ptr<rclcpp::Subscription<geometry_msgs::msg::Pose_<std::allocator<void> >, std::allocator<void>, rclcpp::message_memory_strategy::MessageMemoryStrategy<geometry_msgs::msg::Pose_<std::allocator<void> >, std::allocator<void> > > >[m[K’)
   20 |       "visualizer_topic", 10, std::bind(&MinimalSubscriber::topic_callback, this, _1)[01;31m[K)[m[K;
      |                                                                                      [01;31m[K^[m[K
In file included from [01m[K/usr/include/c++/9/memory:81[m[K,
                 from [01m[K/home/rusty/GITrepo/visualizer/src/visualizer.cpp:2[m[K:
[01m[K/usr/include/c++/9/bits/shared_ptr.h:309:19:[m[K [01;36m[Knote: [m[Kcandidate: ‘[01m[Kstd::shared_ptr<_Tp>& std::shared_ptr<_Tp>::operator=(const std::shared_ptr<_Tp>&) [with _Tp = rclcpp::Subscription<std_msgs::msg::String_<std::allocator<void> > >][m[K’
  309 |       shared_ptr& [01;36m[Koperator[m[K=(const shared_ptr&) noexcept = default;
      |                   [01;36m[K^~~~~~~~[m[K
[01m[K/usr/include/c++/9/bits/shared_ptr.h:309:29:[m[K [01;36m[Knote: [m[K  no known conversion for argument 1 from ‘[01m[Kstd::shared_ptr<rclcpp::Subscription<geometry_msgs::msg::Pose_<std::allocator<void> >, std::allocator<void>, rclcpp::message_memory_strategy::MessageMemoryStrategy<geometry_msgs::msg::Pose_<std::allocator<void> >, std::allocator<void> > > >[m[K’ to ‘[01m[Kconst std::shared_ptr<rclcpp::Subscription<std_msgs::msg::String_<std::allocator<void> > > >&[m[K’
  309 |       shared_ptr& operator=([01;36m[Kconst shared_ptr&[m[K) noexcept = default;
      |                             [01;36m[K^~~~~~~~~~~~~~~~~[m[K
[01m[K/usr/include/c++/9/bits/shared_ptr.h:313:2:[m[K [01;36m[Knote: [m[Kcandidate: ‘[01m[Ktemplate<class _Yp> std::shared_ptr<_Tp>::_Assignable<const std::shared_ptr<_Yp>&> std::shared_ptr<_Tp>::operator=(const std::shared_ptr<_Yp>&) [with _Yp = _Yp; _Tp = rclcpp::Subscription<std_msgs::msg::String_<std::allocator<void> > >][m[K’
  313 |  [01;36m[Koperator[m[K=(const shared_ptr<_Yp>& __r) noexcept
      |  [01;36m[K^~~~~~~~[m[K
[01m[K/usr/include/c++/9/bits/shared_ptr.h:313:2:[m[K [01;36m[Knote: [m[K  template argument deduction/substitution failed:
/usr/include/c++/9/bits/shared_ptr.h: In substitution of ‘[01m[Ktemplate<class _Tp> template<class _Arg> using _Assignable = typename std::enable_if<std::is_assignable<std::__shared_ptr<_Tp>&, _Arg>::value, std::shared_ptr<_Tp>&>::type [with _Arg = const std::shared_ptr<rclcpp::Subscription<geometry_msgs::msg::Pose_<std::allocator<void> >, std::allocator<void>, rclcpp::message_memory_strategy::MessageMemoryStrategy<geometry_msgs::msg::Pose_<std::allocator<void> >, std::allocator<void> > > >&; _Tp = rclcpp::Subscription<std_msgs::msg::String_<std::allocator<void> > >][m[K’:
[01m[K/usr/include/c++/9/bits/shared_ptr.h:313:2:[m[K   required by substitution of ‘[01m[Ktemplate<class _Yp> std::shared_ptr<rclcpp::Subscription<std_msgs::msg::String_<std::allocator<void> > > >::_Assignable<const std::shared_ptr<_Tp>&> std::shared_ptr<rclcpp::Subscription<std_msgs::msg::String_<std::allocator<void> > > >::operator=<_Yp>(const std::shared_ptr<_Tp>&) [with _Yp = rclcpp::Subscription<geometry_msgs::msg::Pose_<std::allocator<void> >, std::allocator<void>, rclcpp::message_memory_strategy::MessageMemoryStrategy<geometry_msgs::msg::Pose_<std::allocator<void> >, std::allocator<void> > >][m[K’
[01m[K/home/rusty/GITrepo/visualizer/src/visualizer.cpp:20:86:[m[K   required from here
[01m[K/usr/include/c++/9/bits/shared_ptr.h:111:8:[m[K [01;31m[Kerror: [m[Kno type named ‘[01m[Ktype[m[K’ in ‘[01m[Kstruct std::enable_if<false, std::shared_ptr<rclcpp::Subscription<std_msgs::msg::String_<std::allocator<void> > > >&>[m[K’
  111 |  using [01;31m[K_Assignable[m[K = typename enable_if<
      |        [01;31m[K^~~~~~~~~~~[m[K
[01m[K/usr/include/c++/9/bits/shared_ptr.h:324:2:[m[K [01;36m[Knote: [m[Kcandidate: ‘[01m[Ktemplate<class _Yp> std::shared_ptr<_Tp>::_Assignable<std::auto_ptr<_Up> > std::shared_ptr<_Tp>::operator=(std::auto_ptr<_Up>&&) [with _Yp = _Yp; _Tp = rclcpp::Subscription<std_msgs::msg::String_<std::allocator<void> > >][m[K’
  324 |  [01;36m[Koperator[m[K=(auto_ptr<_Yp>&& __r)
      |  [01;36m[K^~~~~~~~[m[K
[01m[K/usr/include/c++/9/bits/shared_ptr.h:324:2:[m[K [01;36m[Knote: [m[K  template argument deduction/substitution failed:
[01m[K/home/rusty/GITrepo/visualizer/src/visualizer.cpp:20:86:[m[K [01;36m[Knote: [m[K  ‘[01m[Kstd::shared_ptr<rclcpp::Subscription<geometry_msgs::msg::Pose_<std::allocator<void> >, std::allocator<void>, rclcpp::message_memory_strategy::MessageMemoryStrategy<geometry_msgs::msg::Pose_<std::allocator<void> >, std::allocator<void> > > >[m[K’ is not derived from ‘[01m[Kstd::auto_ptr<_Up>[m[K’
   20 |       "visualizer_topic", 10, std::bind(&MinimalSubscriber::topic_callback, this, _1)[01;36m[K)[m[K;
      |                                                                                      [01;36m[K^[m[K
In file included from [01m[K/usr/include/c++/9/memory:81[m[K,
                 from [01m[K/home/rusty/GITrepo/visualizer/src/visualizer.cpp:2[m[K:
[01m[K/usr/include/c++/9/bits/shared_ptr.h:333:7:[m[K [01;36m[Knote: [m[Kcandidate: ‘[01m[Kstd::shared_ptr<_Tp>& std::shared_ptr<_Tp>::operator=(std::shared_ptr<_Tp>&&) [with _Tp = rclcpp::Subscription<std_msgs::msg::String_<std::allocator<void> > >][m[K’
  333 |       [01;36m[Koperator[m[K=(shared_ptr&& __r) noexcept
      |       [01;36m[K^~~~~~~~[m[K
[01m[K/usr/include/c++/9/bits/shared_ptr.h:333:30:[m[K [01;36m[Knote: [m[K  no known conversion for argument 1 from ‘[01m[Kstd::shared_ptr<rclcpp::Subscription<geometry_msgs::msg::Pose_<std::allocator<void> >, std::allocator<void>, rclcpp::message_memory_strategy::MessageMemoryStrategy<geometry_msgs::msg::Pose_<std::allocator<void> >, std::allocator<void> > > >[m[K’ to ‘[01m[Kstd::shared_ptr<rclcpp::Subscription<std_msgs::msg::String_<std::allocator<void> > > >&&[m[K’
  333 |       operator=([01;36m[Kshared_ptr&& __r[m[K) noexcept
      |                 [01;36m[K~~~~~~~~~~~~~^~~[m[K
[01m[K/usr/include/c++/9/bits/shared_ptr.h:341:2:[m[K [01;36m[Knote: [m[Kcandidate: ‘[01m[Ktemplate<class _Yp> std::shared_ptr<_Tp>::_Assignable<std::shared_ptr<_Yp> > std::shared_ptr<_Tp>::operator=(std::shared_ptr<_Yp>&&) [with _Yp = _Yp; _Tp = rclcpp::Subscription<std_msgs::msg::String_<std::allocator<void> > >][m[K’
  341 |  [01;36m[Koperator[m[K=(shared_ptr<_Yp>&& __r) noexcept
      |  [01;36m[K^~~~~~~~[m[K
[01m[K/usr/include/c++/9/bits/shared_ptr.h:341:2:[m[K [01;36m[Knote: [m[K  template argument deduction/substitution failed:
/usr/include/c++/9/bits/shared_ptr.h: In substitution of ‘[01m[Ktemplate<class _Tp> template<class _Arg> using _Assignable = typename std::enable_if<std::is_assignable<std::__shared_ptr<_Tp>&, _Arg>::value, std::shared_ptr<_Tp>&>::type [with _Arg = std::shared_ptr<rclcpp::Subscription<geometry_msgs::msg::Pose_<std::allocator<void> >, std::allocator<void>, rclcpp::message_memory_strategy::MessageMemoryStrategy<geometry_msgs::msg::Pose_<std::allocator<void> >, std::allocator<void> > > >; _Tp = rclcpp::Subscription<std_msgs::msg::String_<std::allocator<void> > >][m[K’:
[01m[K/usr/include/c++/9/bits/shared_ptr.h:341:2:[m[K   required by substitution of ‘[01m[Ktemplate<class _Yp> std::shared_ptr<rclcpp::Subscription<std_msgs::msg::String_<std::allocator<void> > > >::_Assignable<std::shared_ptr<_Tp> > std::shared_ptr<rclcpp::Subscription<std_msgs::msg::String_<std::allocator<void> > > >::operator=<_Yp>(std::shared_ptr<_Tp>&&) [with _Yp = rclcpp::Subscription<geometry_msgs::msg::Pose_<std::allocator<void> >, std::allocator<void>, rclcpp::message_memory_strategy::MessageMemoryStrategy<geometry_msgs::msg::Pose_<std::allocator<void> >, std::allocator<void> > >][m[K’
[01m[K/home/rusty/GITrepo/visualizer/src/visualizer.cpp:20:86:[m[K   required from here
[01m[K/usr/include/c++/9/bits/shared_ptr.h:111:8:[m[K [01;31m[Kerror: [m[Kno type named ‘[01m[Ktype[m[K’ in ‘[01m[Kstruct std::enable_if<false, std::shared_ptr<rclcpp::Subscription<std_msgs::msg::String_<std::allocator<void> > > >&>[m[K’
  111 |  using [01;31m[K_Assignable[m[K = typename enable_if<
      |        [01;31m[K^~~~~~~~~~~[m[K
[01m[K/usr/include/c++/9/bits/shared_ptr.h:349:2:[m[K [01;36m[Knote: [m[Kcandidate: ‘[01m[Ktemplate<class _Yp, class _Del> std::shared_ptr<_Tp>::_Assignable<std::unique_ptr<_Up, _Ep> > std::shared_ptr<_Tp>::operator=(std::unique_ptr<_Up, _Ep>&&) [with _Yp = _Yp; _Del = _Del; _Tp = rclcpp::Subscription<std_msgs::msg::String_<std::allocator<void> > >][m[K’
  349 |  [01;36m[Koperator[m[K=(unique_ptr<_Yp, _Del>&& __r)
      |  [01;36m[K^~~~~~~~[m[K
[01m[K/usr/include/c++/9/bits/shared_ptr.h:349:2:[m[K [01;36m[Knote: [m[K  template argument deduction/substitution failed:
[01m[K/home/rusty/GITrepo/visualizer/src/visualizer.cpp:20:86:[m[K [01;36m[Knote: [m[K  ‘[01m[Kstd::shared_ptr<rclcpp::Subscription<geometry_msgs::msg::Pose_<std::allocator<void> >, std::allocator<void>, rclcpp::message_memory_strategy::MessageMemoryStrategy<geometry_msgs::msg::Pose_<std::allocator<void> >, std::allocator<void> > > >[m[K’ is not derived from ‘[01m[Kstd::unique_ptr<_Tp, _Dp>[m[K’
   20 |       "visualizer_topic", 10, std::bind(&MinimalSubscriber::topic_callback, this, _1)[01;36m[K)[m[K;
      |                                                                                      [01;36m[K^[m[K
[01m[K/home/rusty/GITrepo/visualizer/src/visualizer.cpp:34:6:[m[K [01;35m[Kwarning: [m[Kunused variable ‘[01m[KnumCallbackCalled[m[K’ [[01;35m[K-Wunused-variable[m[K]
   34 |  int [01;35m[KnumCallbackCalled[m[K = 0;
      |      [01;35m[K^~~~~~~~~~~~~~~~~[m[K
[01m[K/home/rusty/GITrepo/visualizer/src/visualizer.cpp:[m[K In member function ‘[01m[Kvoid MinimalSubscriber::topic_callback(geometry_msgs::msg::Pose_<std::allocator<void> >::SharedPtr)[m[K’:
[01m[K/home/rusty/GITrepo/visualizer/src/visualizer.cpp:69:45:[m[K [01;31m[Kerror: [m[K‘[01m[Kusing element_type = struct geometry_msgs::msg::Pose_<std::allocator<void> >[m[K’ {aka ‘[01m[Kstruct geometry_msgs::msg::Pose_<std::allocator<void> >[m[K’} has no member named ‘[01m[Kpose[m[K’
   69 |     cv::Mat R = cv::Mat(1, 3, CV_32F, {msg->[01;31m[Kpose[m[K->position.x, msg->pose->position.y, msg->pose->position.z});
      |                                             [01;31m[K^~~~[m[K
[01m[K/home/rusty/GITrepo/visualizer/src/visualizer.cpp:69:68:[m[K [01;31m[Kerror: [m[K‘[01m[Kusing element_type = struct geometry_msgs::msg::Pose_<std::allocator<void> >[m[K’ {aka ‘[01m[Kstruct geometry_msgs::msg::Pose_<std::allocator<void> >[m[K’} has no member named ‘[01m[Kpose[m[K’
   69 |     cv::Mat R = cv::Mat(1, 3, CV_32F, {msg->pose->position.x, msg->[01;31m[Kpose[m[K->position.y, msg->pose->position.z});
      |                                                                    [01;31m[K^~~~[m[K
[01m[K/home/rusty/GITrepo/visualizer/src/visualizer.cpp:69:91:[m[K [01;31m[Kerror: [m[K‘[01m[Kusing element_type = struct geometry_msgs::msg::Pose_<std::allocator<void> >[m[K’ {aka ‘[01m[Kstruct geometry_msgs::msg::Pose_<std::allocator<void> >[m[K’} has no member named ‘[01m[Kpose[m[K’
   69 |     cv::Mat R = cv::Mat(1, 3, CV_32F, {msg->pose->position.x, msg->pose->position.y, msg->[01;31m[Kpose[m[K->position.z});
      |                                                                                           [01;31m[K^~~~[m[K
[01m[K/home/rusty/GITrepo/visualizer/src/visualizer.cpp:69:108:[m[K [01;31m[Kerror: [m[Kno matching function for call to ‘[01m[Kcv::Mat::Mat(int, int, int, <brace-enclosed initializer list>)[m[K’
   69 |     cv::Mat R = cv::Mat(1, 3, CV_32F, {msg->pose->position.x, msg->pose->position.y, msg->pose->position.z}[01;31m[K)[m[K;
      |                                                                                                            [01;31m[K^[m[K
In file included from [01m[K/usr/include/opencv4/opencv2/core/mat.hpp:3724[m[K,
                 from [01m[K/usr/include/opencv4/opencv2/core.hpp:59[m[K,
                 from [01m[K/usr/include/opencv4/opencv2/opencv.hpp:52[m[K,
                 from [01m[K/home/rusty/GITrepo/visualizer/src/visualizer.cpp:3[m[K:
[01m[K/usr/include/opencv4/opencv2/core/mat.inl.hpp:1380:1:[m[K [01;36m[Knote: [m[Kcandidate: ‘[01m[Kcv::Mat::Mat(cv::Mat&&)[m[K’
 1380 | [01;36m[KMat[m[K::Mat(Mat&& m)
      | [01;36m[K^~~[m[K
[01m[K/usr/include/opencv4/opencv2/core/mat.inl.hpp:1380:1:[m[K [01;36m[Knote: [m[K  candidate expects 1 argument, 4 provided
In file included from [01m[K/usr/include/opencv4/opencv2/core/cuda.hpp:1047[m[K,
                 from [01m[K/usr/include/opencv4/opencv2/stitching/detail/warpers.hpp:47[m[K,
                 from [01m[K/usr/include/opencv4/opencv2/stitching/warpers.hpp:46[m[K,
                 from [01m[K/usr/include/opencv4/opencv2/stitching.hpp:48[m[K,
                 from [01m[K/usr/include/opencv4/opencv2/opencv.hpp:89[m[K,
                 from [01m[K/home/rusty/GITrepo/visualizer/src/visualizer.cpp:3[m[K:
[01m[K/usr/include/opencv4/opencv2/core/cuda.inl.hpp:621:1:[m[K [01;36m[Knote: [m[Kcandidate: ‘[01m[Kcv::Mat::Mat(const cv::cuda::GpuMat&)[m[K’
  621 | [01;36m[KMat[m[K::Mat(const cuda::GpuMat& m)
      | [01;36m[K^~~[m[K
[01m[K/usr/include/opencv4/opencv2/core/cuda.inl.hpp:621:1:[m[K [01;36m[Knote: [m[K  candidate expects 1 argument, 4 provided
In file included from [01m[K/usr/include/opencv4/opencv2/core.hpp:59[m[K,
                 from [01m[K/usr/include/opencv4/opencv2/opencv.hpp:52[m[K,
                 from [01m[K/home/rusty/GITrepo/visualizer/src/visualizer.cpp:3[m[K:
[01m[K/usr/include/opencv4/opencv2/core/mat.hpp:1038:37:[m[K [01;36m[Knote: [m[Kcandidate: ‘[01m[Ktemplate<class _Tp> cv::Mat::Mat(const cv::MatCommaInitializer_<_Tp>&)[m[K’
 1038 |     template<typename _Tp> explicit [01;36m[KMat[m[K(const MatCommaInitializer_<_Tp>& commaInitializer);
      |                                     [01;36m[K^~~[m[K
[01m[K/usr/include/opencv4/opencv2/core/mat.hpp:1038:37:[m[K [01;36m[Knote: [m[K  template argument deduction/substitution failed:
[01m[K/home/rusty/GITrepo/visualizer/src/visualizer.cpp:69:108:[m[K [01;36m[Knote: [m[K  mismatched types ‘[01m[Kconst cv::MatCommaInitializer_<_Tp>[m[K’ and ‘[01m[Kint[m[K’
   69 |     cv::Mat R = cv::Mat(1, 3, CV_32F, {msg->pose->position.x, msg->pose->position.y, msg->pose->position.z}[01;36m[K)[m[K;
      |                                                                                                            [01;36m[K^[m[K
In file included from [01m[K/usr/include/opencv4/opencv2/core.hpp:59[m[K,
                 from [01m[K/usr/include/opencv4/opencv2/opencv.hpp:52[m[K,
                 from [01m[K/home/rusty/GITrepo/visualizer/src/visualizer.cpp:3[m[K:
[01m[K/usr/include/opencv4/opencv2/core/mat.hpp:1034:37:[m[K [01;36m[Knote: [m[Kcandidate: ‘[01m[Ktemplate<class _Tp> cv::Mat::Mat(const cv::Point3_<_Tp>&, bool)[m[K’
 1034 |     template<typename _Tp> explicit [01;36m[KMat[m[K(const Point3_<_Tp>& pt, bool copyData=true);
      |                                     [01;36m[K^~~[m[K
[01m[K/usr/include/opencv4/opencv2/core/mat.hpp:1034:37:[m[K [01;36m[Knote: [m[K  template argument deduction/substitution failed:
[01m[K/home/rusty/GITrepo/visualizer/src/visualizer.cpp:69:108:[m[K [01;36m[Knote: [m[K  mismatched types ‘[01m[Kconst cv::Point3_<_Tp>[m[K’ and ‘[01m[Kint[m[K’
   69 |     cv::Mat R = cv::Mat(1, 3, CV_32F, {msg->pose->position.x, msg->pose->position.y, msg->pose->position.z}[01;36m[K)[m[K;
      |                                                                                                            [01;36m[K^[m[K
In file included from [01m[K/usr/include/opencv4/opencv2/core.hpp:59[m[K,
                 from [01m[K/usr/include/opencv4/opencv2/opencv.hpp:52[m[K,
                 from [01m[K/home/rusty/GITrepo/visualizer/src/visualizer.cpp:3[m[K:
[01m[K/usr/include/opencv4/opencv2/core/mat.hpp:1030:37:[m[K [01;36m[Knote: [m[Kcandidate: ‘[01m[Ktemplate<class _Tp> cv::Mat::Mat(const cv::Point_<_Tp>&, bool)[m[K’
 1030 |     template<typename _Tp> explicit [01;36m[KMat[m[K(const Point_<_Tp>& pt, bool copyData=true);
      |                                     [01;36m[K^~~[m[K
[01m[K/usr/include/opencv4/opencv2/core/mat.hpp:1030:37:[m[K [01;36m[Knote: [m[K  template argument deduction/substitution failed:
[01m[K/home/rusty/GITrepo/visualizer/src/visualizer.cpp:69:108:[m[K [01;36m[Knote: [m[K  mismatched types ‘[01m[Kconst cv::Point_<_Tp>[m[K’ and ‘[01m[Kint[m[K’
   69 |     cv::Mat R = cv::Mat(1, 3, CV_32F, {msg->pose->position.x, msg->pose->position.y, msg->pose->position.z}[01;36m[K)[m[K;
      |                                                                                                            [01;36m[K^[m[K
In file included from [01m[K/usr/include/opencv4/opencv2/core.hpp:59[m[K,
                 from [01m[K/usr/include/opencv4/opencv2/opencv.hpp:52[m[K,
                 from [01m[K/home/rusty/GITrepo/visualizer/src/visualizer.cpp:3[m[K:
[01m[K/usr/include/opencv4/opencv2/core/mat.hpp:1026:51:[m[K [01;36m[Knote: [m[Kcandidate: ‘[01m[Ktemplate<class _Tp, int m, int n> cv::Mat::Mat(const cv::Matx<_Tp, m, n>&, bool)[m[K’
 1026 |     template<typename _Tp, int m, int n> explicit [01;36m[KMat[m[K(const Matx<_Tp, m, n>& mtx, bool copyData=true);
      |                                                   [01;36m[K^~~[m[K
[01m[K/usr/include/opencv4/opencv2/core/mat.hpp:1026:51:[m[K [01;36m[Knote: [m[K  template argument deduction/substitution failed:
[01m[K/home/rusty/GITrepo/visualizer/src/visualizer.cpp:69:108:[m[K [01;36m[Knote: [m[K  mismatched types ‘[01m[Kconst cv::Matx<_Tp, m, n>[m[K’ and ‘[01m[Kint[m[K’
   69 |     cv::Mat R = cv::Mat(1, 3, CV_32F, {msg->pose->position.x, msg->pose->position.y, msg->pose->position.z}[01;36m[K)[m[K;
      |                                                                                                            [01;36m[K^[m[K
In file included from [01m[K/usr/include/opencv4/opencv2/core.hpp:59[m[K,
                 from [01m[K/usr/include/opencv4/opencv2/opencv.hpp:52[m[K,
                 from [01m[K/home/rusty/GITrepo/visualizer/src/visualizer.cpp:3[m[K:
[01m[K/usr/include/opencv4/opencv2/core/mat.hpp:1022:44:[m[K [01;36m[Knote: [m[Kcandidate: ‘[01m[Ktemplate<class _Tp, int n> cv::Mat::Mat(const cv::Vec<_Tp, m>&, bool)[m[K’
 1022 |     template<typename _Tp, int n> explicit [01;36m[KMat[m[K(const Vec<_Tp, n>& vec, bool copyData=true);
      |                                            [01;36m[K^~~[m[K
[01m[K/usr/include/opencv4/opencv2/core/mat.hpp:1022:44:[m[K [01;36m[Knote: [m[K  template argument deduction/substitution failed:
[01m[K/home/rusty/GITrepo/visualizer/src/visualizer.cpp:69:108:[m[K [01;36m[Knote: [m[K  mismatched types ‘[01m[Kconst cv::Vec<_Tp, m>[m[K’ and ‘[01m[Kint[m[K’
   69 |     cv::Mat R = cv::Mat(1, 3, CV_32F, {msg->pose->position.x, msg->pose->position.y, msg->pose->position.z}[01;36m[K)[m[K;
      |                                                                                                            [01;36m[K^[m[K
In file included from [01m[K/usr/include/opencv4/opencv2/core.hpp:59[m[K,
                 from [01m[K/usr/include/opencv4/opencv2/opencv.hpp:52[m[K,
                 from [01m[K/home/rusty/GITrepo/visualizer/src/visualizer.cpp:3[m[K:
[01m[K/usr/include/opencv4/opencv2/core/mat.hpp:1018:49:[m[K [01;36m[Knote: [m[Kcandidate: ‘[01m[Ktemplate<class _Tp, long unsigned int _Nm> cv::Mat::Mat(const std::array<_Tp, _Nm>&, bool)[m[K’
 1018 |     template<typename _Tp, size_t _Nm> explicit [01;36m[KMat[m[K(const std::array<_Tp, _Nm>& arr, bool copyData=false);
      |                                                 [01;36m[K^~~[m[K
[01m[K/usr/include/opencv4/opencv2/core/mat.hpp:1018:49:[m[K [01;36m[Knote: [m[K  template argument deduction/substitution failed:
[01m[K/home/rusty/GITrepo/visualizer/src/visualizer.cpp:69:108:[m[K [01;36m[Knote: [m[K  mismatched types ‘[01m[Kconst std::array<_Tp, _Nm>[m[K’ and ‘[01m[Kint[m[K’
   69 |     cv::Mat R = cv::Mat(1, 3, CV_32F, {msg->pose->position.x, msg->pose->position.y, msg->pose->position.z}[01;36m[K)[m[K;
      |                                                                                                            [01;36m[K^[m[K
In file included from [01m[K/usr/include/opencv4/opencv2/core.hpp:59[m[K,
                 from [01m[K/usr/include/opencv4/opencv2/opencv.hpp:52[m[K,
                 from [01m[K/home/rusty/GITrepo/visualizer/src/visualizer.cpp:3[m[K:
[01m[K/usr/include/opencv4/opencv2/core/mat.hpp:1014:37:[m[K [01;36m[Knote: [m[Kcandidate: ‘[01m[Ktemplate<class _Tp> cv::Mat::Mat(std::initializer_list<int>, std::initializer_list<_Tp>)[m[K’
 1014 |     template<typename _Tp> explicit [01;36m[KMat[m[K(const std::initializer_list<int> sizes, const std::initializer_list<_Tp> list);
      |                                     [01;36m[K^~~[m[K
[01m[K/usr/include/opencv4/opencv2/core/mat.hpp:1014:37:[m[K [01;36m[Knote: [m[K  template argument deduction/substitution failed:
[01m[K/home/rusty/GITrepo/visualizer/src/visualizer.cpp:69:108:[m[K [01;36m[Knote: [m[K  mismatched types ‘[01m[Kstd::initializer_list<_Tp>[m[K’ and ‘[01m[Kint[m[K’
   69 |     cv::Mat R = cv::Mat(1, 3, CV_32F, {msg->pose->position.x, msg->pose->position.y, msg->pose->position.z}[01;36m[K)[m[K;
      |                                                                                                            [01;36m[K^[m[K
In file included from [01m[K/usr/include/opencv4/opencv2/core.hpp:59[m[K,
                 from [01m[K/usr/include/opencv4/opencv2/opencv.hpp:52[m[K,
                 from [01m[K/home/rusty/GITrepo/visualizer/src/visualizer.cpp:3[m[K:
[01m[K/usr/include/opencv4/opencv2/core/mat.hpp:1010:14:[m[K [01;36m[Knote: [m[Kcandidate: ‘[01m[Ktemplate<class _Tp, class> cv::Mat::Mat(std::initializer_list<_Tp>)[m[K’
 1010 |     explicit [01;36m[KMat[m[K(const std::initializer_list<_Tp> list);
      |              [01;36m[K^~~[m[K
[01m[K/usr/include/opencv4/opencv2/core/mat.hpp:1010:14:[m[K [01;36m[Knote: [m[K  template argument deduction/substitution failed:
[01m[K/home/rusty/GITrepo/visualizer/src/visualizer.cpp:69:108:[m[K [01;36m[Knote: [m[K  mismatched types ‘[01m[Kstd::initializer_list<_Tp>[m[K’ and ‘[01m[Kint[m[K’
   69 |     cv::Mat R = cv::Mat(1, 3, CV_32F, {msg->pose->position.x, msg->pose->position.y, msg->pose->position.z}[01;36m[K)[m[K;
      |                                                                                                            [01;36m[K^[m[K
In file included from [01m[K/usr/include/opencv4/opencv2/core.hpp:59[m[K,
                 from [01m[K/usr/include/opencv4/opencv2/opencv.hpp:52[m[K,
                 from [01m[K/home/rusty/GITrepo/visualizer/src/visualizer.cpp:3[m[K:
[01m[K/usr/include/opencv4/opencv2/core/mat.hpp:1005:37:[m[K [01;36m[Knote: [m[Kcandidate: ‘[01m[Ktemplate<class _Tp> cv::Mat::Mat(const std::vector<_Tp>&, bool)[m[K’
 1005 |     template<typename _Tp> explicit [01;36m[KMat[m[K(const std::vector<_Tp>& vec, bool copyData=false);
      |                                     [01;36m[K^~~[m[K
[01m[K/usr/include/opencv4/opencv2/core/mat.hpp:1005:37:[m[K [01;36m[Knote: [m[K  template argument deduction/substitution failed:
[01m[K/home/rusty/GITrepo/visualizer/src/visualizer.cpp:69:108:[m[K [01;36m[Knote: [m[K  mismatched types ‘[01m[Kconst std::vector<_Tp>[m[K’ and ‘[01m[Kint[m[K’
   69 |     cv::Mat R = cv::Mat(1, 3, CV_32F, {msg->pose->position.x, msg->pose->position.y, msg->pose->position.z}[01;36m[K)[m[K;
      |                                                                                                            [01;36m[K^[m[K
In file included from [01m[K/usr/include/opencv4/opencv2/core.hpp:59[m[K,
                 from [01m[K/usr/include/opencv4/opencv2/opencv.hpp:52[m[K,
                 from [01m[K/home/rusty/GITrepo/visualizer/src/visualizer.cpp:3[m[K:
[01m[K/usr/include/opencv4/opencv2/core/mat.hpp:987:5:[m[K [01;36m[Knote: [m[Kcandidate: ‘[01m[Kcv::Mat::Mat(const cv::Mat&, const std::vector<cv::Range>&)[m[K’
  987 |     [01;36m[KMat[m[K(const Mat& m, const std::vector<Range>& ranges);
      |     [01;36m[K^~~[m[K
[01m[K/usr/include/opencv4/opencv2/core/mat.hpp:987:5:[m[K [01;36m[Knote: [m[K  candidate expects 2 arguments, 4 provided
[01m[K/usr/include/opencv4/opencv2/core/mat.hpp:977:5:[m[K [01;36m[Knote: [m[Kcandidate: ‘[01m[Kcv::Mat::Mat(const cv::Mat&, const cv::Range*)[m[K’
  977 |     [01;36m[KMat[m[K(const Mat& m, const Range* ranges);
      |     [01;36m[K^~~[m[K
[01m[K/usr/include/opencv4/opencv2/core/mat.hpp:977:5:[m[K [01;36m[Knote: [m[K  candidate expects 2 arguments, 4 provided
[01m[K/usr/include/opencv4/opencv2/core/mat.hpp:967:5:[m[K [01;36m[Knote: [m[Kcandidate: ‘[01m[Kcv::Mat::Mat(const cv::Mat&, const Rect&)[m[K’
  967 |     [01;36m[KMat[m[K(const Mat& m, const Rect& roi);
      |     [01;36m[K^~~[m[K
[01m[K/usr/include/opencv4/opencv2/core/mat.hpp:967:5:[m[K [01;36m[Knote: [m[K  candidate expects 2 arguments, 4 provided
[01m[K/usr/include/opencv4/opencv2/core/mat.hpp:957:5:[m[K [01;36m[Knote: [m[Kcandidate: ‘[01m[Kcv::Mat::Mat(const cv::Mat&, const cv::Range&, const cv::Range&)[m[K’
  957 |     [01;36m[KMat[m[K(const Mat& m, const Range& rowRange, const Range& colRange=Range::all());
      |     [01;36m[K^~~[m[K
[01m[K/usr/include/opencv4/opencv2/core/mat.hpp:957:5:[m[K [01;36m[Knote: [m[K  candidate expects 3 arguments, 4 provided
[01m[K/usr/include/opencv4/opencv2/core/mat.hpp:945:5:[m[K [01;36m[Knote: [m[Kcandidate: ‘[01m[Kcv::Mat::Mat(const std::vector<int>&, int, void*, const size_t*)[m[K’
  945 |     [01;36m[KMat[m[K(const std::vector<int>& sizes, int type, void* data, const size_t* steps=0);
      |     [01;36m[K^~~[m[K
[01m[K/usr/include/opencv4/opencv2/core/mat.hpp:945:33:[m[K [01;36m[Knote: [m[K  no known conversion for argument 1 from ‘[01m[Kint[m[K’ to ‘[01m[Kconst std::vector<int>&[m[K’
  945 |     Mat([01;36m[Kconst std::vector<int>& sizes[m[K, int type, void* data, const size_t* steps=0);
      |         [01;36m[K~~~~~~~~~~~~~~~~~~~~~~~~^~~~~[m[K
[01m[K/usr/include/opencv4/opencv2/core/mat.hpp:931:5:[m[K [01;36m[Knote: [m[Kcandidate: ‘[01m[Kcv::Mat::Mat(int, const int*, int, void*, const size_t*)[m[K’
  931 |     [01;36m[KMat[m[K(int ndims, const int* sizes, int type, void* data, const size_t* steps=0);
      |     [01;36m[K^~~[m[K
[01m[K/usr/include/opencv4/opencv2/core/mat.hpp:931:54:[m[K [01;36m[Knote: [m[K  no known conversion for argument 4 from ‘[01m[K<brace-enclosed initializer list>[m[K’ to ‘[01m[Kvoid*[m[K’
  931 |     Mat(int ndims, const int* sizes, int type, [01;36m[Kvoid* data[m[K, const size_t* steps=0);
      |                                                [01;36m[K~~~~~~^~~~[m[K
In file included from [01m[K/usr/include/opencv4/opencv2/core/mat.hpp:3724[m[K,
                 from [01m[K/usr/include/opencv4/opencv2/core.hpp:59[m[K,
                 from [01m[K/usr/include/opencv4/opencv2/opencv.hpp:52[m[K,
                 from [01m[K/home/rusty/GITrepo/visualizer/src/visualizer.cpp:3[m[K:
[01m[K/usr/include/opencv4/opencv2/core/mat.inl.hpp:572:1:[m[K [01;36m[Knote: [m[Kcandidate: ‘[01m[Kcv::Mat::Mat(cv::Size, int, void*, size_t)[m[K’
  572 | [01;36m[KMat[m[K::Mat(Size _sz, int _type, void* _data, size_t _step)
      | [01;36m[K^~~[m[K
[01m[K/usr/include/opencv4/opencv2/core/mat.inl.hpp:572:15:[m[K [01;36m[Knote: [m[K  no known conversion for argument 1 from ‘[01m[Kint[m[K’ to ‘[01m[Kcv::Size[m[K’ {aka ‘[01m[Kcv::Size_<int>[m[K’}
  572 | Mat::Mat([01;36m[KSize _sz[m[K, int _type, void* _data, size_t _step)
      |          [01;36m[K~~~~~^~~[m[K
[01m[K/usr/include/opencv4/opencv2/core/mat.inl.hpp:543:1:[m[K [01;36m[Knote: [m[Kcandidate: ‘[01m[Kcv::Mat::Mat(int, int, int, void*, size_t)[m[K’
  543 | [01;36m[KMat[m[K::Mat(int _rows, int _cols, int _type, void* _data, size_t _step)
      | [01;36m[K^~~[m[K
[01m[K/usr/include/opencv4/opencv2/core/mat.inl.hpp:543:49:[m[K [01;36m[Knote: [m[K  no known conversion for argument 4 from ‘[01m[K<brace-enclosed initializer list>[m[K’ to ‘[01m[Kvoid*[m[K’
  543 | Mat::Mat(int _rows, int _cols, int _type, [01;36m[Kvoid* _data[m[K, size_t _step)
      |                                           [01;36m[K~~~~~~^~~~~[m[K
[01m[K/usr/include/opencv4/opencv2/core/mat.inl.hpp:524:1:[m[K [01;36m[Knote: [m[Kcandidate: ‘[01m[Kcv::Mat::Mat(const cv::Mat&)[m[K’
  524 | [01;36m[KMat[m[K::Mat(const Mat& m)
      | [01;36m[K^~~[m[K
[01m[K/usr/include/opencv4/opencv2/core/mat.inl.hpp:524:1:[m[K [01;36m[Knote: [m[K  candidate expects 1 argument, 4 provided
[01m[K/usr/include/opencv4/opencv2/core/mat.inl.hpp:515:1:[m[K [01;36m[Knote: [m[Kcandidate: ‘[01m[Kcv::Mat::Mat(const std::vector<int>&, int, const Scalar&)[m[K’
  515 | [01;36m[KMat[m[K::Mat(const std::vector<int>& _sz, int _type, const Scalar& _s)
      | [01;36m[K^~~[m[K
[01m[K/usr/include/opencv4/opencv2/core/mat.inl.hpp:515:1:[m[K [01;36m[Knote: [m[K  candidate expects 3 arguments, 4 provided
[01m[K/usr/include/opencv4/opencv2/core/mat.inl.hpp:498:1:[m[K [01;36m[Knote: [m[Kcandidate: ‘[01m[Kcv::Mat::Mat(int, const int*, int, const Scalar&)[m[K’
  498 | [01;36m[KMat[m[K::Mat(int _dims, const int* _sz, int _type, const Scalar& _s)
      | [01;36m[K^~~[m[K
[01m[K/usr/include/opencv4/opencv2/core/mat.inl.hpp:498:62:[m[K [01;36m[Knote: [m[K  no known conversion for argument 4 from ‘[01m[K<brace-enclosed initializer list>[m[K’ to ‘[01m[Kconst Scalar&[m[K’ {aka ‘[01m[Kconst cv::Scalar_<double>&[m[K’}
  498 | Mat::Mat(int _dims, const int* _sz, int _type, [01;36m[Kconst Scalar& _s[m[K)
      |                                                [01;36m[K~~~~~~~~~~~~~~^~[m[K
[01m[K/usr/include/opencv4/opencv2/core/mat.inl.hpp:507:1:[m[K [01;36m[Knote: [m[Kcandidate: ‘[01m[Kcv::Mat::Mat(const std::vector<int>&, int)[m[K’
  507 | [01;36m[KMat[m[K::Mat(const std::vector<int>& _sz, int _type)
      | [01;36m[K^~~[m[K
[01m[K/usr/include/opencv4/opencv2/core/mat.inl.hpp:507:1:[m[K [01;36m[Knote: [m[K  candidate expects 2 arguments, 4 provided
[01m[K/usr/include/opencv4/opencv2/core/mat.inl.hpp:490:1:[m[K [01;36m[Knote: [m[Kcandidate: ‘[01m[Kcv::Mat::Mat(int, const int*, int)[m[K’
  490 | [01;36m[KMat[m[K::Mat(int _dims, const int* _sz, int _type)
      | [01;36m[K^~~[m[K
[01m[K/usr/include/opencv4/opencv2/core/mat.inl.hpp:490:1:[m[K [01;36m[Knote: [m[K  candidate expects 3 arguments, 4 provided
[01m[K/usr/include/opencv4/opencv2/core/mat.inl.hpp:481:1:[m[K [01;36m[Knote: [m[Kcandidate: ‘[01m[Kcv::Mat::Mat(cv::Size, int, const Scalar&)[m[K’
  481 | [01;36m[KMat[m[K::Mat(Size _sz, int _type, const Scalar& _s)
      | [01;36m[K^~~[m[K
[01m[K/usr/include/opencv4/opencv2/core/mat.inl.hpp:481:1:[m[K [01;36m[Knote: [m[K  candidate expects 3 arguments, 4 provided
[01m[K/usr/include/opencv4/opencv2/core/mat.inl.hpp:464:1:[m[K [01;36m[Knote: [m[Kcandidate: ‘[01m[Kcv::Mat::Mat(int, int, int, const Scalar&)[m[K’
  464 | [01;36m[KMat[m[K::Mat(int _rows, int _cols, int _type, const Scalar& _s)
      | [01;36m[K^~~[m[K
[01m[K/usr/include/opencv4/opencv2/core/mat.inl.hpp:464:57:[m[K [01;36m[Knote: [m[K  no known conversion for argument 4 from ‘[01m[K<brace-enclosed initializer list>[m[K’ to ‘[01m[Kconst Scalar&[m[K’ {aka ‘[01m[Kconst cv::Scalar_<double>&[m[K’}
  464 | Mat::Mat(int _rows, int _cols, int _type, [01;36m[Kconst Scalar& _s[m[K)
      |                                           [01;36m[K~~~~~~~~~~~~~~^~[m[K
[01m[K/usr/include/opencv4/opencv2/core/mat.inl.hpp:473:1:[m[K [01;36m[Knote: [m[Kcandidate: ‘[01m[Kcv::Mat::Mat(cv::Size, int)[m[K’
  473 | [01;36m[KMat[m[K::Mat(Size _sz, int _type)
      | [01;36m[K^~~[m[K
[01m[K/usr/include/opencv4/opencv2/core/mat.inl.hpp:473:1:[m[K [01;36m[Knote: [m[K  candidate expects 2 arguments, 4 provided
[01m[K/usr/include/opencv4/opencv2/core/mat.inl.hpp:456:1:[m[K [01;36m[Knote: [m[Kcandidate: ‘[01m[Kcv::Mat::Mat(int, int, int)[m[K’
  456 | [01;36m[KMat[m[K::Mat(int _rows, int _cols, int _type)
      | [01;36m[K^~~[m[K
[01m[K/usr/include/opencv4/opencv2/core/mat.inl.hpp:456:1:[m[K [01;36m[Knote: [m[K  candidate expects 3 arguments, 4 provided
[01m[K/usr/include/opencv4/opencv2/core/mat.inl.hpp:450:1:[m[K [01;36m[Knote: [m[Kcandidate: ‘[01m[Kcv::Mat::Mat()[m[K’
  450 | [01;36m[KMat[m[K::Mat()
      | [01;36m[K^~~[m[K
[01m[K/usr/include/opencv4/opencv2/core/mat.inl.hpp:450:1:[m[K [01;36m[Knote: [m[K  candidate expects 0 arguments, 4 provided
[01m[K/home/rusty/GITrepo/visualizer/src/visualizer.cpp:67:12:[m[K [01;35m[Kwarning: [m[Kunused variable ‘[01m[Kscale[m[K’ [[01;35m[K-Wunused-variable[m[K]
   67 |     double [01;35m[Kscale[m[K = 1; //getAbsoluteScale(numCallbackCalled, 0, t.at<double>(2));
      |            [01;35m[K^~~~~[m[K
make[2]: *** [CMakeFiles/visualizer.dir/build.make:63: CMakeFiles/visualizer.dir/src/visualizer.cpp.o] Error 1
make[1]: *** [CMakeFiles/Makefile2:80: CMakeFiles/visualizer.dir/all] Error 2
make: *** [Makefile:141: all] Error 2
