[0.028s] Invoking command in '/home/rusty/GITrepo/visualizer/build/visualizer': CMAKE_PREFIX_PATH=${CMAKE_PREFIX_PATH}:/home/rusty/turtlbot3_ws/install/turtlebot3_teleop:/home/rusty/turtlbot3_ws/install/turtlebot3_example:/opt/ros/foxy /usr/bin/cmake --build /home/rusty/GITrepo/visualizer/build/visualizer -- -j8 -l8
[0.108s] [35m[1mScanning dependencies of target sub[0m
[0.140s] [ 33%] Built target talker
[0.144s] [ 66%] Built target visualizer
[0.174s] [ 83%] [32mBuilding CXX object CMakeFiles/sub.dir/src/subscriber.cpp.o[0m
[4.694s] [01m[K/home/rusty/GITrepo/visualizer/src/subscriber.cpp:[m[K In constructor ‘[01m[KMinimalSubscriber::MinimalSubscriber()[m[K’:
[4.694s] [01m[K/home/rusty/GITrepo/visualizer/src/subscriber.cpp:33:7:[m[K [01;35m[Kwarning: [m[Kunused variable ‘[01m[KnumCallbackCalled[m[K’ [[01;35m[K-Wunused-variable[m[K]
[4.694s]    33 |   int [01;35m[KnumCallbackCalled[m[K = 0;
[4.695s]       |       [01;35m[K^~~~~~~~~~~~~~~~~[m[K
[11.318s] [100%] [32m[1mLinking CXX executable sub[0m
[11.803s] [100%] Built target sub
[11.822s] Invoked command in '/home/rusty/GITrepo/visualizer/build/visualizer' returned '0': CMAKE_PREFIX_PATH=${CMAKE_PREFIX_PATH}:/home/rusty/turtlbot3_ws/install/turtlebot3_teleop:/home/rusty/turtlbot3_ws/install/turtlebot3_example:/opt/ros/foxy /usr/bin/cmake --build /home/rusty/GITrepo/visualizer/build/visualizer -- -j8 -l8
[11.888s] Invoking command in '/home/rusty/GITrepo/visualizer/build/visualizer': CMAKE_PREFIX_PATH=${CMAKE_PREFIX_PATH}:/home/rusty/turtlbot3_ws/install/turtlebot3_teleop:/home/rusty/turtlbot3_ws/install/turtlebot3_example:/opt/ros/foxy /usr/bin/cmake --install /home/rusty/GITrepo/visualizer/build/visualizer
[11.899s] -- Install configuration: ""
[11.900s] -- Up-to-date: /home/rusty/GITrepo/visualizer/install/visualizer/lib/visualizer/talker
[11.901s] -- Up-to-date: /home/rusty/GITrepo/visualizer/install/visualizer/lib/visualizer/visualizer
[11.901s] -- Installing: /home/rusty/GITrepo/visualizer/install/visualizer/lib/visualizer/sub
[11.907s] -- Set runtime path of "/home/rusty/GITrepo/visualizer/install/visualizer/lib/visualizer/sub" to ""
[11.908s] -- Up-to-date: /home/rusty/GITrepo/visualizer/install/visualizer/share/ament_index/resource_index/package_run_dependencies/visualizer
[11.908s] -- Up-to-date: /home/rusty/GITrepo/visualizer/install/visualizer/share/ament_index/resource_index/parent_prefix_path/visualizer
[11.908s] -- Up-to-date: /home/rusty/GITrepo/visualizer/install/visualizer/share/visualizer/environment/ament_prefix_path.sh
[11.908s] -- Up-to-date: /home/rusty/GITrepo/visualizer/install/visualizer/share/visualizer/environment/ament_prefix_path.dsv
[11.908s] -- Up-to-date: /home/rusty/GITrepo/visualizer/install/visualizer/share/visualizer/environment/path.sh
[11.909s] -- Up-to-date: /home/rusty/GITrepo/visualizer/install/visualizer/share/visualizer/environment/path.dsv
[11.909s] -- Up-to-date: /home/rusty/GITrepo/visualizer/install/visualizer/share/visualizer/local_setup.bash
[11.909s] -- Up-to-date: /home/rusty/GITrepo/visualizer/install/visualizer/share/visualizer/local_setup.sh
[11.909s] -- Up-to-date: /home/rusty/GITrepo/visualizer/install/visualizer/share/visualizer/local_setup.zsh
[11.909s] -- Up-to-date: /home/rusty/GITrepo/visualizer/install/visualizer/share/visualizer/local_setup.dsv
[11.909s] -- Installing: /home/rusty/GITrepo/visualizer/install/visualizer/share/visualizer/package.dsv
[11.910s] -- Up-to-date: /home/rusty/GITrepo/visualizer/install/visualizer/share/ament_index/resource_index/packages/visualizer
[11.910s] -- Up-to-date: /home/rusty/GITrepo/visualizer/install/visualizer/share/visualizer/cmake/visualizerConfig.cmake
[11.910s] -- Up-to-date: /home/rusty/GITrepo/visualizer/install/visualizer/share/visualizer/cmake/visualizerConfig-version.cmake
[11.910s] -- Up-to-date: /home/rusty/GITrepo/visualizer/install/visualizer/share/visualizer/package.xml
[11.914s] Invoked command in '/home/rusty/GITrepo/visualizer/build/visualizer' returned '0': CMAKE_PREFIX_PATH=${CMAKE_PREFIX_PATH}:/home/rusty/turtlbot3_ws/install/turtlebot3_teleop:/home/rusty/turtlbot3_ws/install/turtlebot3_example:/opt/ros/foxy /usr/bin/cmake --install /home/rusty/GITrepo/visualizer/build/visualizer
