[0.255s] DEBUG:colcon:Command line arguments: ['/usr/bin/colcon', 'build']
[0.255s] DEBUG:colcon:Parsed command line arguments: Namespace(ament_cmake_args=None, base_paths=['.'], build_base='build', catkin_cmake_args=None, catkin_skip_building_tests=False, cmake_args=None, cmake_clean_cache=False, cmake_clean_first=False, cmake_force_configure=False, cmake_target=None, cmake_target_skip_unavailable=False, continue_on_error=False, event_handlers=None, executor='parallel', ignore_user_meta=False, install_base='install', log_base=None, log_level=None, main=<bound method BuildVerb.main of <colcon_core.verb.build.BuildVerb object at 0x7f1372fd61f0>>, merge_install=False, metas=['./colcon.meta'], packages_above=None, packages_above_and_dependencies=None, packages_above_depth=None, packages_end=None, packages_ignore=None, packages_ignore_regex=None, packages_select=None, packages_select_build_failed=False, packages_select_by_dep=None, packages_select_regex=None, packages_select_test_failures=False, packages_skip=None, packages_skip_build_finished=False, packages_skip_by_dep=None, packages_skip_regex=None, packages_skip_test_passed=False, packages_skip_up_to=None, packages_start=None, packages_up_to=None, packages_up_to_regex=None, parallel_workers=8, paths=None, symlink_install=False, test_result_base=None, verb_extension=<colcon_core.verb.build.BuildVerb object at 0x7f1372fd61f0>, verb_name='build', verb_parser=<colcon_defaults.argument_parser.defaults.DefaultArgumentsDecorator object at 0x7f1372fd6730>)
[0.263s] Level 1:colcon.colcon_core.package_discovery:discover_packages(colcon_meta) check parameters
[0.263s] Level 1:colcon.colcon_core.package_discovery:discover_packages(recursive) check parameters
[0.263s] Level 1:colcon.colcon_core.package_discovery:discover_packages(ignore) check parameters
[0.263s] Level 1:colcon.colcon_core.package_discovery:discover_packages(path) check parameters
[0.263s] Level 1:colcon.colcon_core.package_discovery:discover_packages(colcon_meta) discover
[0.263s] Level 1:colcon.colcon_core.package_discovery:discover_packages(recursive) discover
[0.264s] INFO:colcon.colcon_core.package_discovery:Crawling recursively for packages in '/home/rusty/GITrepo/visualizer'
[0.264s] Level 1:colcon.colcon_core.package_identification:_identify(.) by extensions ['ignore', 'ignore_ament_install']
[0.264s] Level 1:colcon.colcon_core.package_identification:_identify(.) by extension 'ignore'
[0.264s] Level 1:colcon.colcon_core.package_identification:_identify(.) by extension 'ignore_ament_install'
[0.264s] Level 1:colcon.colcon_core.package_identification:_identify(.) by extensions ['colcon_pkg']
[0.264s] Level 1:colcon.colcon_core.package_identification:_identify(.) by extension 'colcon_pkg'
[0.264s] Level 1:colcon.colcon_core.package_identification:_identify(.) by extensions ['colcon_meta']
[0.264s] Level 1:colcon.colcon_core.package_identification:_identify(.) by extension 'colcon_meta'
[0.265s] Level 1:colcon.colcon_core.package_identification:_identify(.) by extensions ['ros']
[0.265s] Level 1:colcon.colcon_core.package_identification:_identify(.) by extension 'ros'
[0.288s] DEBUG:colcon.colcon_core.package_identification:Package '.' with type 'ros.ament_cmake' and name 'visualizer'
[0.288s] Level 1:colcon.colcon_core.package_discovery:discover_packages(recursive) using defaults
[0.288s] Level 1:colcon.colcon_core.package_discovery:discover_packages(ignore) discover
[0.288s] Level 1:colcon.colcon_core.package_discovery:discover_packages(ignore) using defaults
[0.288s] Level 1:colcon.colcon_core.package_discovery:discover_packages(path) discover
[0.288s] Level 1:colcon.colcon_core.package_discovery:discover_packages(path) using defaults
[0.323s] Level 5:colcon.colcon_core.verb:set package 'visualizer' build argument 'cmake_args' from command line to 'None'
[0.323s] Level 5:colcon.colcon_core.verb:set package 'visualizer' build argument 'cmake_target' from command line to 'None'
[0.323s] Level 5:colcon.colcon_core.verb:set package 'visualizer' build argument 'cmake_target_skip_unavailable' from command line to 'False'
[0.323s] Level 5:colcon.colcon_core.verb:set package 'visualizer' build argument 'cmake_clean_cache' from command line to 'False'
[0.323s] Level 5:colcon.colcon_core.verb:set package 'visualizer' build argument 'cmake_clean_first' from command line to 'False'
[0.324s] Level 5:colcon.colcon_core.verb:set package 'visualizer' build argument 'cmake_force_configure' from command line to 'False'
[0.324s] Level 5:colcon.colcon_core.verb:set package 'visualizer' build argument 'ament_cmake_args' from command line to 'None'
[0.324s] Level 5:colcon.colcon_core.verb:set package 'visualizer' build argument 'catkin_cmake_args' from command line to 'None'
[0.324s] Level 5:colcon.colcon_core.verb:set package 'visualizer' build argument 'catkin_skip_building_tests' from command line to 'False'
[0.324s] DEBUG:colcon.colcon_core.verb:Building package 'visualizer' with the following arguments: {'ament_cmake_args': None, 'build_base': '/home/rusty/GITrepo/visualizer/build/visualizer', 'catkin_cmake_args': None, 'catkin_skip_building_tests': False, 'cmake_args': None, 'cmake_clean_cache': False, 'cmake_clean_first': False, 'cmake_force_configure': False, 'cmake_target': None, 'cmake_target_skip_unavailable': False, 'install_base': '/home/rusty/GITrepo/visualizer/install/visualizer', 'merge_install': False, 'path': '/home/rusty/GITrepo/visualizer', 'symlink_install': False, 'test_result_base': None}
[0.324s] INFO:colcon.colcon_core.executor:Executing jobs using 'parallel' executor
[0.328s] DEBUG:colcon.colcon_parallel_executor.executor.parallel:run_until_complete
[0.328s] INFO:colcon.colcon_ros.task.ament_cmake.build:Building ROS package in '/home/rusty/GITrepo/visualizer' with build type 'ament_cmake'
[0.328s] INFO:colcon.colcon_cmake.task.cmake.build:Building CMake package in '/home/rusty/GITrepo/visualizer'
[0.333s] INFO:colcon.colcon_core.plugin_system:Skipping extension 'colcon_core.shell.bat': Not used on non-Windows systems
[0.334s] INFO:colcon.colcon_core.shell:Skip shell extension 'powershell' for command environment: Not usable outside of PowerShell
[0.334s] DEBUG:colcon.colcon_core.shell:Skip shell extension 'dsv' for command environment
[0.337s] WARNING:colcon.colcon_core.prefix_path.colcon:The path '/home/rusty/GITrepo/MonoVO/install' in the environment variable COLCON_PREFIX_PATH doesn't exist
[0.337s] WARNING:colcon.colcon_ros.prefix_path.ament:The path '/home/rusty/GITrepo/MonoVO/install/MonoVO' in the environment variable AMENT_PREFIX_PATH doesn't exist
[0.339s] WARNING:colcon.colcon_ros.prefix_path.catkin:The path '/home/rusty/GITrepo/MonoVO/install/MonoVO' in the environment variable CMAKE_PREFIX_PATH doesn't exist
[0.341s] DEBUG:colcon.colcon_core.shell:Ignoring prefix path '/opt/ros/foxy'
[0.354s] DEBUG:colcon.colcon_core.event_handler.log_command:Invoking command in '/home/rusty/GITrepo/visualizer/build/visualizer': CMAKE_PREFIX_PATH=${CMAKE_PREFIX_PATH}:/home/rusty/turtlbot3_ws/install/turtlebot3_teleop:/home/rusty/turtlbot3_ws/install/turtlebot3_example:/opt/ros/foxy /usr/bin/cmake --build /home/rusty/GITrepo/visualizer/build/visualizer -- -j8 -l8
[1.566s] DEBUG:colcon.colcon_core.event_handler.log_command:Invoked command in '/home/rusty/GITrepo/visualizer/build/visualizer' returned '2': CMAKE_PREFIX_PATH=${CMAKE_PREFIX_PATH}:/home/rusty/turtlbot3_ws/install/turtlebot3_teleop:/home/rusty/turtlbot3_ws/install/turtlebot3_example:/opt/ros/foxy /usr/bin/cmake --build /home/rusty/GITrepo/visualizer/build/visualizer -- -j8 -l8
[1.612s] Level 1:colcon.colcon_core.environment:create_environment_scripts_only(visualizer)
[1.618s] Level 1:colcon.colcon_core.environment:checking '/home/rusty/GITrepo/visualizer/install/visualizer' for CMake module files
[1.620s] Level 1:colcon.colcon_core.environment:checking '/home/rusty/GITrepo/visualizer/install/visualizer' for CMake config files
[1.620s] Level 1:colcon.colcon_core.shell:create_environment_hook('visualizer', 'cmake_prefix_path')
[1.621s] INFO:colcon.colcon_core.shell:Creating environment hook '/home/rusty/GITrepo/visualizer/install/visualizer/share/visualizer/hook/cmake_prefix_path.ps1'
[1.622s] INFO:colcon.colcon_core.shell:Creating environment descriptor '/home/rusty/GITrepo/visualizer/install/visualizer/share/visualizer/hook/cmake_prefix_path.dsv'
[1.622s] INFO:colcon.colcon_core.shell:Creating environment hook '/home/rusty/GITrepo/visualizer/install/visualizer/share/visualizer/hook/cmake_prefix_path.sh'
[1.624s] Level 1:colcon.colcon_core.environment:checking '/home/rusty/GITrepo/visualizer/install/visualizer/lib'
[1.624s] Level 1:colcon.colcon_core.environment:checking '/home/rusty/GITrepo/visualizer/install/visualizer/bin'
[1.625s] Level 1:colcon.colcon_core.environment:checking '/home/rusty/GITrepo/visualizer/install/visualizer/lib/pkgconfig/visualizer.pc'
[1.625s] Level 1:colcon.colcon_core.environment:checking '/home/rusty/GITrepo/visualizer/install/visualizer/lib/python3.8/site-packages'
[1.626s] INFO:colcon.colcon_core.shell:Creating package script '/home/rusty/GITrepo/visualizer/install/visualizer/share/visualizer/package.ps1'
[1.627s] INFO:colcon.colcon_core.shell:Creating package descriptor '/home/rusty/GITrepo/visualizer/install/visualizer/share/visualizer/package.dsv'
[1.628s] INFO:colcon.colcon_core.shell:Creating package script '/home/rusty/GITrepo/visualizer/install/visualizer/share/visualizer/package.sh'
[1.629s] INFO:colcon.colcon_core.shell:Creating package script '/home/rusty/GITrepo/visualizer/install/visualizer/share/visualizer/package.bash'
[1.630s] INFO:colcon.colcon_core.shell:Creating package script '/home/rusty/GITrepo/visualizer/install/visualizer/share/visualizer/package.zsh'
[1.632s] Level 1:colcon.colcon_core.environment:create_file_with_runtime_dependencies(/home/rusty/GITrepo/visualizer/install/visualizer/share/colcon-core/packages/visualizer)
[1.642s] DEBUG:colcon.colcon_parallel_executor.executor.parallel:closing loop
[1.643s] DEBUG:colcon.colcon_parallel_executor.executor.parallel:loop closed
[1.643s] DEBUG:colcon.colcon_parallel_executor.executor.parallel:run_until_complete finished with '2'
[1.643s] DEBUG:colcon.colcon_core.event_reactor:joining thread
[1.654s] INFO:colcon.colcon_core.plugin_system:Skipping extension 'colcon_notification.desktop_notification.terminal_notifier': Not used on non-Darwin systems
[1.654s] INFO:colcon.colcon_core.plugin_system:Skipping extension 'colcon_notification.desktop_notification.win32': Not used on non-Windows systems
[1.654s] INFO:colcon.colcon_notification.desktop_notification:Sending desktop notification using 'notify2'
[1.677s] DEBUG:colcon.colcon_core.event_reactor:joined thread
[1.678s] INFO:colcon.colcon_core.shell:Creating prefix script '/home/rusty/GITrepo/visualizer/install/local_setup.ps1'
[1.679s] INFO:colcon.colcon_core.shell:Creating prefix util module '/home/rusty/GITrepo/visualizer/install/_local_setup_util_ps1.py'
[1.682s] INFO:colcon.colcon_core.shell:Creating prefix chain script '/home/rusty/GITrepo/visualizer/install/setup.ps1'
[1.688s] INFO:colcon.colcon_core.shell:Creating prefix script '/home/rusty/GITrepo/visualizer/install/local_setup.sh'
[1.689s] INFO:colcon.colcon_core.shell:Creating prefix util module '/home/rusty/GITrepo/visualizer/install/_local_setup_util_sh.py'
[1.690s] INFO:colcon.colcon_core.shell:Creating prefix chain script '/home/rusty/GITrepo/visualizer/install/setup.sh'
[1.695s] INFO:colcon.colcon_core.shell:Creating prefix script '/home/rusty/GITrepo/visualizer/install/local_setup.bash'
[1.696s] INFO:colcon.colcon_core.shell:Creating prefix chain script '/home/rusty/GITrepo/visualizer/install/setup.bash'
[1.701s] INFO:colcon.colcon_core.shell:Creating prefix script '/home/rusty/GITrepo/visualizer/install/local_setup.zsh'
[1.701s] INFO:colcon.colcon_core.shell:Creating prefix chain script '/home/rusty/GITrepo/visualizer/install/setup.zsh'
