-- The C compiler identification is GNU 9.3.0
-- The CXX compiler identification is GNU 9.3.0
-- Check for working C compiler: /usr/bin/cc
-- Check for working C compiler: /usr/bin/cc -- works
-- Detecting C compiler ABI info
-- Detecting C compiler ABI info - done
-- Detecting C compile features
-- Detecting C compile features - done
-- Check for working CXX compiler: /usr/bin/c++
-- Check for working CXX compiler: /usr/bin/c++ -- works
-- Detecting CXX compiler ABI info
-- Detecting CXX compiler ABI info - done
-- Detecting CXX compile features
-- Detecting CXX compile features - done
-- Found ament_cmake: 0.9.7 (/opt/ros/foxy/share/ament_cmake/cmake)
-- Found PythonInterp: /usr/bin/python3 (found suitable version "3.8.5", minimum required is "3") 
-- Using PYTHON_EXECUTABLE: /usr/bin/python3
-- Found rclcpp: 2.2.0 (/opt/ros/foxy/share/rclcpp/cmake)
-- Using all available rosidl_typesupport_c: rosidl_typesupport_fastrtps_c;rosidl_typesupport_introspection_c
-- Found rosidl_adapter: 1.1.0 (/opt/ros/foxy/share/rosidl_adapter/cmake)
-- Found OpenSSL: /usr/lib/x86_64-linux-gnu/libcrypto.so (found version "1.1.1f")  
-- Found FastRTPS: /opt/ros/foxy/include  
-- Using all available rosidl_typesupport_cpp: rosidl_typesupport_fastrtps_cpp;rosidl_typesupport_introspection_cpp
-- Found rmw_implementation_cmake: 1.0.2 (/opt/ros/foxy/share/rmw_implementation_cmake/cmake)
-- Using RMW implementation 'rmw_fastrtps_cpp' as default
-- Looking for pthread.h
-- Looking for pthread.h - found
-- Performing Test CMAKE_HAVE_LIBC_PTHREAD
-- Performing Test CMAKE_HAVE_LIBC_PTHREAD - Failed
-- Looking for pthread_create in pthreads
-- Looking for pthread_create in pthreads - not found
-- Looking for pthread_create in pthread
-- Looking for pthread_create in pthread - found
-- Found Threads: TRUE  
-- Found ament_lint_auto: 0.9.5 (/opt/ros/foxy/share/ament_lint_auto/cmake)
-- Added test 'copyright' to check source files copyright and LICENSE
-- Added test 'cppcheck' to perform static code analysis on C / C++ code
-- Configured cppcheck include dirs: $<BUILD_INTERFACE:/home/rusty/GITrepo/visualizer/include>
-- Configured cppcheck exclude dirs and/or files: 
-- Added test 'cpplint' to check C / C++ code against the Google style
-- Configured cpplint exclude dirs and/or files: 
-- Added test 'lint_cmake' to check CMake code style
-- Added test 'uncrustify' to check C / C++ code style
-- Configured uncrustify additional arguments: 
-- Added test 'xmllint' to check XML markup files
-- Configuring done
-- Generating done
-- Build files have been written to: /home/rusty/GITrepo/visualizer/build/visualizer
[35m[1mScanning dependencies of target listener[0m
[35m[1mScanning dependencies of target visualizer[0m
[35m[1mScanning dependencies of target talker[0m
[ 16%] [32mBuilding CXX object CMakeFiles/visualizer.dir/src/visualizer.cpp.o[0m
[ 33%] [32mBuilding CXX object CMakeFiles/listener.dir/src/subscriber_member_function.cpp.o[0m
[ 50%] [32mBuilding CXX object CMakeFiles/talker.dir/src/publisher_member_function.cpp.o[0m
[ 66%] [32m[1mLinking CXX executable visualizer[0m
[ 66%] Built target visualizer
[ 83%] [32m[1mLinking CXX executable talker[0m
[ 83%] Built target talker
[100%] [32m[1mLinking CXX executable listener[0m
[100%] Built target listener
-- Install configuration: ""
-- Installing: /home/rusty/GITrepo/visualizer/install/visualizer/lib/visualizer/visualizer
-- Installing: /home/rusty/GITrepo/visualizer/install/visualizer/lib/visualizer/talker
-- Set runtime path of "/home/rusty/GITrepo/visualizer/install/visualizer/lib/visualizer/talker" to ""
-- Installing: /home/rusty/GITrepo/visualizer/install/visualizer/lib/visualizer/listener
-- Set runtime path of "/home/rusty/GITrepo/visualizer/install/visualizer/lib/visualizer/listener" to ""
-- Installing: /home/rusty/GITrepo/visualizer/install/visualizer/share/ament_index/resource_index/package_run_dependencies/visualizer
-- Installing: /home/rusty/GITrepo/visualizer/install/visualizer/share/ament_index/resource_index/parent_prefix_path/visualizer
-- Installing: /home/rusty/GITrepo/visualizer/install/visualizer/share/visualizer/environment/ament_prefix_path.sh
-- Installing: /home/rusty/GITrepo/visualizer/install/visualizer/share/visualizer/environment/ament_prefix_path.dsv
-- Installing: /home/rusty/GITrepo/visualizer/install/visualizer/share/visualizer/environment/path.sh
-- Installing: /home/rusty/GITrepo/visualizer/install/visualizer/share/visualizer/environment/path.dsv
-- Installing: /home/rusty/GITrepo/visualizer/install/visualizer/share/visualizer/local_setup.bash
-- Installing: /home/rusty/GITrepo/visualizer/install/visualizer/share/visualizer/local_setup.sh
-- Installing: /home/rusty/GITrepo/visualizer/install/visualizer/share/visualizer/local_setup.zsh
-- Installing: /home/rusty/GITrepo/visualizer/install/visualizer/share/visualizer/local_setup.dsv
-- Installing: /home/rusty/GITrepo/visualizer/install/visualizer/share/visualizer/package.dsv
-- Installing: /home/rusty/GITrepo/visualizer/install/visualizer/share/ament_index/resource_index/packages/visualizer
-- Installing: /home/rusty/GITrepo/visualizer/install/visualizer/share/visualizer/cmake/visualizerConfig.cmake
-- Installing: /home/rusty/GITrepo/visualizer/install/visualizer/share/visualizer/cmake/visualizerConfig-version.cmake
-- Installing: /home/rusty/GITrepo/visualizer/install/visualizer/share/visualizer/package.xml
