[0.258s] DEBUG:colcon:Command line arguments: ['/usr/bin/colcon', 'build']
[0.258s] DEBUG:colcon:Parsed command line arguments: Namespace(ament_cmake_args=None, base_paths=['.'], build_base='build', catkin_cmake_args=None, catkin_skip_building_tests=False, cmake_args=None, cmake_clean_cache=False, cmake_clean_first=False, cmake_force_configure=False, cmake_target=None, cmake_target_skip_unavailable=False, continue_on_error=False, event_handlers=None, executor='parallel', ignore_user_meta=False, install_base='install', log_base=None, log_level=None, main=<bound method BuildVerb.main of <colcon_core.verb.build.BuildVerb object at 0x7fac767561f0>>, merge_install=False, metas=['./colcon.meta'], packages_above=None, packages_above_and_dependencies=None, packages_above_depth=None, packages_end=None, packages_ignore=None, packages_ignore_regex=None, packages_select=None, packages_select_build_failed=False, packages_select_by_dep=None, packages_select_regex=None, packages_select_test_failures=False, packages_skip=None, packages_skip_build_finished=False, packages_skip_by_dep=None, packages_skip_regex=None, packages_skip_test_passed=False, packages_skip_up_to=None, packages_start=None, packages_up_to=None, packages_up_to_regex=None, parallel_workers=8, paths=None, symlink_install=False, test_result_base=None, verb_extension=<colcon_core.verb.build.BuildVerb object at 0x7fac767561f0>, verb_name='build', verb_parser=<colcon_defaults.argument_parser.defaults.DefaultArgumentsDecorator object at 0x7fac76756730>)
[0.267s] Level 1:colcon.colcon_core.package_discovery:discover_packages(colcon_meta) check parameters
[0.267s] Level 1:colcon.colcon_core.package_discovery:discover_packages(recursive) check parameters
[0.267s] Level 1:colcon.colcon_core.package_discovery:discover_packages(ignore) check parameters
[0.268s] Level 1:colcon.colcon_core.package_discovery:discover_packages(path) check parameters
[0.268s] Level 1:colcon.colcon_core.package_discovery:discover_packages(colcon_meta) discover
[0.268s] Level 1:colcon.colcon_core.package_discovery:discover_packages(recursive) discover
[0.268s] INFO:colcon.colcon_core.package_discovery:Crawling recursively for packages in '/home/rusty/GITrepo/visualizer'
[0.268s] Level 1:colcon.colcon_core.package_identification:_identify(.) by extensions ['ignore', 'ignore_ament_install']
[0.268s] Level 1:colcon.colcon_core.package_identification:_identify(.) by extension 'ignore'
[0.268s] Level 1:colcon.colcon_core.package_identification:_identify(.) by extension 'ignore_ament_install'
[0.268s] Level 1:colcon.colcon_core.package_identification:_identify(.) by extensions ['colcon_pkg']
[0.269s] Level 1:colcon.colcon_core.package_identification:_identify(.) by extension 'colcon_pkg'
[0.269s] Level 1:colcon.colcon_core.package_identification:_identify(.) by extensions ['colcon_meta']
[0.269s] Level 1:colcon.colcon_core.package_identification:_identify(.) by extension 'colcon_meta'
[0.269s] Level 1:colcon.colcon_core.package_identification:_identify(.) by extensions ['ros']
[0.269s] Level 1:colcon.colcon_core.package_identification:_identify(.) by extension 'ros'
[0.291s] DEBUG:colcon.colcon_core.package_identification:Package '.' with type 'ros.ament_cmake' and name 'visualizer'
[0.291s] Level 1:colcon.colcon_core.package_discovery:discover_packages(recursive) using defaults
[0.291s] Level 1:colcon.colcon_core.package_discovery:discover_packages(ignore) discover
[0.292s] Level 1:colcon.colcon_core.package_discovery:discover_packages(ignore) using defaults
[0.292s] Level 1:colcon.colcon_core.package_discovery:discover_packages(path) discover
[0.292s] Level 1:colcon.colcon_core.package_discovery:discover_packages(path) using defaults
[0.321s] Level 5:colcon.colcon_core.verb:set package 'visualizer' build argument 'cmake_args' from command line to 'None'
[0.321s] Level 5:colcon.colcon_core.verb:set package 'visualizer' build argument 'cmake_target' from command line to 'None'
[0.321s] Level 5:colcon.colcon_core.verb:set package 'visualizer' build argument 'cmake_target_skip_unavailable' from command line to 'False'
[0.322s] Level 5:colcon.colcon_core.verb:set package 'visualizer' build argument 'cmake_clean_cache' from command line to 'False'
[0.322s] Level 5:colcon.colcon_core.verb:set package 'visualizer' build argument 'cmake_clean_first' from command line to 'False'
[0.322s] Level 5:colcon.colcon_core.verb:set package 'visualizer' build argument 'cmake_force_configure' from command line to 'False'
[0.322s] Level 5:colcon.colcon_core.verb:set package 'visualizer' build argument 'ament_cmake_args' from command line to 'None'
[0.322s] Level 5:colcon.colcon_core.verb:set package 'visualizer' build argument 'catkin_cmake_args' from command line to 'None'
[0.322s] Level 5:colcon.colcon_core.verb:set package 'visualizer' build argument 'catkin_skip_building_tests' from command line to 'False'
[0.322s] DEBUG:colcon.colcon_core.verb:Building package 'visualizer' with the following arguments: {'ament_cmake_args': None, 'build_base': '/home/rusty/GITrepo/visualizer/build/visualizer', 'catkin_cmake_args': None, 'catkin_skip_building_tests': False, 'cmake_args': None, 'cmake_clean_cache': False, 'cmake_clean_first': False, 'cmake_force_configure': False, 'cmake_target': None, 'cmake_target_skip_unavailable': False, 'install_base': '/home/rusty/GITrepo/visualizer/install/visualizer', 'merge_install': False, 'path': '/home/rusty/GITrepo/visualizer', 'symlink_install': False, 'test_result_base': None}
[0.322s] INFO:colcon.colcon_core.executor:Executing jobs using 'parallel' executor
[0.326s] DEBUG:colcon.colcon_parallel_executor.executor.parallel:run_until_complete
[0.326s] INFO:colcon.colcon_ros.task.ament_cmake.build:Building ROS package in '/home/rusty/GITrepo/visualizer' with build type 'ament_cmake'
[0.326s] INFO:colcon.colcon_cmake.task.cmake.build:Building CMake package in '/home/rusty/GITrepo/visualizer'
[0.331s] INFO:colcon.colcon_core.plugin_system:Skipping extension 'colcon_core.shell.bat': Not used on non-Windows systems
[0.332s] INFO:colcon.colcon_core.shell:Skip shell extension 'powershell' for command environment: Not usable outside of PowerShell
[0.332s] DEBUG:colcon.colcon_core.shell:Skip shell extension 'dsv' for command environment
[0.339s] DEBUG:colcon.colcon_core.shell:Ignoring prefix path '/opt/ros/foxy'
[0.358s] DEBUG:colcon.colcon_core.event_handler.log_command:Invoking command in '/home/rusty/GITrepo/visualizer/build/visualizer': CMAKE_PREFIX_PATH=${CMAKE_PREFIX_PATH}:/home/rusty/turtlbot3_ws/install/turtlebot3_teleop:/home/rusty/turtlbot3_ws/install/turtlebot3_example:/opt/ros/foxy /usr/bin/cmake --build /home/rusty/GITrepo/visualizer/build/visualizer -- -j8 -l8
[14.177s] DEBUG:colcon.colcon_core.event_handler.log_command:Invoked command in '/home/rusty/GITrepo/visualizer/build/visualizer' returned '0': CMAKE_PREFIX_PATH=${CMAKE_PREFIX_PATH}:/home/rusty/turtlbot3_ws/install/turtlebot3_teleop:/home/rusty/turtlbot3_ws/install/turtlebot3_example:/opt/ros/foxy /usr/bin/cmake --build /home/rusty/GITrepo/visualizer/build/visualizer -- -j8 -l8
[14.243s] DEBUG:colcon.colcon_core.event_handler.log_command:Invoking command in '/home/rusty/GITrepo/visualizer/build/visualizer': CMAKE_PREFIX_PATH=${CMAKE_PREFIX_PATH}:/home/rusty/turtlbot3_ws/install/turtlebot3_teleop:/home/rusty/turtlbot3_ws/install/turtlebot3_example:/opt/ros/foxy /usr/bin/cmake --install /home/rusty/GITrepo/visualizer/build/visualizer
[14.268s] Level 1:colcon.colcon_core.environment:create_environment_scripts_only(visualizer)
[14.270s] DEBUG:colcon.colcon_core.event_handler.log_command:Invoked command in '/home/rusty/GITrepo/visualizer/build/visualizer' returned '0': CMAKE_PREFIX_PATH=${CMAKE_PREFIX_PATH}:/home/rusty/turtlbot3_ws/install/turtlebot3_teleop:/home/rusty/turtlbot3_ws/install/turtlebot3_example:/opt/ros/foxy /usr/bin/cmake --install /home/rusty/GITrepo/visualizer/build/visualizer
[14.275s] Level 1:colcon.colcon_core.environment:checking '/home/rusty/GITrepo/visualizer/install/visualizer' for CMake module files
[14.276s] Level 1:colcon.colcon_core.environment:checking '/home/rusty/GITrepo/visualizer/install/visualizer' for CMake config files
[14.276s] Level 1:colcon.colcon_core.shell:create_environment_hook('visualizer', 'cmake_prefix_path')
[14.277s] INFO:colcon.colcon_core.shell:Creating environment hook '/home/rusty/GITrepo/visualizer/install/visualizer/share/visualizer/hook/cmake_prefix_path.ps1'
[14.278s] INFO:colcon.colcon_core.shell:Creating environment descriptor '/home/rusty/GITrepo/visualizer/install/visualizer/share/visualizer/hook/cmake_prefix_path.dsv'
[14.279s] INFO:colcon.colcon_core.shell:Creating environment hook '/home/rusty/GITrepo/visualizer/install/visualizer/share/visualizer/hook/cmake_prefix_path.sh'
[14.281s] Level 1:colcon.colcon_core.environment:checking '/home/rusty/GITrepo/visualizer/install/visualizer/lib'
[14.281s] Level 1:colcon.colcon_core.environment:checking '/home/rusty/GITrepo/visualizer/install/visualizer/bin'
[14.281s] Level 1:colcon.colcon_core.environment:checking '/home/rusty/GITrepo/visualizer/install/visualizer/lib/pkgconfig/visualizer.pc'
[14.281s] Level 1:colcon.colcon_core.environment:checking '/home/rusty/GITrepo/visualizer/install/visualizer/lib/python3.8/site-packages'
[14.282s] INFO:colcon.colcon_core.shell:Creating package script '/home/rusty/GITrepo/visualizer/install/visualizer/share/visualizer/package.ps1'
[14.284s] INFO:colcon.colcon_core.shell:Creating package descriptor '/home/rusty/GITrepo/visualizer/install/visualizer/share/visualizer/package.dsv'
[14.285s] INFO:colcon.colcon_core.shell:Creating package script '/home/rusty/GITrepo/visualizer/install/visualizer/share/visualizer/package.sh'
[14.286s] INFO:colcon.colcon_core.shell:Creating package script '/home/rusty/GITrepo/visualizer/install/visualizer/share/visualizer/package.bash'
[14.287s] INFO:colcon.colcon_core.shell:Creating package script '/home/rusty/GITrepo/visualizer/install/visualizer/share/visualizer/package.zsh'
[14.288s] Level 1:colcon.colcon_core.environment:create_file_with_runtime_dependencies(/home/rusty/GITrepo/visualizer/install/visualizer/share/colcon-core/packages/visualizer)
[14.335s] Level 1:colcon.colcon_core.environment:create_environment_scripts_only(visualizer)
[14.336s] Level 1:colcon.colcon_core.environment:checking '/home/rusty/GITrepo/visualizer/install/visualizer' for CMake module files
[14.337s] Level 1:colcon.colcon_core.environment:checking '/home/rusty/GITrepo/visualizer/install/visualizer' for CMake config files
[14.338s] Level 1:colcon.colcon_core.shell:create_environment_hook('visualizer', 'cmake_prefix_path')
[14.339s] INFO:colcon.colcon_core.shell:Creating environment hook '/home/rusty/GITrepo/visualizer/install/visualizer/share/visualizer/hook/cmake_prefix_path.ps1'
[14.340s] INFO:colcon.colcon_core.shell:Creating environment descriptor '/home/rusty/GITrepo/visualizer/install/visualizer/share/visualizer/hook/cmake_prefix_path.dsv'
[14.340s] INFO:colcon.colcon_core.shell:Creating environment hook '/home/rusty/GITrepo/visualizer/install/visualizer/share/visualizer/hook/cmake_prefix_path.sh'
[14.341s] Level 1:colcon.colcon_core.environment:checking '/home/rusty/GITrepo/visualizer/install/visualizer/lib'
[14.341s] Level 1:colcon.colcon_core.environment:checking '/home/rusty/GITrepo/visualizer/install/visualizer/bin'
[14.341s] Level 1:colcon.colcon_core.environment:checking '/home/rusty/GITrepo/visualizer/install/visualizer/lib/pkgconfig/visualizer.pc'
[14.342s] Level 1:colcon.colcon_core.environment:checking '/home/rusty/GITrepo/visualizer/install/visualizer/lib/python3.8/site-packages'
[14.342s] INFO:colcon.colcon_core.shell:Creating package script '/home/rusty/GITrepo/visualizer/install/visualizer/share/visualizer/package.ps1'
[14.343s] INFO:colcon.colcon_core.shell:Creating package descriptor '/home/rusty/GITrepo/visualizer/install/visualizer/share/visualizer/package.dsv'
[14.344s] INFO:colcon.colcon_core.shell:Creating package script '/home/rusty/GITrepo/visualizer/install/visualizer/share/visualizer/package.sh'
[14.345s] INFO:colcon.colcon_core.shell:Creating package script '/home/rusty/GITrepo/visualizer/install/visualizer/share/visualizer/package.bash'
[14.346s] INFO:colcon.colcon_core.shell:Creating package script '/home/rusty/GITrepo/visualizer/install/visualizer/share/visualizer/package.zsh'
[14.347s] Level 1:colcon.colcon_core.environment:create_file_with_runtime_dependencies(/home/rusty/GITrepo/visualizer/install/visualizer/share/colcon-core/packages/visualizer)
[14.348s] DEBUG:colcon.colcon_parallel_executor.executor.parallel:closing loop
[14.349s] DEBUG:colcon.colcon_parallel_executor.executor.parallel:loop closed
[14.349s] DEBUG:colcon.colcon_parallel_executor.executor.parallel:run_until_complete finished with '0'
[14.349s] DEBUG:colcon.colcon_core.event_reactor:joining thread
[14.361s] INFO:colcon.colcon_core.plugin_system:Skipping extension 'colcon_notification.desktop_notification.terminal_notifier': Not used on non-Darwin systems
[14.362s] INFO:colcon.colcon_core.plugin_system:Skipping extension 'colcon_notification.desktop_notification.win32': Not used on non-Windows systems
[14.362s] INFO:colcon.colcon_notification.desktop_notification:Sending desktop notification using 'notify2'
[14.388s] DEBUG:colcon.colcon_core.event_reactor:joined thread
[14.389s] INFO:colcon.colcon_core.shell:Creating prefix script '/home/rusty/GITrepo/visualizer/install/local_setup.ps1'
[14.391s] INFO:colcon.colcon_core.shell:Creating prefix util module '/home/rusty/GITrepo/visualizer/install/_local_setup_util_ps1.py'
[14.392s] INFO:colcon.colcon_core.shell:Creating prefix chain script '/home/rusty/GITrepo/visualizer/install/setup.ps1'
[14.398s] INFO:colcon.colcon_core.shell:Creating prefix script '/home/rusty/GITrepo/visualizer/install/local_setup.sh'
[14.399s] INFO:colcon.colcon_core.shell:Creating prefix util module '/home/rusty/GITrepo/visualizer/install/_local_setup_util_sh.py'
[14.400s] INFO:colcon.colcon_core.shell:Creating prefix chain script '/home/rusty/GITrepo/visualizer/install/setup.sh'
[14.405s] INFO:colcon.colcon_core.shell:Creating prefix script '/home/rusty/GITrepo/visualizer/install/local_setup.bash'
[14.406s] INFO:colcon.colcon_core.shell:Creating prefix chain script '/home/rusty/GITrepo/visualizer/install/setup.bash'
[14.411s] INFO:colcon.colcon_core.shell:Creating prefix script '/home/rusty/GITrepo/visualizer/install/local_setup.zsh'
[14.411s] INFO:colcon.colcon_core.shell:Creating prefix chain script '/home/rusty/GITrepo/visualizer/install/setup.zsh'
